{"/home/alex/github/node-validator/src/check.coffee":{"path":"/home/alex/github/node-validator/src/check.coffee","s":{"1":1,"2":1,"3":1,"4":1,"5":1,"6":1,"7":3,"8":3,"9":3,"10":3,"11":3,"12":3,"13":3,"14":3,"15":3,"16":1,"17":1,"18":1,"19":1,"20":1,"21":1,"22":0,"23":0,"24":0,"25":1,"26":1,"27":1,"28":1,"29":1,"30":0,"31":0,"32":0,"33":0,"34":0,"35":1,"36":1,"37":1,"38":1,"39":1,"40":1,"41":1,"42":1,"43":1,"44":1,"45":0,"46":0,"47":0,"48":0,"49":0,"50":0,"51":0,"52":0,"53":0,"54":0,"55":0,"56":0,"57":0,"58":0,"59":0,"60":0,"61":0,"62":0,"63":0,"64":0,"65":0,"66":0,"67":0,"68":0,"69":0,"70":1,"71":4,"72":0,"73":4,"74":4,"75":4,"76":4,"77":4,"78":1,"79":3,"80":0,"81":3,"82":1,"83":1,"84":0,"85":1,"86":1,"87":1,"88":0,"89":0,"90":0,"91":0,"92":0,"93":0,"94":0,"95":0,"96":0,"97":0,"98":1,"99":1,"100":3,"101":3,"102":3,"103":5,"104":3,"105":0,"106":3,"107":3,"108":3,"109":0,"110":3,"111":3,"112":0,"113":3,"114":3,"115":3,"116":3,"117":3,"118":3,"119":3,"120":0,"121":0,"122":0,"123":0,"124":0,"125":0,"126":0,"127":0,"128":0,"129":0,"130":3,"131":1,"132":0,"133":0,"134":0,"135":0,"136":0,"137":0,"138":0,"139":0,"140":0,"141":0,"142":0,"143":0,"144":0,"145":1,"146":1,"147":1,"148":0,"149":0,"150":0,"151":0,"152":0,"153":0,"154":0,"155":0,"156":3,"157":3,"158":0,"159":0,"160":0,"161":0,"162":0,"163":0,"164":1},"b":{"1":[0,1],"2":[0,1],"3":[1,0],"4":[0,0],"5":[0,0],"6":[0,0],"7":[0,0],"8":[0,0],"9":[0,4],"10":[4,0],"11":[0,3],"12":[0,1],"13":[0,1],"14":[3,0],"15":[0,3],"16":[0,3],"17":[3,0],"18":[0,3],"19":[0,0],"20":[1,0],"21":[0,0],"22":[0,0],"23":[3,0],"24":[0,0],"25":[0,0]},"f":{"1":1,"2":3,"3":1,"4":1,"5":0,"6":4,"7":3,"8":1,"9":3,"10":5,"11":3,"12":3,"13":0,"14":1,"15":3},"fnMap":{"1":{"name":"Work","line":35,"loc":{"start":{"line":35,"column":6},"end":{"line":35,"column":9}}},"2":{"name":"constructor","line":39,"loc":{"start":{"line":39,"column":2},"end":{"line":39,"column":24}}},"3":{"name":"report","line":52,"loc":{"start":{"line":52,"column":2},"end":{"line":52,"column":21}}},"4":{"name":"(anonymous_1)","line":64,"loc":{"start":{"line":64,"column":27},"end":{"line":64,"column":40}}},"5":{"name":"goInto","line":79,"loc":{"start":{"line":79,"column":2},"end":{"line":79,"column":37}}},"6":{"name":"getTypeLib","line":113,"loc":{"start":{"line":113,"column":0},"end":{"line":113,"column":21}}},"7":{"name":"isEmpty","line":122,"loc":{"start":{"line":122,"column":0},"end":{"line":122,"column":19}}},"8":{"name":"exports","line":138,"loc":{"start":{"line":138,"column":0},"end":{"line":138,"column":31}}},"9":{"name":"exports","line":153,"loc":{"start":{"line":153,"column":0},"end":{"line":153,"column":26}}},"10":{"name":"(anonymous_2)","line":156,"loc":{"start":{"line":156,"column":24},"end":{"line":156,"column":36}}},"11":{"name":"(anonymous_3)","line":162,"loc":{"start":{"line":162,"column":4},"end":{"line":162,"column":19}}},"12":{"name":"(anonymous_4)","line":169,"loc":{"start":{"line":169,"column":6},"end":{"line":169,"column":20}}},"13":{"name":"exports","line":192,"loc":{"start":{"line":192,"column":0},"end":{"line":192,"column":34}}},"14":{"name":"describe","line":209,"loc":{"start":{"line":209,"column":2},"end":{"line":209,"column":20}}},"15":{"name":"run","line":221,"loc":{"start":{"line":221,"column":2},"end":{"line":221,"column":15}}}},"statementMap":{"1":{"start":{"line":6,"column":0},"end":{"line":6,"column":42}},"2":{"start":{"line":7,"column":0},"end":{"line":7,"column":27}},"3":{"start":{"line":8,"column":0},"end":{"line":8,"column":22}},"4":{"start":{"line":9,"column":0},"end":{"line":9,"column":29}},"5":{"start":{"line":11,"column":0},"end":{"line":11,"column":32}},"6":{"start":{"line":35,"column":0},"end":{"line":112,"column":36}},"7":{"start":{"line":40,"column":4},"end":{"line":40,"column":19}},"8":{"start":{"line":41,"column":4},"end":{"line":41,"column":14}},"9":{"start":{"line":42,"column":4},"end":{"line":42,"column":23}},"10":{"start":{"line":43,"column":4},"end":{"line":43,"column":15}},"11":{"start":{"line":44,"column":4},"end":{"line":44,"column":23}},"12":{"start":{"line":45,"column":4},"end":{"line":45,"column":66}},"13":{"start":{"line":45,"column":26},"end":{"line":45,"column":65}},"14":{"start":{"line":45,"column":27},"end":{"line":45,"column":46}},"15":{"start":{"line":45,"column":51},"end":{"line":45,"column":64}},"16":{"start":{"line":54,"column":4},"end":{"line":54,"column":76}},"17":{"start":{"line":54,"column":16},"end":{"line":54,"column":75}},"18":{"start":{"line":54,"column":17},"end":{"line":54,"column":19}},"19":{"start":{"line":54,"column":35},"end":{"line":54,"column":54}},"20":{"start":{"line":54,"column":60},"end":{"line":54,"column":74}},"21":{"start":{"line":55,"column":4},"end":{"line":55,"column":47}},"22":{"start":{"line":55,"column":4},"end":{"line":55,"column":32}},"23":{"start":{"line":55,"column":15},"end":{"line":55,"column":32}},"24":{"start":{"line":55,"column":20},"end":{"line":55,"column":23}},"25":{"start":{"line":56,"column":4},"end":{"line":56,"column":59}},"26":{"start":{"line":56,"column":15},"end":{"line":56,"column":59}},"27":{"start":{"line":56,"column":41},"end":{"line":56,"column":54}},"28":{"start":{"line":58,"column":4},"end":{"line":58,"column":14}},"29":{"start":{"line":59,"column":4},"end":{"line":64,"column":3}},"30":{"start":{"line":60,"column":6},"end":{"line":60,"column":69}},"31":{"start":{"line":61,"column":6},"end":{"line":61,"column":37}},"32":{"start":{"line":62,"column":6},"end":{"line":62,"column":45}},"33":{"start":{"line":62,"column":15},"end":{"line":62,"column":45}},"34":{"start":{"line":62,"column":36},"end":{"line":62,"column":39}},"35":{"start":{"line":64,"column":4},"end":{"line":79,"column":1}},"36":{"start":{"line":65,"column":6},"end":{"line":65,"column":19}},"37":{"start":{"line":66,"column":6},"end":{"line":66,"column":54}},"38":{"start":{"line":66,"column":35},"end":{"line":66,"column":53}},"39":{"start":{"line":66,"column":46},"end":{"line":66,"column":52}},"40":{"start":{"line":68,"column":6},"end":{"line":68,"column":28}},"41":{"start":{"line":69,"column":6},"end":{"line":69,"column":39}},"42":{"start":{"line":69,"column":6},"end":{"line":69,"column":29}},"43":{"start":{"line":70,"column":6},"end":{"line":70,"column":31}},"44":{"start":{"line":72,"column":6},"end":{"line":72,"column":11}},"45":{"start":{"line":81,"column":4},"end":{"line":81,"column":23}},"46":{"start":{"line":82,"column":4},"end":{"line":90,"column":26}},"47":{"start":{"line":84,"column":6},"end":{"line":84,"column":26}},"48":{"start":{"line":85,"column":6},"end":{"line":85,"column":33}},"49":{"start":{"line":86,"column":6},"end":{"line":86,"column":56}},"50":{"start":{"line":86,"column":37},"end":{"line":86,"column":40}},"51":{"start":{"line":86,"column":53},"end":{"line":86,"column":56}},"52":{"start":{"line":87,"column":6},"end":{"line":87,"column":77}},"53":{"start":{"line":87,"column":31},"end":{"line":87,"column":76}},"54":{"start":{"line":87,"column":32},"end":{"line":87,"column":54}},"55":{"start":{"line":87,"column":59},"end":{"line":87,"column":75}},"56":{"start":{"line":90,"column":6},"end":{"line":90,"column":26}},"57":{"start":{"line":91,"column":6},"end":{"line":91,"column":19}},"58":{"start":{"line":92,"column":6},"end":{"line":92,"column":23}},"59":{"start":{"line":93,"column":4},"end":{"line":100,"column":28}},"60":{"start":{"line":95,"column":6},"end":{"line":95,"column":22}},"61":{"start":{"line":96,"column":6},"end":{"line":96,"column":32}},"62":{"start":{"line":97,"column":6},"end":{"line":97,"column":61}},"63":{"start":{"line":97,"column":38},"end":{"line":97,"column":43}},"64":{"start":{"line":97,"column":53},"end":{"line":97,"column":61}},"65":{"start":{"line":100,"column":6},"end":{"line":100,"column":28}},"66":{"start":{"line":101,"column":6},"end":{"line":101,"column":34}},"67":{"start":{"line":103,"column":4},"end":{"line":103,"column":50}},"68":{"start":{"line":103,"column":4},"end":{"line":103,"column":13}},"69":{"start":{"line":105,"column":4},"end":{"line":105,"column":27}},"70":{"start":{"line":113,"column":0},"end":{"line":121,"column":21}},"71":{"start":{"line":115,"column":2},"end":{"line":117,"column":1}},"72":{"start":{"line":116,"column":4},"end":{"line":116,"column":42}},"73":{"start":{"line":117,"column":2},"end":{"line":117,"column":48}},"74":{"start":{"line":117,"column":2},"end":{"line":117,"column":17}},"75":{"start":{"line":119,"column":2},"end":{"line":119,"column":25}},"76":{"start":{"line":119,"column":10},"end":{"line":119,"column":24}},"77":{"start":{"line":119,"column":20},"end":{"line":119,"column":23}},"78":{"start":{"line":122,"column":0},"end":{"line":137,"column":72}},"79":{"start":{"line":123,"column":2},"end":{"line":123,"column":26}},"80":{"start":{"line":123,"column":2},"end":{"line":123,"column":12}},"81":{"start":{"line":131,"column":2},"end":{"line":131,"column":6}},"82":{"start":{"line":138,"column":0},"end":{"line":152,"column":72}},"83":{"start":{"line":139,"column":2},"end":{"line":139,"column":49}},"84":{"start":{"line":139,"column":2},"end":{"line":139,"column":21}},"85":{"start":{"line":141,"column":2},"end":{"line":149,"column":1}},"86":{"start":{"line":142,"column":4},"end":{"line":142,"column":28}},"87":{"start":{"line":143,"column":4},"end":{"line":145,"column":1}},"88":{"start":{"line":144,"column":6},"end":{"line":144,"column":71}},"89":{"start":{"line":144,"column":22},"end":{"line":144,"column":71}},"90":{"start":{"line":144,"column":31},"end":{"line":144,"column":34}},"91":{"start":{"line":146,"column":4},"end":{"line":146,"column":79}},"92":{"start":{"line":146,"column":20},"end":{"line":146,"column":78}},"93":{"start":{"line":146,"column":39},"end":{"line":146,"column":42}},"94":{"start":{"line":146,"column":73},"end":{"line":146,"column":77}},"95":{"start":{"line":147,"column":4},"end":{"line":147,"column":62}},"96":{"start":{"line":147,"column":24},"end":{"line":147,"column":62}},"97":{"start":{"line":147,"column":33},"end":{"line":147,"column":36}},"98":{"start":{"line":149,"column":2},"end":{"line":149,"column":22}},"99":{"start":{"line":153,"column":0},"end":{"line":191,"column":72}},"100":{"start":{"line":154,"column":2},"end":{"line":154,"column":49}},"101":{"start":{"line":154,"column":2},"end":{"line":154,"column":21}},"102":{"start":{"line":156,"column":2},"end":{"line":191,"column":72}},"103":{"start":{"line":157,"column":4},"end":{"line":161,"column":7}},"104":{"start":{"line":163,"column":4},"end":{"line":163,"column":36}},"105":{"start":{"line":163,"column":4},"end":{"line":163,"column":29}},"106":{"start":{"line":164,"column":4},"end":{"line":164,"column":20}},"107":{"start":{"line":166,"column":4},"end":{"line":191,"column":72}},"108":{"start":{"line":170,"column":6},"end":{"line":170,"column":38}},"109":{"start":{"line":170,"column":6},"end":{"line":170,"column":31}},"110":{"start":{"line":172,"column":6},"end":{"line":172,"column":26}},"111":{"start":{"line":173,"column":6},"end":{"line":175,"column":5}},"112":{"start":{"line":174,"column":8},"end":{"line":174,"column":20}},"113":{"start":{"line":175,"column":6},"end":{"line":175,"column":24}},"114":{"start":{"line":175,"column":6},"end":{"line":175,"column":16}},"115":{"start":{"line":177,"column":6},"end":{"line":177,"column":44}},"116":{"start":{"line":178,"column":6},"end":{"line":178,"column":23}},"117":{"start":{"line":180,"column":6},"end":{"line":188,"column":5}},"118":{"start":{"line":181,"column":8},"end":{"line":181,"column":32}},"119":{"start":{"line":182,"column":8},"end":{"line":184,"column":5}},"120":{"start":{"line":183,"column":10},"end":{"line":183,"column":74}},"121":{"start":{"line":183,"column":30},"end":{"line":183,"column":74}},"122":{"start":{"line":183,"column":39},"end":{"line":183,"column":42}},"123":{"start":{"line":185,"column":8},"end":{"line":185,"column":81}},"124":{"start":{"line":185,"column":24},"end":{"line":185,"column":80}},"125":{"start":{"line":185,"column":43},"end":{"line":185,"column":46}},"126":{"start":{"line":185,"column":77},"end":{"line":185,"column":79}},"127":{"start":{"line":186,"column":8},"end":{"line":186,"column":66}},"128":{"start":{"line":186,"column":28},"end":{"line":186,"column":66}},"129":{"start":{"line":186,"column":37},"end":{"line":186,"column":40}},"130":{"start":{"line":188,"column":6},"end":{"line":188,"column":21}},"131":{"start":{"line":192,"column":0},"end":{"line":207,"column":33}},"132":{"start":{"line":193,"column":2},"end":{"line":193,"column":44}},"133":{"start":{"line":193,"column":8},"end":{"line":193,"column":43}},"134":{"start":{"line":193,"column":24},"end":{"line":193,"column":42}},"135":{"start":{"line":195,"column":2},"end":{"line":202,"column":1}},"136":{"start":{"line":196,"column":4},"end":{"line":196,"column":26}},"137":{"start":{"line":197,"column":4},"end":{"line":199,"column":1}},"138":{"start":{"line":198,"column":6},"end":{"line":198,"column":74}},"139":{"start":{"line":198,"column":26},"end":{"line":198,"column":74}},"140":{"start":{"line":198,"column":35},"end":{"line":198,"column":40}},"141":{"start":{"line":200,"column":4},"end":{"line":200,"column":60}},"142":{"start":{"line":200,"column":24},"end":{"line":200,"column":60}},"143":{"start":{"line":200,"column":33},"end":{"line":200,"column":38}},"144":{"start":{"line":202,"column":2},"end":{"line":202,"column":25}},"145":{"start":{"line":208,"column":0},"end":{"line":230,"column":39}},"146":{"start":{"line":210,"column":4},"end":{"line":212,"column":3}},"147":{"start":{"line":211,"column":6},"end":{"line":211,"column":14}},"148":{"start":{"line":212,"column":4},"end":{"line":220,"column":28}},"149":{"start":{"line":213,"column":6},"end":{"line":217,"column":5}},"150":{"start":{"line":214,"column":8},"end":{"line":214,"column":19}},"151":{"start":{"line":216,"column":8},"end":{"line":216,"column":36}},"152":{"start":{"line":217,"column":6},"end":{"line":218,"column":24}},"153":{"start":{"line":217,"column":13},"end":{"line":218,"column":24}},"154":{"start":{"line":217,"column":49},"end":{"line":217,"column":53}},"155":{"start":{"line":220,"column":6},"end":{"line":220,"column":28}},"156":{"start":{"line":223,"column":4},"end":{"line":223,"column":41}},"157":{"start":{"line":223,"column":4},"end":{"line":223,"column":15}},"158":{"start":{"line":224,"column":4},"end":{"line":227,"column":3}},"159":{"start":{"line":225,"column":6},"end":{"line":225,"column":34}},"160":{"start":{"line":226,"column":6},"end":{"line":226,"column":17}},"161":{"start":{"line":227,"column":4},"end":{"line":227,"column":35}},"162":{"start":{"line":227,"column":4},"end":{"line":227,"column":14}},"163":{"start":{"line":228,"column":4},"end":{"line":228,"column":38}},"164":{"start":{"line":231,"column":0},"end":{"line":245,"column":18}}},"branchMap":{"1":{"line":55,"type":"if","locations":[{"start":{"line":55,"column":4},"end":{"line":55,"column":4}},{"start":{"line":55,"column":4},"end":{"line":55,"column":4}}]},"2":{"line":59,"type":"if","locations":[{"start":{"line":59,"column":4},"end":{"line":59,"column":4}},{"start":{"line":59,"column":4},"end":{"line":59,"column":4}}]},"3":{"line":69,"type":"if","locations":[{"start":{"line":69,"column":6},"end":{"line":69,"column":6}},{"start":{"line":69,"column":6},"end":{"line":69,"column":6}}]},"4":{"line":82,"type":"if","locations":[{"start":{"line":82,"column":4},"end":{"line":82,"column":4}},{"start":{"line":82,"column":4},"end":{"line":82,"column":4}}]},"5":{"line":86,"type":"if","locations":[{"start":{"line":86,"column":16},"end":{"line":86,"column":16}},{"start":{"line":86,"column":16},"end":{"line":86,"column":16}}]},"6":{"line":93,"type":"if","locations":[{"start":{"line":93,"column":4},"end":{"line":93,"column":4}},{"start":{"line":93,"column":4},"end":{"line":93,"column":4}}]},"7":{"line":97,"type":"if","locations":[{"start":{"line":97,"column":18},"end":{"line":97,"column":18}},{"start":{"line":97,"column":18},"end":{"line":97,"column":18}}]},"8":{"line":103,"type":"if","locations":[{"start":{"line":103,"column":4},"end":{"line":103,"column":4}},{"start":{"line":103,"column":4},"end":{"line":103,"column":4}}]},"9":{"line":115,"type":"if","locations":[{"start":{"line":115,"column":2},"end":{"line":115,"column":2}},{"start":{"line":115,"column":2},"end":{"line":115,"column":2}}]},"10":{"line":117,"type":"if","locations":[{"start":{"line":117,"column":2},"end":{"line":117,"column":2}},{"start":{"line":117,"column":2},"end":{"line":117,"column":2}}]},"11":{"line":123,"type":"if","locations":[{"start":{"line":123,"column":2},"end":{"line":123,"column":2}},{"start":{"line":123,"column":2},"end":{"line":123,"column":2}}]},"12":{"line":139,"type":"if","locations":[{"start":{"line":139,"column":2},"end":{"line":139,"column":2}},{"start":{"line":139,"column":2},"end":{"line":139,"column":2}}]},"13":{"line":143,"type":"if","locations":[{"start":{"line":143,"column":4},"end":{"line":143,"column":4}},{"start":{"line":143,"column":4},"end":{"line":143,"column":4}}]},"14":{"line":154,"type":"if","locations":[{"start":{"line":154,"column":2},"end":{"line":154,"column":2}},{"start":{"line":154,"column":2},"end":{"line":154,"column":2}}]},"15":{"line":163,"type":"if","locations":[{"start":{"line":163,"column":4},"end":{"line":163,"column":4}},{"start":{"line":163,"column":4},"end":{"line":163,"column":4}}]},"16":{"line":170,"type":"if","locations":[{"start":{"line":170,"column":6},"end":{"line":170,"column":6}},{"start":{"line":170,"column":6},"end":{"line":170,"column":6}}]},"17":{"line":175,"type":"if","locations":[{"start":{"line":175,"column":6},"end":{"line":175,"column":6}},{"start":{"line":175,"column":6},"end":{"line":175,"column":6}}]},"18":{"line":182,"type":"if","locations":[{"start":{"line":182,"column":8},"end":{"line":182,"column":8}},{"start":{"line":182,"column":8},"end":{"line":182,"column":8}}]},"19":{"line":197,"type":"if","locations":[{"start":{"line":197,"column":4},"end":{"line":197,"column":4}},{"start":{"line":197,"column":4},"end":{"line":197,"column":4}}]},"20":{"line":210,"type":"if","locations":[{"start":{"line":210,"column":4},"end":{"line":210,"column":4}},{"start":{"line":210,"column":4},"end":{"line":210,"column":4}}]},"21":{"line":212,"type":"if","locations":[{"start":{"line":212,"column":4},"end":{"line":212,"column":4}},{"start":{"line":212,"column":4},"end":{"line":212,"column":4}}]},"22":{"line":213,"type":"if","locations":[{"start":{"line":213,"column":14},"end":{"line":213,"column":14}},{"start":{"line":213,"column":14},"end":{"line":213,"column":14}}]},"23":{"line":223,"type":"if","locations":[{"start":{"line":223,"column":4},"end":{"line":223,"column":4}},{"start":{"line":223,"column":4},"end":{"line":223,"column":4}}]},"24":{"line":224,"type":"if","locations":[{"start":{"line":224,"column":4},"end":{"line":224,"column":4}},{"start":{"line":224,"column":4},"end":{"line":224,"column":4}}]},"25":{"line":227,"type":"if","locations":[{"start":{"line":227,"column":4},"end":{"line":227,"column":4}},{"start":{"line":227,"column":4},"end":{"line":227,"column":4}}]}}},"/home/alex/github/node-validator/src/index.coffee":{"path":"/home/alex/github/node-validator/src/index.coffee","s":{"1":1,"2":1,"3":1,"4":1,"5":1,"6":0,"7":1,"8":1,"9":0,"10":1,"11":0,"12":1,"13":1,"14":1,"15":1,"16":1,"17":1,"18":1,"19":1,"20":1,"21":1,"22":1,"23":0,"24":0,"25":0,"26":0,"27":1,"28":1,"29":0},"b":{"1":[0,1],"2":[0,1],"3":[1,0]},"f":{"1":0,"2":1,"3":1,"4":0},"fnMap":{"1":{"name":"exports","line":23,"loc":{"start":{"line":23,"column":0},"end":{"line":23,"column":31}}},"2":{"name":"exports","line":30,"loc":{"start":{"line":30,"column":0},"end":{"line":30,"column":28}}},"3":{"name":"(anonymous_1)","line":38,"loc":{"start":{"line":38,"column":18},"end":{"line":38,"column":33}}},"4":{"name":"exports","line":48,"loc":{"start":{"line":48,"column":0},"end":{"line":48,"column":34}}}},"statementMap":{"1":{"start":{"line":6,"column":0},"end":{"line":6,"column":36}},"2":{"start":{"line":7,"column":0},"end":{"line":7,"column":22}},"3":{"start":{"line":8,"column":0},"end":{"line":8,"column":20}},"4":{"start":{"line":10,"column":0},"end":{"line":10,"column":24}},"5":{"start":{"line":23,"column":0},"end":{"line":29,"column":24}},"6":{"start":{"line":24,"column":2},"end":{"line":24,"column":24}},"7":{"start":{"line":30,"column":0},"end":{"line":47,"column":83}},"8":{"start":{"line":32,"column":2},"end":{"line":32,"column":74}},"9":{"start":{"line":32,"column":2},"end":{"line":32,"column":43}},"10":{"start":{"line":33,"column":2},"end":{"line":33,"column":68}},"11":{"start":{"line":33,"column":2},"end":{"line":33,"column":49}},"12":{"start":{"line":35,"column":2},"end":{"line":35,"column":44}},"13":{"start":{"line":37,"column":2},"end":{"line":37,"column":71}},"14":{"start":{"line":37,"column":10},"end":{"line":37,"column":70}},"15":{"start":{"line":37,"column":11},"end":{"line":37,"column":14}},"16":{"start":{"line":37,"column":34},"end":{"line":37,"column":69}},"17":{"start":{"line":38,"column":2},"end":{"line":47,"column":83}},"18":{"start":{"line":39,"column":4},"end":{"line":42,"column":65}},"19":{"start":{"line":40,"column":6},"end":{"line":40,"column":54}},"20":{"start":{"line":40,"column":14},"end":{"line":40,"column":53}},"21":{"start":{"line":40,"column":15},"end":{"line":40,"column":18}},"22":{"start":{"line":40,"column":42},"end":{"line":40,"column":44}},"23":{"start":{"line":42,"column":6},"end":{"line":42,"column":65}},"24":{"start":{"line":42,"column":14},"end":{"line":42,"column":64}},"25":{"start":{"line":42,"column":15},"end":{"line":42,"column":18}},"26":{"start":{"line":42,"column":45},"end":{"line":42,"column":63}},"27":{"start":{"line":43,"column":4},"end":{"line":43,"column":17}},"28":{"start":{"line":48,"column":0},"end":{"line":49,"column":28}},"29":{"start":{"line":49,"column":2},"end":{"line":49,"column":27}}},"branchMap":{"1":{"line":32,"type":"if","locations":[{"start":{"line":32,"column":2},"end":{"line":32,"column":2}},{"start":{"line":32,"column":2},"end":{"line":32,"column":2}}]},"2":{"line":33,"type":"if","locations":[{"start":{"line":33,"column":2},"end":{"line":33,"column":2}},{"start":{"line":33,"column":2},"end":{"line":33,"column":2}}]},"3":{"line":39,"type":"if","locations":[{"start":{"line":39,"column":4},"end":{"line":39,"column":4}},{"start":{"line":39,"column":4},"end":{"line":39,"column":4}}]}}},"/home/alex/github/node-validator/src/reference.coffee":{"path":"/home/alex/github/node-validator/src/reference.coffee","s":{"1":1,"2":1,"3":1,"4":1,"5":1,"6":1,"7":1,"8":1,"9":1,"10":1,"11":1,"12":1,"13":1,"14":1,"15":1,"16":1,"17":1,"18":1,"19":8,"20":2,"21":6,"22":1,"23":8,"24":0,"25":0,"26":8,"27":8,"28":0,"29":0,"30":0,"31":0,"32":0,"33":0,"34":0,"35":0,"36":0,"37":0,"38":0,"39":0,"40":0,"41":0,"42":0,"43":0,"44":0,"45":0,"46":0,"47":0,"48":0,"49":0,"50":0,"51":1,"52":0,"53":0,"54":0,"55":0,"56":0,"57":0,"58":0,"59":0,"60":0,"61":0,"62":0,"63":0,"64":0,"65":0,"66":0,"67":0,"68":0,"69":0,"70":0,"71":0,"72":0,"73":0,"74":0,"75":0,"76":0,"77":0,"78":0,"79":0,"80":0,"81":0,"82":0,"83":0,"84":0,"85":0,"86":1,"87":0,"88":0,"89":0,"90":0,"91":0,"92":0,"93":0,"94":0,"95":0,"96":0,"97":0,"98":0,"99":0,"100":0,"101":0,"102":0,"103":0,"104":0,"105":0,"106":0,"107":0,"108":0,"109":0,"110":0,"111":0,"112":0,"113":0,"114":0,"115":0,"116":0,"117":0,"118":0,"119":0,"120":0,"121":0,"122":0,"123":0,"124":0,"125":0,"126":0,"127":0,"128":0,"129":0,"130":0,"131":0,"132":0,"133":0,"134":0,"135":0,"136":0,"137":0,"138":0,"139":0,"140":0,"141":0,"142":0,"143":0,"144":0,"145":0,"146":0,"147":0,"148":0,"149":0,"150":0,"151":0,"152":0,"153":0,"154":0,"155":0,"156":0,"157":0,"158":0,"159":0,"160":0,"161":0,"162":0,"163":0,"164":0,"165":0,"166":0,"167":0,"168":0,"169":0,"170":0,"171":0,"172":0,"173":0,"174":0,"175":0,"176":0,"177":0,"178":0,"179":0,"180":1,"181":0,"182":0,"183":0,"184":0,"185":0,"186":0,"187":0,"188":0,"189":0,"190":0,"191":0,"192":0,"193":0,"194":0,"195":0,"196":0,"197":0,"198":0,"199":0,"200":0,"201":0,"202":0,"203":0,"204":0,"205":0,"206":0,"207":0,"208":0,"209":0,"210":0,"211":0,"212":0,"213":0,"214":0,"215":0,"216":0,"217":0,"218":0,"219":0,"220":0,"221":0,"222":0,"223":0,"224":0,"225":0,"226":0,"227":0,"228":0,"229":0,"230":0,"231":0,"232":0,"233":0,"234":0,"235":0,"236":0,"237":0,"238":0,"239":0,"240":0,"241":0,"242":0,"243":0,"244":0,"245":0,"246":0,"247":0,"248":0,"249":0,"250":0,"251":0,"252":0,"253":0,"254":0,"255":0,"256":0,"257":0,"258":0,"259":0,"260":0,"261":0,"262":0,"263":0,"264":0,"265":0,"266":0,"267":0,"268":0,"269":0,"270":0,"271":0,"272":0,"273":0,"274":0,"275":0,"276":0,"277":0,"278":0,"279":0,"280":0,"281":0,"282":0,"283":0,"284":0,"285":0,"286":0,"287":0,"288":0,"289":0,"290":0,"291":0,"292":0,"293":0,"294":0,"295":0,"296":0,"297":0,"298":0,"299":0,"300":0,"301":0,"302":0,"303":0,"304":0,"305":0,"306":0,"307":0,"308":0,"309":0,"310":0,"311":0,"312":0,"313":0,"314":0,"315":0,"316":0,"317":0,"318":0,"319":0,"320":1,"321":0,"322":0,"323":0,"324":0,"325":0,"326":0,"327":0,"328":0,"329":0,"330":0,"331":0,"332":0,"333":0,"334":0,"335":0,"336":0,"337":0,"338":0,"339":0,"340":0,"341":0,"342":0,"343":0,"344":0,"345":0,"346":0,"347":0,"348":0,"349":0,"350":0,"351":0,"352":0,"353":0,"354":0,"355":1,"356":0,"357":0,"358":0,"359":0,"360":0,"361":0,"362":0,"363":0,"364":0,"365":0,"366":0},"b":{"1":[2,6],"2":[0,8],"3":[8,0],"4":[0,0],"5":[0,0],"6":[0,0],"7":[0,0],"8":[0,0],"9":[0,0],"10":[0,0],"11":[0,0],"12":[0,0],"13":[0,0,0,0,0],"14":[0,0],"15":[0,0],"16":[0,0],"17":[0,0],"18":[0,0],"19":[0,0],"20":[0],"21":[0,0],"22":[0,0],"23":[0,0],"24":[0,0],"25":[0,0],"26":[0,0],"27":[0,0],"28":[0,0],"29":[0,0],"30":[0,0],"31":[0,0],"32":[0,0],"33":[0,0],"34":[0,0,0,0,0,0],"35":[0,0],"36":[0,0],"37":[0,0],"38":[0,0],"39":[0,0],"40":[0,0],"41":[0,0],"42":[0,0],"43":[0,0],"44":[0,0],"45":[0,0],"46":[0,0],"47":[0,0],"48":[0,0],"49":[0,0],"50":[0,0],"51":[0,0],"52":[0,0],"53":[0,0],"54":[0,0],"55":[0,0],"56":[0,0],"57":[0,0],"58":[0,0],"59":[0,0],"60":[0,0]},"f":{"1":8,"2":8,"3":0,"4":0,"5":0,"6":0,"7":0,"8":0,"9":0,"10":0,"11":0,"12":0,"13":0,"14":0,"15":0,"16":0,"17":0,"18":0,"19":0,"20":0,"21":0,"22":0,"23":0,"24":0,"25":0,"26":0,"27":0,"28":0,"29":0,"30":0,"31":0,"32":0,"33":0,"34":0,"35":0,"36":0,"37":0},"fnMap":{"1":{"name":"exports","line":63,"loc":{"start":{"line":63,"column":9},"end":{"line":63,"column":35}}},"2":{"name":"exports","line":71,"loc":{"start":{"line":71,"column":0},"end":{"line":71,"column":40}}},"3":{"name":"(anonymous_1)","line":83,"loc":{"start":{"line":83,"column":18},"end":{"line":83,"column":27}}},"4":{"name":"(anonymous_2)","line":85,"loc":{"start":{"line":85,"column":4},"end":{"line":85,"column":20}}},"5":{"name":"findAlternative","line":102,"loc":{"start":{"line":102,"column":0},"end":{"line":102,"column":40}}},"6":{"name":"(anonymous_3)","line":106,"loc":{"start":{"line":106,"column":44},"end":{"line":106,"column":55}}},"7":{"name":"(anonymous_4)","line":119,"loc":{"start":{"line":119,"column":24},"end":{"line":119,"column":39}}},"8":{"name":"(anonymous_5)","line":125,"loc":{"start":{"line":125,"column":4},"end":{"line":125,"column":20}}},"9":{"name":"find","line":135,"loc":{"start":{"line":135,"column":0},"end":{"line":135,"column":28}}},"10":{"name":"(anonymous_6)","line":194,"loc":{"start":{"line":194,"column":36},"end":{"line":194,"column":51}}},"11":{"name":"(anonymous_7)","line":216,"loc":{"start":{"line":216,"column":15},"end":{"line":216,"column":16}}},"12":{"name":"check","line":226,"loc":{"start":{"line":226,"column":2},"end":{"line":226,"column":34}}},"13":{"name":"(anonymous_8)","line":236,"loc":{"start":{"line":236,"column":6},"end":{"line":236,"column":20}}},"14":{"name":"split","line":242,"loc":{"start":{"line":242,"column":2},"end":{"line":242,"column":34}}},"15":{"name":"(anonymous_9)","line":244,"loc":{"start":{"line":244,"column":36},"end":{"line":244,"column":41}}},"16":{"name":"(anonymous_10)","line":246,"loc":{"start":{"line":246,"column":46},"end":{"line":246,"column":51}}},"17":{"name":"match","line":253,"loc":{"start":{"line":253,"column":2},"end":{"line":253,"column":34}}},"18":{"name":"parse","line":258,"loc":{"start":{"line":258,"column":2},"end":{"line":258,"column":34}}},"19":{"name":"(anonymous_11)","line":280,"loc":{"start":{"line":280,"column":38},"end":{"line":280,"column":53}}},"20":{"name":"(anonymous_12)","line":287,"loc":{"start":{"line":287,"column":62},"end":{"line":287,"column":74}}},"21":{"name":"(anonymous_13)","line":288,"loc":{"start":{"line":288,"column":29},"end":{"line":288,"column":41}}},"22":{"name":"(anonymous_14)","line":291,"loc":{"start":{"line":291,"column":10},"end":{"line":291,"column":11}}},"23":{"name":"range","line":296,"loc":{"start":{"line":296,"column":2},"end":{"line":296,"column":34}}},"24":{"name":"object","line":336,"loc":{"start":{"line":336,"column":2},"end":{"line":336,"column":35}}},"25":{"name":"join","line":339,"loc":{"start":{"line":339,"column":2},"end":{"line":339,"column":33}}},"26":{"name":"env","line":344,"loc":{"start":{"line":344,"column":2},"end":{"line":344,"column":32}}},"27":{"name":"struct","line":347,"loc":{"start":{"line":347,"column":2},"end":{"line":347,"column":35}}},"28":{"name":"context","line":350,"loc":{"start":{"line":350,"column":2},"end":{"line":350,"column":36}}},"29":{"name":"file","line":353,"loc":{"start":{"line":353,"column":2},"end":{"line":353,"column":33}}},"30":{"name":"(anonymous_15)","line":357,"loc":{"start":{"line":357,"column":22},"end":{"line":357,"column":35}}},"31":{"name":"web","line":361,"loc":{"start":{"line":361,"column":2},"end":{"line":361,"column":32}}},"32":{"name":"(anonymous_16)","line":366,"loc":{"start":{"line":366,"column":6},"end":{"line":366,"column":29}}},"33":{"name":"cmd","line":374,"loc":{"start":{"line":374,"column":2},"end":{"line":374,"column":32}}},"34":{"name":"(anonymous_17)","line":378,"loc":{"start":{"line":378,"column":20},"end":{"line":378,"column":35}}},"35":{"name":"findData","line":383,"loc":{"start":{"line":383,"column":0},"end":{"line":383,"column":29}}},"36":{"name":"(anonymous_18)","line":403,"loc":{"start":{"line":403,"column":24},"end":{"line":403,"column":25}}},"37":{"name":"arrayJoin","line":420,"loc":{"start":{"line":420,"column":0},"end":{"line":420,"column":30}}}},"statementMap":{"1":{"start":{"line":24,"column":0},"end":{"line":24,"column":46}},"2":{"start":{"line":25,"column":0},"end":{"line":25,"column":22}},"3":{"start":{"line":26,"column":0},"end":{"line":26,"column":8}},"4":{"start":{"line":27,"column":0},"end":{"line":27,"column":10}},"5":{"start":{"line":28,"column":0},"end":{"line":28,"column":12}},"6":{"start":{"line":29,"column":0},"end":{"line":29,"column":12}},"7":{"start":{"line":30,"column":0},"end":{"line":30,"column":13}},"8":{"start":{"line":31,"column":0},"end":{"line":31,"column":10}},"9":{"start":{"line":33,"column":0},"end":{"line":33,"column":27}},"10":{"start":{"line":34,"column":0},"end":{"line":34,"column":19}},"11":{"start":{"line":35,"column":0},"end":{"line":35,"column":29}},"12":{"start":{"line":36,"column":0},"end":{"line":36,"column":8}},"13":{"start":{"line":38,"column":0},"end":{"line":38,"column":24}},"14":{"start":{"line":43,"column":0},"end":{"line":43,"column":15}},"15":{"start":{"line":44,"column":0},"end":{"line":44,"column":11}},"16":{"start":{"line":47,"column":0},"end":{"line":51,"column":79}},"17":{"start":{"line":52,"column":0},"end":{"line":62,"column":46}},"18":{"start":{"line":63,"column":0},"end":{"line":70,"column":72}},"19":{"start":{"line":64,"column":2},"end":{"line":64,"column":45}},"20":{"start":{"line":64,"column":2},"end":{"line":64,"column":13}},"21":{"start":{"line":65,"column":2},"end":{"line":65,"column":33}},"22":{"start":{"line":71,"column":0},"end":{"line":101,"column":17}},"23":{"start":{"line":73,"column":2},"end":{"line":76,"column":1}},"24":{"start":{"line":74,"column":4},"end":{"line":74,"column":12}},"25":{"start":{"line":75,"column":4},"end":{"line":75,"column":12}},"26":{"start":{"line":76,"column":2},"end":{"line":76,"column":42}},"27":{"start":{"line":76,"column":2},"end":{"line":76,"column":22}},"28":{"start":{"line":77,"column":2},"end":{"line":77,"column":30}},"29":{"start":{"line":78,"column":2},"end":{"line":78,"column":41}},"30":{"start":{"line":78,"column":8},"end":{"line":78,"column":41}},"31":{"start":{"line":78,"column":19},"end":{"line":78,"column":36}},"32":{"start":{"line":80,"column":2},"end":{"line":80,"column":35}},"33":{"start":{"line":81,"column":2},"end":{"line":81,"column":73}},"34":{"start":{"line":81,"column":2},"end":{"line":81,"column":17}},"35":{"start":{"line":83,"column":2},"end":{"line":101,"column":17}},"36":{"start":{"line":84,"column":4},"end":{"line":84,"column":30}},"37":{"start":{"line":86,"column":4},"end":{"line":86,"column":21}},"38":{"start":{"line":86,"column":4},"end":{"line":86,"column":14}},"39":{"start":{"line":87,"column":4},"end":{"line":92,"column":3}},"40":{"start":{"line":89,"column":6},"end":{"line":89,"column":76}},"41":{"start":{"line":89,"column":14},"end":{"line":89,"column":75}},"42":{"start":{"line":89,"column":15},"end":{"line":89,"column":32}},"43":{"start":{"line":89,"column":52},"end":{"line":89,"column":74}},"44":{"start":{"line":90,"column":6},"end":{"line":90,"column":31}},"45":{"start":{"line":92,"column":4},"end":{"line":92,"column":27}},"46":{"start":{"line":93,"column":4},"end":{"line":93,"column":70}},"47":{"start":{"line":93,"column":12},"end":{"line":93,"column":69}},"48":{"start":{"line":93,"column":13},"end":{"line":93,"column":30}},"49":{"start":{"line":93,"column":50},"end":{"line":93,"column":68}},"50":{"start":{"line":94,"column":4},"end":{"line":94,"column":18}},"51":{"start":{"line":102,"column":0},"end":{"line":134,"column":48}},"52":{"start":{"line":103,"column":2},"end":{"line":103,"column":50}},"53":{"start":{"line":103,"column":2},"end":{"line":103,"column":22}},"54":{"start":{"line":105,"column":2},"end":{"line":105,"column":13}},"55":{"start":{"line":106,"column":2},"end":{"line":134,"column":48}},"56":{"start":{"line":108,"column":4},"end":{"line":110,"column":3}},"57":{"start":{"line":109,"column":6},"end":{"line":109,"column":28}},"58":{"start":{"line":109,"column":12},"end":{"line":109,"column":27}},"59":{"start":{"line":109,"column":24},"end":{"line":109,"column":26}},"60":{"start":{"line":110,"column":4},"end":{"line":110,"column":16}},"61":{"start":{"line":112,"column":31},"end":{"line":112,"column":60}},"62":{"start":{"line":112,"column":4},"end":{"line":112,"column":29}},"63":{"start":{"line":113,"column":4},"end":{"line":113,"column":26}},"64":{"start":{"line":115,"column":4},"end":{"line":119,"column":3}},"65":{"start":{"line":116,"column":6},"end":{"line":116,"column":81}},"66":{"start":{"line":116,"column":25},"end":{"line":116,"column":80}},"67":{"start":{"line":116,"column":26},"end":{"line":116,"column":41}},"68":{"start":{"line":116,"column":64},"end":{"line":116,"column":79}},"69":{"start":{"line":117,"column":6},"end":{"line":117,"column":24}},"70":{"start":{"line":119,"column":4},"end":{"line":125,"column":1}},"71":{"start":{"line":120,"column":6},"end":{"line":123,"column":5}},"72":{"start":{"line":121,"column":8},"end":{"line":121,"column":71}},"73":{"start":{"line":121,"column":27},"end":{"line":121,"column":70}},"74":{"start":{"line":121,"column":28},"end":{"line":121,"column":43}},"75":{"start":{"line":121,"column":59},"end":{"line":121,"column":61}},"76":{"start":{"line":122,"column":8},"end":{"line":122,"column":20}},"77":{"start":{"line":123,"column":6},"end":{"line":123,"column":77}},"78":{"start":{"line":123,"column":25},"end":{"line":123,"column":76}},"79":{"start":{"line":123,"column":26},"end":{"line":123,"column":41}},"80":{"start":{"line":123,"column":57},"end":{"line":123,"column":75}},"81":{"start":{"line":124,"column":6},"end":{"line":124,"column":20}},"82":{"start":{"line":127,"column":4},"end":{"line":129,"column":3}},"83":{"start":{"line":128,"column":6},"end":{"line":128,"column":38}},"84":{"start":{"line":128,"column":6},"end":{"line":128,"column":27}},"85":{"start":{"line":129,"column":4},"end":{"line":129,"column":7}},"86":{"start":{"line":135,"column":0},"end":{"line":223,"column":57}},"87":{"start":{"line":137,"column":2},"end":{"line":137,"column":19}},"88":{"start":{"line":138,"column":2},"end":{"line":138,"column":37}},"89":{"start":{"line":138,"column":2},"end":{"line":138,"column":26}},"90":{"start":{"line":140,"column":2},"end":{"line":140,"column":34}},"91":{"start":{"line":141,"column":2},"end":{"line":141,"column":14}},"92":{"start":{"line":142,"column":2},"end":{"line":151,"column":1}},"93":{"start":{"line":143,"column":18},"end":{"line":143,"column":24}},"94":{"start":{"line":144,"column":18},"end":{"line":144,"column":24}},"95":{"start":{"line":145,"column":18},"end":{"line":145,"column":24}},"96":{"start":{"line":146,"column":18},"end":{"line":146,"column":24}},"97":{"start":{"line":148,"column":6},"end":{"line":150,"column":15}},"98":{"start":{"line":148,"column":30},"end":{"line":148,"column":36}},"99":{"start":{"line":149,"column":11},"end":{"line":150,"column":15}},"100":{"start":{"line":149,"column":43},"end":{"line":149,"column":50}},"101":{"start":{"line":150,"column":11},"end":{"line":150,"column":15}},"102":{"start":{"line":151,"column":2},"end":{"line":154,"column":1}},"103":{"start":{"line":152,"column":4},"end":{"line":152,"column":17}},"104":{"start":{"line":154,"column":2},"end":{"line":154,"column":68}},"105":{"start":{"line":154,"column":2},"end":{"line":154,"column":12}},"106":{"start":{"line":156,"column":2},"end":{"line":174,"column":1}},"107":{"start":{"line":158,"column":6},"end":{"line":167,"column":3}},"108":{"start":{"line":160,"column":10},"end":{"line":160,"column":25}},"109":{"start":{"line":161,"column":10},"end":{"line":161,"column":24}},"110":{"start":{"line":162,"column":10},"end":{"line":162,"column":21}},"111":{"start":{"line":164,"column":10},"end":{"line":164,"column":25}},"112":{"start":{"line":165,"column":10},"end":{"line":165,"column":24}},"113":{"start":{"line":166,"column":10},"end":{"line":166,"column":23}},"114":{"start":{"line":168,"column":6},"end":{"line":174,"column":1}},"115":{"start":{"line":170,"column":10},"end":{"line":170,"column":25}},"116":{"start":{"line":171,"column":10},"end":{"line":171,"column":23}},"117":{"start":{"line":172,"column":10},"end":{"line":172,"column":23}},"118":{"start":{"line":174,"column":2},"end":{"line":182,"column":1}},"119":{"start":{"line":175,"column":4},"end":{"line":177,"column":57}},"120":{"start":{"line":175,"column":5},"end":{"line":175,"column":63}},"121":{"start":{"line":176,"column":5},"end":{"line":176,"column":75}},"122":{"start":{"line":177,"column":5},"end":{"line":177,"column":56}},"123":{"start":{"line":179,"column":6},"end":{"line":179,"column":81}},"124":{"start":{"line":179,"column":23},"end":{"line":179,"column":81}},"125":{"start":{"line":179,"column":39},"end":{"line":179,"column":43}},"126":{"start":{"line":179,"column":50},"end":{"line":179,"column":53}},"127":{"start":{"line":180,"column":6},"end":{"line":180,"column":16}},"128":{"start":{"line":182,"column":2},"end":{"line":182,"column":28}},"129":{"start":{"line":183,"column":2},"end":{"line":183,"column":34}},"130":{"start":{"line":184,"column":2},"end":{"line":184,"column":67}},"131":{"start":{"line":184,"column":50},"end":{"line":184,"column":66}},"132":{"start":{"line":184,"column":51},"end":{"line":184,"column":55}},"133":{"start":{"line":184,"column":62},"end":{"line":184,"column":65}},"134":{"start":{"line":186,"column":2},"end":{"line":189,"column":1}},"135":{"start":{"line":187,"column":4},"end":{"line":187,"column":80}},"136":{"start":{"line":187,"column":24},"end":{"line":187,"column":80}},"137":{"start":{"line":187,"column":51},"end":{"line":187,"column":55}},"138":{"start":{"line":189,"column":2},"end":{"line":193,"column":1}},"139":{"start":{"line":190,"column":4},"end":{"line":191,"column":24}},"140":{"start":{"line":190,"column":26},"end":{"line":191,"column":24}},"141":{"start":{"line":190,"column":27},"end":{"line":190,"column":30}},"142":{"start":{"line":190,"column":68},"end":{"line":190,"column":72}},"143":{"start":{"line":193,"column":2},"end":{"line":193,"column":21}},"144":{"start":{"line":194,"column":2},"end":{"line":223,"column":57}},"145":{"start":{"line":195,"column":4},"end":{"line":195,"column":23}},"146":{"start":{"line":195,"column":4},"end":{"line":195,"column":16}},"147":{"start":{"line":196,"column":4},"end":{"line":200,"column":3}},"148":{"start":{"line":197,"column":6},"end":{"line":199,"column":5}},"149":{"start":{"line":198,"column":8},"end":{"line":198,"column":78}},"150":{"start":{"line":198,"column":40},"end":{"line":198,"column":56}},"151":{"start":{"line":198,"column":41},"end":{"line":198,"column":45}},"152":{"start":{"line":198,"column":52},"end":{"line":198,"column":55}},"153":{"start":{"line":199,"column":6},"end":{"line":199,"column":16}},"154":{"start":{"line":200,"column":4},"end":{"line":203,"column":3}},"155":{"start":{"line":201,"column":6},"end":{"line":201,"column":95}},"156":{"start":{"line":201,"column":38},"end":{"line":201,"column":54}},"157":{"start":{"line":201,"column":39},"end":{"line":201,"column":43}},"158":{"start":{"line":201,"column":50},"end":{"line":201,"column":53}},"159":{"start":{"line":201,"column":60},"end":{"line":201,"column":94}},"160":{"start":{"line":201,"column":75},"end":{"line":201,"column":93}},"161":{"start":{"line":203,"column":4},"end":{"line":209,"column":3}},"162":{"start":{"line":204,"column":6},"end":{"line":204,"column":46}},"163":{"start":{"line":204,"column":6},"end":{"line":204,"column":27}},"164":{"start":{"line":205,"column":6},"end":{"line":205,"column":27}},"165":{"start":{"line":206,"column":6},"end":{"line":206,"column":23}},"166":{"start":{"line":207,"column":6},"end":{"line":207,"column":31}},"167":{"start":{"line":209,"column":4},"end":{"line":209,"column":18}},"168":{"start":{"line":210,"column":4},"end":{"line":215,"column":3}},"169":{"start":{"line":211,"column":6},"end":{"line":211,"column":28}},"170":{"start":{"line":212,"column":6},"end":{"line":213,"column":45}},"171":{"start":{"line":212,"column":25},"end":{"line":213,"column":44}},"172":{"start":{"line":213,"column":8},"end":{"line":213,"column":11}},"173":{"start":{"line":213,"column":26},"end":{"line":213,"column":43}},"174":{"start":{"line":215,"column":4},"end":{"line":215,"column":19}},"175":{"start":{"line":216,"column":4},"end":{"line":220,"column":12}},"176":{"start":{"line":217,"column":6},"end":{"line":217,"column":31}},"177":{"start":{"line":217,"column":6},"end":{"line":217,"column":11}},"178":{"start":{"line":218,"column":6},"end":{"line":218,"column":17}},"179":{"start":{"line":219,"column":6},"end":{"line":219,"column":24}},"180":{"start":{"line":224,"column":0},"end":{"line":382,"column":31}},"181":{"start":{"line":228,"column":4},"end":{"line":228,"column":21}},"182":{"start":{"line":229,"column":4},"end":{"line":229,"column":42}},"183":{"start":{"line":229,"column":32},"end":{"line":229,"column":41}},"184":{"start":{"line":229,"column":37},"end":{"line":229,"column":40}},"185":{"start":{"line":231,"column":4},"end":{"line":231,"column":35}},"186":{"start":{"line":232,"column":4},"end":{"line":242,"column":1}},"187":{"start":{"line":237,"column":6},"end":{"line":240,"column":5}},"188":{"start":{"line":238,"column":8},"end":{"line":238,"column":78}},"189":{"start":{"line":238,"column":25},"end":{"line":238,"column":77}},"190":{"start":{"line":238,"column":29},"end":{"line":238,"column":33}},"191":{"start":{"line":238,"column":40},"end":{"line":238,"column":43}},"192":{"start":{"line":238,"column":66},"end":{"line":238,"column":68}},"193":{"start":{"line":239,"column":8},"end":{"line":239,"column":18}},"194":{"start":{"line":240,"column":6},"end":{"line":240,"column":19}},"195":{"start":{"line":243,"column":4},"end":{"line":243,"column":19}},"196":{"start":{"line":244,"column":4},"end":{"line":244,"column":54}},"197":{"start":{"line":244,"column":47},"end":{"line":244,"column":54}},"198":{"start":{"line":245,"column":4},"end":{"line":245,"column":43}},"199":{"start":{"line":245,"column":4},"end":{"line":245,"column":19}},"200":{"start":{"line":246,"column":4},"end":{"line":250,"column":3}},"201":{"start":{"line":247,"column":6},"end":{"line":247,"column":30}},"202":{"start":{"line":248,"column":6},"end":{"line":248,"column":18}},"203":{"start":{"line":249,"column":6},"end":{"line":249,"column":8}},"204":{"start":{"line":250,"column":4},"end":{"line":250,"column":22}},"205":{"start":{"line":251,"column":4},"end":{"line":251,"column":18}},"206":{"start":{"line":254,"column":4},"end":{"line":254,"column":35}},"207":{"start":{"line":255,"column":4},"end":{"line":255,"column":37}},"208":{"start":{"line":255,"column":29},"end":{"line":255,"column":37}},"209":{"start":{"line":255,"column":30},"end":{"line":255,"column":31}},"210":{"start":{"line":256,"column":4},"end":{"line":256,"column":30}},"211":{"start":{"line":259,"column":4},"end":{"line":296,"column":1}},"212":{"start":{"line":261,"column":8},"end":{"line":261,"column":25}},"213":{"start":{"line":262,"column":8},"end":{"line":262,"column":51}},"214":{"start":{"line":262,"column":36},"end":{"line":262,"column":50}},"215":{"start":{"line":262,"column":41},"end":{"line":262,"column":44}},"216":{"start":{"line":264,"column":8},"end":{"line":269,"column":7}},"217":{"start":{"line":265,"column":10},"end":{"line":265,"column":38}},"218":{"start":{"line":267,"column":10},"end":{"line":267,"column":82}},"219":{"start":{"line":267,"column":27},"end":{"line":267,"column":81}},"220":{"start":{"line":267,"column":31},"end":{"line":267,"column":35}},"221":{"start":{"line":267,"column":42},"end":{"line":267,"column":45}},"222":{"start":{"line":267,"column":68},"end":{"line":267,"column":72}},"223":{"start":{"line":268,"column":10},"end":{"line":268,"column":20}},"224":{"start":{"line":269,"column":8},"end":{"line":269,"column":22}},"225":{"start":{"line":271,"column":8},"end":{"line":271,"column":32}},"226":{"start":{"line":272,"column":8},"end":{"line":277,"column":7}},"227":{"start":{"line":273,"column":10},"end":{"line":273,"column":41}},"228":{"start":{"line":275,"column":10},"end":{"line":275,"column":82}},"229":{"start":{"line":275,"column":27},"end":{"line":275,"column":81}},"230":{"start":{"line":275,"column":31},"end":{"line":275,"column":35}},"231":{"start":{"line":275,"column":42},"end":{"line":275,"column":45}},"232":{"start":{"line":275,"column":68},"end":{"line":275,"column":72}},"233":{"start":{"line":276,"column":10},"end":{"line":276,"column":20}},"234":{"start":{"line":277,"column":8},"end":{"line":277,"column":22}},"235":{"start":{"line":279,"column":8},"end":{"line":279,"column":33}},"236":{"start":{"line":280,"column":8},"end":{"line":285,"column":5}},"237":{"start":{"line":281,"column":10},"end":{"line":284,"column":9}},"238":{"start":{"line":282,"column":12},"end":{"line":282,"column":82}},"239":{"start":{"line":282,"column":29},"end":{"line":282,"column":81}},"240":{"start":{"line":282,"column":33},"end":{"line":282,"column":37}},"241":{"start":{"line":282,"column":44},"end":{"line":282,"column":47}},"242":{"start":{"line":282,"column":70},"end":{"line":282,"column":72}},"243":{"start":{"line":283,"column":12},"end":{"line":283,"column":22}},"244":{"start":{"line":284,"column":10},"end":{"line":284,"column":24}},"245":{"start":{"line":286,"column":8},"end":{"line":286,"column":20}},"246":{"start":{"line":287,"column":8},"end":{"line":293,"column":5}},"247":{"start":{"line":288,"column":10},"end":{"line":291,"column":7}},"248":{"start":{"line":289,"column":12},"end":{"line":289,"column":23}},"249":{"start":{"line":290,"column":12},"end":{"line":290,"column":15}},"250":{"start":{"line":292,"column":10},"end":{"line":292,"column":24}},"251":{"start":{"line":294,"column":8},"end":{"line":294,"column":11}},"252":{"start":{"line":298,"column":4},"end":{"line":302,"column":9}},"253":{"start":{"line":303,"column":4},"end":{"line":303,"column":14}},"254":{"start":{"line":305,"column":4},"end":{"line":331,"column":3}},"255":{"start":{"line":306,"column":6},"end":{"line":310,"column":10}},"256":{"start":{"line":311,"column":6},"end":{"line":311,"column":31}},"257":{"start":{"line":312,"column":6},"end":{"line":312,"column":59}},"258":{"start":{"line":312,"column":31},"end":{"line":312,"column":45}},"259":{"start":{"line":312,"column":52},"end":{"line":312,"column":54}},"260":{"start":{"line":313,"column":6},"end":{"line":313,"column":29}},"261":{"start":{"line":314,"column":6},"end":{"line":331,"column":3}},"262":{"start":{"line":316,"column":8},"end":{"line":327,"column":5}},"263":{"start":{"line":317,"column":10},"end":{"line":317,"column":18}},"264":{"start":{"line":318,"column":10},"end":{"line":326,"column":9}},"265":{"start":{"line":319,"column":12},"end":{"line":322,"column":16}},"266":{"start":{"line":323,"column":12},"end":{"line":323,"column":37}},"267":{"start":{"line":324,"column":12},"end":{"line":324,"column":65}},"268":{"start":{"line":324,"column":37},"end":{"line":324,"column":51}},"269":{"start":{"line":324,"column":58},"end":{"line":324,"column":60}},"270":{"start":{"line":325,"column":12},"end":{"line":325,"column":52}},"271":{"start":{"line":326,"column":10},"end":{"line":326,"column":25}},"272":{"start":{"line":329,"column":8},"end":{"line":331,"column":3}},"273":{"start":{"line":330,"column":10},"end":{"line":330,"column":28}},"274":{"start":{"line":331,"column":4},"end":{"line":331,"column":35}},"275":{"start":{"line":331,"column":4},"end":{"line":331,"column":14}},"276":{"start":{"line":332,"column":4},"end":{"line":332,"column":43}},"277":{"start":{"line":332,"column":4},"end":{"line":332,"column":21}},"278":{"start":{"line":333,"column":4},"end":{"line":333,"column":43}},"279":{"start":{"line":333,"column":4},"end":{"line":333,"column":21}},"280":{"start":{"line":334,"column":4},"end":{"line":334,"column":18}},"281":{"start":{"line":337,"column":4},"end":{"line":337,"column":45}},"282":{"start":{"line":340,"column":4},"end":{"line":340,"column":19}},"283":{"start":{"line":341,"column":4},"end":{"line":341,"column":54}},"284":{"start":{"line":341,"column":28},"end":{"line":341,"column":42}},"285":{"start":{"line":341,"column":49},"end":{"line":341,"column":54}},"286":{"start":{"line":342,"column":4},"end":{"line":342,"column":41}},"287":{"start":{"line":345,"column":4},"end":{"line":345,"column":29}},"288":{"start":{"line":348,"column":4},"end":{"line":348,"column":26}},"289":{"start":{"line":351,"column":4},"end":{"line":351,"column":54}},"290":{"start":{"line":354,"column":4},"end":{"line":354,"column":28}},"291":{"start":{"line":355,"column":4},"end":{"line":355,"column":27}},"292":{"start":{"line":356,"column":4},"end":{"line":356,"column":63}},"293":{"start":{"line":356,"column":4},"end":{"line":356,"column":44}},"294":{"start":{"line":357,"column":4},"end":{"line":361,"column":1}},"295":{"start":{"line":358,"column":6},"end":{"line":358,"column":25}},"296":{"start":{"line":358,"column":6},"end":{"line":358,"column":18}},"297":{"start":{"line":359,"column":6},"end":{"line":359,"column":34}},"298":{"start":{"line":362,"column":4},"end":{"line":362,"column":31}},"299":{"start":{"line":363,"column":4},"end":{"line":374,"column":1}},"300":{"start":{"line":364,"column":13},"end":{"line":364,"column":29}},"301":{"start":{"line":364,"column":14},"end":{"line":364,"column":18}},"302":{"start":{"line":364,"column":25},"end":{"line":364,"column":28}},"303":{"start":{"line":368,"column":6},"end":{"line":368,"column":25}},"304":{"start":{"line":368,"column":6},"end":{"line":368,"column":18}},"305":{"start":{"line":369,"column":6},"end":{"line":371,"column":5}},"306":{"start":{"line":370,"column":8},"end":{"line":370,"column":82}},"307":{"start":{"line":370,"column":28},"end":{"line":370,"column":81}},"308":{"start":{"line":370,"column":62},"end":{"line":370,"column":69}},"309":{"start":{"line":371,"column":6},"end":{"line":371,"column":29}},"310":{"start":{"line":371,"column":6},"end":{"line":371,"column":16}},"311":{"start":{"line":372,"column":6},"end":{"line":372,"column":18}},"312":{"start":{"line":375,"column":4},"end":{"line":375,"column":40}},"313":{"start":{"line":376,"column":4},"end":{"line":376,"column":11}},"314":{"start":{"line":377,"column":4},"end":{"line":377,"column":45}},"315":{"start":{"line":377,"column":4},"end":{"line":377,"column":26}},"316":{"start":{"line":378,"column":4},"end":{"line":382,"column":31}},"317":{"start":{"line":379,"column":6},"end":{"line":379,"column":25}},"318":{"start":{"line":379,"column":6},"end":{"line":379,"column":18}},"319":{"start":{"line":380,"column":6},"end":{"line":380,"column":27}},"320":{"start":{"line":383,"column":0},"end":{"line":419,"column":47}},"321":{"start":{"line":385,"column":2},"end":{"line":385,"column":73}},"322":{"start":{"line":385,"column":2},"end":{"line":385,"column":46}},"323":{"start":{"line":386,"column":2},"end":{"line":386,"column":16}},"324":{"start":{"line":388,"column":2},"end":{"line":388,"column":16}},"325":{"start":{"line":390,"column":2},"end":{"line":390,"column":70}},"326":{"start":{"line":390,"column":2},"end":{"line":390,"column":55}},"327":{"start":{"line":392,"column":2},"end":{"line":392,"column":9}},"328":{"start":{"line":393,"column":9},"end":{"line":393,"column":32}},"329":{"start":{"line":393,"column":2},"end":{"line":393,"column":7}},"330":{"start":{"line":394,"column":2},"end":{"line":394,"column":96}},"331":{"start":{"line":395,"column":2},"end":{"line":410,"column":1}},"332":{"start":{"line":396,"column":4},"end":{"line":396,"column":82}},"333":{"start":{"line":397,"column":4},"end":{"line":410,"column":1}},"334":{"start":{"line":399,"column":6},"end":{"line":399,"column":20}},"335":{"start":{"line":400,"column":6},"end":{"line":403,"column":5}},"336":{"start":{"line":401,"column":8},"end":{"line":401,"column":30}},"337":{"start":{"line":402,"column":8},"end":{"line":402,"column":89}},"338":{"start":{"line":402,"column":27},"end":{"line":402,"column":88}},"339":{"start":{"line":402,"column":61},"end":{"line":402,"column":64}},"340":{"start":{"line":402,"column":79},"end":{"line":402,"column":87}},"341":{"start":{"line":403,"column":6},"end":{"line":409,"column":14}},"342":{"start":{"line":404,"column":8},"end":{"line":404,"column":33}},"343":{"start":{"line":404,"column":8},"end":{"line":404,"column":13}},"344":{"start":{"line":405,"column":8},"end":{"line":405,"column":19}},"345":{"start":{"line":407,"column":8},"end":{"line":407,"column":34}},"346":{"start":{"line":408,"column":8},"end":{"line":408,"column":30}},"347":{"start":{"line":410,"column":2},"end":{"line":410,"column":33}},"348":{"start":{"line":410,"column":2},"end":{"line":410,"column":23}},"349":{"start":{"line":412,"column":2},"end":{"line":412,"column":36}},"350":{"start":{"line":412,"column":2},"end":{"line":412,"column":12}},"351":{"start":{"line":414,"column":2},"end":{"line":414,"column":22}},"352":{"start":{"line":415,"column":2},"end":{"line":415,"column":21}},"353":{"start":{"line":416,"column":2},"end":{"line":416,"column":15}},"354":{"start":{"line":417,"column":2},"end":{"line":417,"column":23}},"355":{"start":{"line":420,"column":0},"end":{"line":427,"column":8}},"356":{"start":{"line":421,"column":2},"end":{"line":421,"column":70}},"357":{"start":{"line":421,"column":38},"end":{"line":421,"column":45}},"358":{"start":{"line":421,"column":55},"end":{"line":421,"column":70}},"359":{"start":{"line":422,"column":2},"end":{"line":422,"column":12}},"360":{"start":{"line":423,"column":2},"end":{"line":427,"column":1}},"361":{"start":{"line":424,"column":4},"end":{"line":424,"column":47}},"362":{"start":{"line":424,"column":4},"end":{"line":424,"column":28}},"363":{"start":{"line":425,"column":4},"end":{"line":425,"column":27}},"364":{"start":{"line":425,"column":4},"end":{"line":425,"column":17}},"365":{"start":{"line":426,"column":4},"end":{"line":426,"column":14}},"366":{"start":{"line":427,"column":2},"end":{"line":427,"column":7}}},"branchMap":{"1":{"line":64,"type":"if","locations":[{"start":{"line":64,"column":2},"end":{"line":64,"column":2}},{"start":{"line":64,"column":2},"end":{"line":64,"column":2}}]},"2":{"line":73,"type":"if","locations":[{"start":{"line":73,"column":2},"end":{"line":73,"column":2}},{"start":{"line":73,"column":2},"end":{"line":73,"column":2}}]},"3":{"line":76,"type":"if","locations":[{"start":{"line":76,"column":2},"end":{"line":76,"column":2}},{"start":{"line":76,"column":2},"end":{"line":76,"column":2}}]},"4":{"line":81,"type":"if","locations":[{"start":{"line":81,"column":2},"end":{"line":81,"column":2}},{"start":{"line":81,"column":2},"end":{"line":81,"column":2}}]},"5":{"line":86,"type":"if","locations":[{"start":{"line":86,"column":4},"end":{"line":86,"column":4}},{"start":{"line":86,"column":4},"end":{"line":86,"column":4}}]},"6":{"line":87,"type":"if","locations":[{"start":{"line":87,"column":4},"end":{"line":87,"column":4}},{"start":{"line":87,"column":4},"end":{"line":87,"column":4}}]},"7":{"line":103,"type":"if","locations":[{"start":{"line":103,"column":2},"end":{"line":103,"column":2}},{"start":{"line":103,"column":2},"end":{"line":103,"column":2}}]},"8":{"line":108,"type":"if","locations":[{"start":{"line":108,"column":4},"end":{"line":108,"column":4}},{"start":{"line":108,"column":4},"end":{"line":108,"column":4}}]},"9":{"line":115,"type":"if","locations":[{"start":{"line":115,"column":4},"end":{"line":115,"column":4}},{"start":{"line":115,"column":4},"end":{"line":115,"column":4}}]},"10":{"line":120,"type":"if","locations":[{"start":{"line":120,"column":6},"end":{"line":120,"column":6}},{"start":{"line":120,"column":6},"end":{"line":120,"column":6}}]},"11":{"line":128,"type":"if","locations":[{"start":{"line":128,"column":6},"end":{"line":128,"column":6}},{"start":{"line":128,"column":6},"end":{"line":128,"column":6}}]},"12":{"line":138,"type":"if","locations":[{"start":{"line":138,"column":2},"end":{"line":138,"column":2}},{"start":{"line":138,"column":2},"end":{"line":138,"column":2}}]},"13":{"line":142,"type":"switch","locations":[{"start":{"line":143,"column":4},"end":{"line":143,"column":24}},{"start":{"line":144,"column":4},"end":{"line":144,"column":24}},{"start":{"line":145,"column":4},"end":{"line":145,"column":24}},{"start":{"line":146,"column":4},"end":{"line":146,"column":24}},{"start":{"line":148,"column":6},"end":{"line":150,"column":15}}]},"14":{"line":148,"type":"if","locations":[{"start":{"line":148,"column":6},"end":{"line":148,"column":6}},{"start":{"line":148,"column":6},"end":{"line":148,"column":6}}]},"15":{"line":149,"type":"if","locations":[{"start":{"line":149,"column":11},"end":{"line":149,"column":11}},{"start":{"line":149,"column":11},"end":{"line":149,"column":11}}]},"16":{"line":151,"type":"if","locations":[{"start":{"line":151,"column":2},"end":{"line":151,"column":2}},{"start":{"line":151,"column":2},"end":{"line":151,"column":2}}]},"17":{"line":154,"type":"if","locations":[{"start":{"line":154,"column":2},"end":{"line":154,"column":2}},{"start":{"line":154,"column":2},"end":{"line":154,"column":2}}]},"18":{"line":156,"type":"switch","locations":[{"start":{"line":157,"column":4},"end":{"line":167,"column":3}},{"start":{"line":167,"column":4},"end":{"line":174,"column":1}}]},"19":{"line":158,"type":"switch","locations":[{"start":{"line":159,"column":8},"end":{"line":160,"column":25}},{"start":{"line":163,"column":8},"end":{"line":164,"column":25}}]},"20":{"line":168,"type":"switch","locations":[{"start":{"line":169,"column":8},"end":{"line":170,"column":25}}]},"21":{"line":174,"type":"if","locations":[{"start":{"line":174,"column":2},"end":{"line":174,"column":2}},{"start":{"line":174,"column":2},"end":{"line":174,"column":2}}]},"22":{"line":186,"type":"if","locations":[{"start":{"line":186,"column":2},"end":{"line":186,"column":2}},{"start":{"line":186,"column":2},"end":{"line":186,"column":2}}]},"23":{"line":189,"type":"if","locations":[{"start":{"line":189,"column":2},"end":{"line":189,"column":2}},{"start":{"line":189,"column":2},"end":{"line":189,"column":2}}]},"24":{"line":195,"type":"if","locations":[{"start":{"line":195,"column":4},"end":{"line":195,"column":4}},{"start":{"line":195,"column":4},"end":{"line":195,"column":4}}]},"25":{"line":196,"type":"if","locations":[{"start":{"line":196,"column":4},"end":{"line":196,"column":4}},{"start":{"line":196,"column":4},"end":{"line":196,"column":4}}]},"26":{"line":197,"type":"if","locations":[{"start":{"line":197,"column":6},"end":{"line":197,"column":6}},{"start":{"line":197,"column":6},"end":{"line":197,"column":6}}]},"27":{"line":200,"type":"if","locations":[{"start":{"line":200,"column":4},"end":{"line":200,"column":4}},{"start":{"line":200,"column":4},"end":{"line":200,"column":4}}]},"28":{"line":203,"type":"if","locations":[{"start":{"line":203,"column":4},"end":{"line":203,"column":4}},{"start":{"line":203,"column":4},"end":{"line":203,"column":4}}]},"29":{"line":204,"type":"if","locations":[{"start":{"line":204,"column":6},"end":{"line":204,"column":6}},{"start":{"line":204,"column":6},"end":{"line":204,"column":6}}]},"30":{"line":210,"type":"if","locations":[{"start":{"line":210,"column":4},"end":{"line":210,"column":4}},{"start":{"line":210,"column":4},"end":{"line":210,"column":4}}]},"31":{"line":217,"type":"if","locations":[{"start":{"line":217,"column":6},"end":{"line":217,"column":6}},{"start":{"line":217,"column":6},"end":{"line":217,"column":6}}]},"32":{"line":237,"type":"if","locations":[{"start":{"line":237,"column":6},"end":{"line":237,"column":6}},{"start":{"line":237,"column":6},"end":{"line":237,"column":6}}]},"33":{"line":245,"type":"if","locations":[{"start":{"line":245,"column":4},"end":{"line":245,"column":4}},{"start":{"line":245,"column":4},"end":{"line":245,"column":4}}]},"34":{"line":259,"type":"switch","locations":[{"start":{"line":260,"column":6},"end":{"line":261,"column":25}},{"start":{"line":263,"column":6},"end":{"line":269,"column":7}},{"start":{"line":270,"column":6},"end":{"line":271,"column":32}},{"start":{"line":278,"column":6},"end":{"line":279,"column":33}},{"start":{"line":285,"column":6},"end":{"line":286,"column":20}},{"start":{"line":294,"column":8},"end":{"line":294,"column":11}}]},"35":{"line":281,"type":"if","locations":[{"start":{"line":281,"column":10},"end":{"line":281,"column":10}},{"start":{"line":281,"column":10},"end":{"line":281,"column":10}}]},"36":{"line":312,"type":"if","locations":[{"start":{"line":312,"column":15},"end":{"line":312,"column":15}},{"start":{"line":312,"column":15},"end":{"line":312,"column":15}}]},"37":{"line":314,"type":"if","locations":[{"start":{"line":314,"column":6},"end":{"line":314,"column":6}},{"start":{"line":314,"column":6},"end":{"line":314,"column":6}}]},"38":{"line":324,"type":"if","locations":[{"start":{"line":324,"column":21},"end":{"line":324,"column":21}},{"start":{"line":324,"column":21},"end":{"line":324,"column":21}}]},"39":{"line":331,"type":"if","locations":[{"start":{"line":331,"column":4},"end":{"line":331,"column":4}},{"start":{"line":331,"column":4},"end":{"line":331,"column":4}}]},"40":{"line":332,"type":"if","locations":[{"start":{"line":332,"column":4},"end":{"line":332,"column":4}},{"start":{"line":332,"column":4},"end":{"line":332,"column":4}}]},"41":{"line":333,"type":"if","locations":[{"start":{"line":333,"column":4},"end":{"line":333,"column":4}},{"start":{"line":333,"column":4},"end":{"line":333,"column":4}}]},"42":{"line":341,"type":"if","locations":[{"start":{"line":341,"column":15},"end":{"line":341,"column":15}},{"start":{"line":341,"column":15},"end":{"line":341,"column":15}}]},"43":{"line":356,"type":"if","locations":[{"start":{"line":356,"column":4},"end":{"line":356,"column":4}},{"start":{"line":356,"column":4},"end":{"line":356,"column":4}}]},"44":{"line":358,"type":"if","locations":[{"start":{"line":358,"column":6},"end":{"line":358,"column":6}},{"start":{"line":358,"column":6},"end":{"line":358,"column":6}}]},"45":{"line":368,"type":"if","locations":[{"start":{"line":368,"column":6},"end":{"line":368,"column":6}},{"start":{"line":368,"column":6},"end":{"line":368,"column":6}}]},"46":{"line":369,"type":"if","locations":[{"start":{"line":369,"column":6},"end":{"line":369,"column":6}},{"start":{"line":369,"column":6},"end":{"line":369,"column":6}}]},"47":{"line":371,"type":"if","locations":[{"start":{"line":371,"column":6},"end":{"line":371,"column":6}},{"start":{"line":371,"column":6},"end":{"line":371,"column":6}}]},"48":{"line":377,"type":"if","locations":[{"start":{"line":377,"column":4},"end":{"line":377,"column":4}},{"start":{"line":377,"column":4},"end":{"line":377,"column":4}}]},"49":{"line":379,"type":"if","locations":[{"start":{"line":379,"column":6},"end":{"line":379,"column":6}},{"start":{"line":379,"column":6},"end":{"line":379,"column":6}}]},"50":{"line":385,"type":"if","locations":[{"start":{"line":385,"column":2},"end":{"line":385,"column":2}},{"start":{"line":385,"column":2},"end":{"line":385,"column":2}}]},"51":{"line":390,"type":"if","locations":[{"start":{"line":390,"column":2},"end":{"line":390,"column":2}},{"start":{"line":390,"column":2},"end":{"line":390,"column":2}}]},"52":{"line":395,"type":"if","locations":[{"start":{"line":395,"column":2},"end":{"line":395,"column":2}},{"start":{"line":395,"column":2},"end":{"line":395,"column":2}}]},"53":{"line":397,"type":"if","locations":[{"start":{"line":397,"column":4},"end":{"line":397,"column":4}},{"start":{"line":397,"column":4},"end":{"line":397,"column":4}}]},"54":{"line":400,"type":"if","locations":[{"start":{"line":400,"column":6},"end":{"line":400,"column":6}},{"start":{"line":400,"column":6},"end":{"line":400,"column":6}}]},"55":{"line":404,"type":"if","locations":[{"start":{"line":404,"column":8},"end":{"line":404,"column":8}},{"start":{"line":404,"column":8},"end":{"line":404,"column":8}}]},"56":{"line":410,"type":"if","locations":[{"start":{"line":410,"column":2},"end":{"line":410,"column":2}},{"start":{"line":410,"column":2},"end":{"line":410,"column":2}}]},"57":{"line":412,"type":"if","locations":[{"start":{"line":412,"column":2},"end":{"line":412,"column":2}},{"start":{"line":412,"column":2},"end":{"line":412,"column":2}}]},"58":{"line":421,"type":"if","locations":[{"start":{"line":421,"column":9},"end":{"line":421,"column":9}},{"start":{"line":421,"column":9},"end":{"line":421,"column":9}}]},"59":{"line":424,"type":"if","locations":[{"start":{"line":424,"column":4},"end":{"line":424,"column":4}},{"start":{"line":424,"column":4},"end":{"line":424,"column":4}}]},"60":{"line":425,"type":"if","locations":[{"start":{"line":425,"column":4},"end":{"line":425,"column":4}},{"start":{"line":425,"column":4},"end":{"line":425,"column":4}}]}}},"/home/alex/github/node-validator/src/type/and.coffee":{"path":"/home/alex/github/node-validator/src/type/and.coffee","s":{"1":0,"2":0,"3":0,"4":0,"5":0,"6":0,"7":0,"8":0,"9":0,"10":0,"11":0,"12":0,"13":0,"14":0,"15":0,"16":0,"17":0,"18":0,"19":0,"20":0,"21":0,"22":0,"23":0,"24":0,"25":0,"26":0,"27":0,"28":0,"29":0,"30":0,"31":0,"32":0,"33":0,"34":0,"35":0,"36":0,"37":0,"38":0,"39":0,"40":0,"41":0,"42":0,"43":0,"44":0,"45":0,"46":0,"47":0,"48":0,"49":0,"50":0,"51":0},"b":{"1":[0,0],"2":[0,0],"3":[0,0],"4":[0,0],"5":[0,0]},"f":{"1":0,"2":0,"3":0,"4":0,"5":0,"6":0,"7":0,"8":0,"9":0},"fnMap":{"1":{"name":"exports","line":16,"loc":{"start":{"line":16,"column":0},"end":{"line":16,"column":31}}},"2":{"name":"(anonymous_1)","line":19,"loc":{"start":{"line":19,"column":22},"end":{"line":19,"column":33}}},"3":{"name":"(anonymous_2)","line":21,"loc":{"start":{"line":21,"column":46},"end":{"line":21,"column":59}}},"4":{"name":"(anonymous_3)","line":24,"loc":{"start":{"line":24,"column":4},"end":{"line":24,"column":20}}},"5":{"name":"exports","line":30,"loc":{"start":{"line":30,"column":0},"end":{"line":30,"column":26}}},"6":{"name":"(anonymous_4)","line":42,"loc":{"start":{"line":42,"column":29},"end":{"line":42,"column":40}}},"7":{"name":"(anonymous_5)","line":45,"loc":{"start":{"line":45,"column":19},"end":{"line":45,"column":34}}},"8":{"name":"(anonymous_6)","line":49,"loc":{"start":{"line":49,"column":4},"end":{"line":49,"column":11}}},"9":{"name":"exports","line":53,"loc":{"start":{"line":53,"column":0},"end":{"line":53,"column":34}}}},"statementMap":{"1":{"start":{"line":6,"column":0},"end":{"line":6,"column":40}},"2":{"start":{"line":7,"column":0},"end":{"line":7,"column":22}},"3":{"start":{"line":9,"column":0},"end":{"line":9,"column":27}},"4":{"start":{"line":10,"column":0},"end":{"line":10,"column":29}},"5":{"start":{"line":12,"column":0},"end":{"line":12,"column":25}},"6":{"start":{"line":16,"column":0},"end":{"line":29,"column":0}},"7":{"start":{"line":17,"column":2},"end":{"line":17,"column":54}},"8":{"start":{"line":18,"column":2},"end":{"line":18,"column":30}},"9":{"start":{"line":19,"column":2},"end":{"line":29,"column":0}},"10":{"start":{"line":21,"column":4},"end":{"line":24,"column":1}},"11":{"start":{"line":22,"column":6},"end":{"line":22,"column":25}},"12":{"start":{"line":22,"column":6},"end":{"line":22,"column":18}},"13":{"start":{"line":23,"column":6},"end":{"line":23,"column":49}},"14":{"start":{"line":23,"column":15},"end":{"line":23,"column":48}},"15":{"start":{"line":23,"column":22},"end":{"line":23,"column":47}},"16":{"start":{"line":25,"column":4},"end":{"line":25,"column":23}},"17":{"start":{"line":25,"column":4},"end":{"line":25,"column":16}},"18":{"start":{"line":26,"column":4},"end":{"line":26,"column":34}},"19":{"start":{"line":27,"column":4},"end":{"line":27,"column":39}},"20":{"start":{"line":28,"column":4},"end":{"line":28,"column":16}},"21":{"start":{"line":30,"column":0},"end":{"line":52,"column":0}},"22":{"start":{"line":31,"column":2},"end":{"line":31,"column":74}},"23":{"start":{"line":31,"column":10},"end":{"line":31,"column":73}},"24":{"start":{"line":31,"column":11},"end":{"line":31,"column":14}},"25":{"start":{"line":31,"column":30},"end":{"line":31,"column":52}},"26":{"start":{"line":31,"column":60},"end":{"line":31,"column":63}},"27":{"start":{"line":32,"column":2},"end":{"line":32,"column":58}},"28":{"start":{"line":32,"column":10},"end":{"line":32,"column":57}},"29":{"start":{"line":32,"column":11},"end":{"line":32,"column":14}},"30":{"start":{"line":32,"column":25},"end":{"line":32,"column":56}},"31":{"start":{"line":34,"column":2},"end":{"line":41,"column":1}},"32":{"start":{"line":35,"column":4},"end":{"line":38,"column":1}},"33":{"start":{"line":36,"column":6},"end":{"line":36,"column":67}},"34":{"start":{"line":36,"column":14},"end":{"line":36,"column":66}},"35":{"start":{"line":36,"column":15},"end":{"line":36,"column":18}},"36":{"start":{"line":36,"column":36},"end":{"line":36,"column":65}},"37":{"start":{"line":37,"column":6},"end":{"line":37,"column":16}},"38":{"start":{"line":39,"column":4},"end":{"line":39,"column":31}},"39":{"start":{"line":41,"column":2},"end":{"line":41,"column":30}},"40":{"start":{"line":42,"column":2},"end":{"line":52,"column":0}},"41":{"start":{"line":43,"column":4},"end":{"line":43,"column":34}},"42":{"start":{"line":45,"column":4},"end":{"line":49,"column":1}},"43":{"start":{"line":46,"column":6},"end":{"line":46,"column":25}},"44":{"start":{"line":46,"column":6},"end":{"line":46,"column":18}},"45":{"start":{"line":47,"column":6},"end":{"line":47,"column":24}},"46":{"start":{"line":48,"column":6},"end":{"line":48,"column":9}},"47":{"start":{"line":50,"column":4},"end":{"line":50,"column":23}},"48":{"start":{"line":50,"column":4},"end":{"line":50,"column":16}},"49":{"start":{"line":51,"column":4},"end":{"line":51,"column":22}},"50":{"start":{"line":53,"column":0},"end":{"line":67,"column":6}},"51":{"start":{"line":54,"column":2},"end":{"line":67,"column":5}}},"branchMap":{"1":{"line":22,"type":"if","locations":[{"start":{"line":22,"column":6},"end":{"line":22,"column":6}},{"start":{"line":22,"column":6},"end":{"line":22,"column":6}}]},"2":{"line":25,"type":"if","locations":[{"start":{"line":25,"column":4},"end":{"line":25,"column":4}},{"start":{"line":25,"column":4},"end":{"line":25,"column":4}}]},"3":{"line":35,"type":"if","locations":[{"start":{"line":35,"column":4},"end":{"line":35,"column":4}},{"start":{"line":35,"column":4},"end":{"line":35,"column":4}}]},"4":{"line":46,"type":"if","locations":[{"start":{"line":46,"column":6},"end":{"line":46,"column":6}},{"start":{"line":46,"column":6},"end":{"line":46,"column":6}}]},"5":{"line":50,"type":"if","locations":[{"start":{"line":50,"column":4},"end":{"line":50,"column":4}},{"start":{"line":50,"column":4},"end":{"line":50,"column":4}}]}}},"/home/alex/github/node-validator/src/type/any.coffee":{"path":"/home/alex/github/node-validator/src/type/any.coffee","s":{"1":0,"2":0,"3":0,"4":0,"5":0,"6":0,"7":0,"8":0,"9":0,"10":0,"11":0,"12":0,"13":0,"14":0,"15":0,"16":0,"17":0,"18":0,"19":0,"20":0,"21":0,"22":0,"23":0,"24":0,"25":0,"26":0,"27":0,"28":0,"29":0,"30":0,"31":0,"32":0,"33":0,"34":0},"b":{"1":[0,0]},"f":{"1":0,"2":0,"3":0},"fnMap":{"1":{"name":"exports","line":15,"loc":{"start":{"line":15,"column":0},"end":{"line":15,"column":31}}},"2":{"name":"exports","line":21,"loc":{"start":{"line":21,"column":0},"end":{"line":21,"column":26}}},"3":{"name":"exports","line":34,"loc":{"start":{"line":34,"column":0},"end":{"line":34,"column":34}}}},"statementMap":{"1":{"start":{"line":7,"column":0},"end":{"line":7,"column":40}},"2":{"start":{"line":8,"column":0},"end":{"line":8,"column":20}},"3":{"start":{"line":9,"column":0},"end":{"line":9,"column":22}},"4":{"start":{"line":11,"column":0},"end":{"line":11,"column":25}},"5":{"start":{"line":15,"column":0},"end":{"line":20,"column":0}},"6":{"start":{"line":16,"column":2},"end":{"line":16,"column":30}},"7":{"start":{"line":17,"column":2},"end":{"line":17,"column":37}},"8":{"start":{"line":18,"column":2},"end":{"line":18,"column":43}},"9":{"start":{"line":19,"column":2},"end":{"line":19,"column":14}},"10":{"start":{"line":21,"column":0},"end":{"line":33,"column":0}},"11":{"start":{"line":22,"column":2},"end":{"line":22,"column":74}},"12":{"start":{"line":22,"column":10},"end":{"line":22,"column":73}},"13":{"start":{"line":22,"column":11},"end":{"line":22,"column":14}},"14":{"start":{"line":22,"column":30},"end":{"line":22,"column":52}},"15":{"start":{"line":22,"column":60},"end":{"line":22,"column":63}},"16":{"start":{"line":23,"column":2},"end":{"line":23,"column":58}},"17":{"start":{"line":23,"column":10},"end":{"line":23,"column":57}},"18":{"start":{"line":23,"column":11},"end":{"line":23,"column":14}},"19":{"start":{"line":23,"column":25},"end":{"line":23,"column":56}},"20":{"start":{"line":25,"column":2},"end":{"line":31,"column":1}},"21":{"start":{"line":26,"column":4},"end":{"line":29,"column":1}},"22":{"start":{"line":27,"column":6},"end":{"line":27,"column":67}},"23":{"start":{"line":27,"column":14},"end":{"line":27,"column":66}},"24":{"start":{"line":27,"column":15},"end":{"line":27,"column":18}},"25":{"start":{"line":27,"column":36},"end":{"line":27,"column":65}},"26":{"start":{"line":28,"column":6},"end":{"line":28,"column":16}},"27":{"start":{"line":30,"column":4},"end":{"line":30,"column":31}},"28":{"start":{"line":31,"column":2},"end":{"line":31,"column":56}},"29":{"start":{"line":31,"column":10},"end":{"line":31,"column":55}},"30":{"start":{"line":31,"column":11},"end":{"line":31,"column":14}},"31":{"start":{"line":31,"column":32},"end":{"line":31,"column":54}},"32":{"start":{"line":32,"column":2},"end":{"line":32,"column":20}},"33":{"start":{"line":34,"column":0},"end":{"line":41,"column":6}},"34":{"start":{"line":35,"column":2},"end":{"line":41,"column":5}}},"branchMap":{"1":{"line":26,"type":"if","locations":[{"start":{"line":26,"column":4},"end":{"line":26,"column":4}},{"start":{"line":26,"column":4},"end":{"line":26,"column":4}}]}}},"/home/alex/github/node-validator/src/type/array.coffee":{"path":"/home/alex/github/node-validator/src/type/array.coffee","s":{"1":0,"2":0,"3":0,"4":0,"5":0,"6":0,"7":0,"8":0,"9":0,"10":0,"11":0,"12":0,"13":0,"14":0,"15":0,"16":0,"17":0,"18":0,"19":0,"20":0,"21":0,"22":0,"23":0,"24":0,"25":0,"26":0,"27":0,"28":0,"29":0,"30":0,"31":0,"32":0,"33":0,"34":0,"35":0,"36":0,"37":0,"38":0,"39":0,"40":0,"41":0,"42":0,"43":0,"44":0,"45":0,"46":0,"47":0,"48":0,"49":0,"50":0,"51":0,"52":0,"53":0,"54":0,"55":0,"56":0,"57":0,"58":0,"59":0,"60":0,"61":0,"62":0,"63":0,"64":0,"65":0,"66":0,"67":0,"68":0,"69":0,"70":0,"71":0,"72":0,"73":0,"74":0,"75":0,"76":0,"77":0,"78":0,"79":0,"80":0,"81":0,"82":0,"83":0,"84":0,"85":0,"86":0,"87":0,"88":0,"89":0,"90":0,"91":0,"92":0,"93":0,"94":0,"95":0,"96":0,"97":0,"98":0,"99":0,"100":0,"101":0,"102":0,"103":0,"104":0,"105":0,"106":0,"107":0,"108":0,"109":0,"110":0,"111":0,"112":0,"113":0,"114":0,"115":0,"116":0,"117":0,"118":0,"119":0,"120":0,"121":0,"122":0,"123":0,"124":0,"125":0,"126":0,"127":0,"128":0,"129":0,"130":0,"131":0,"132":0,"133":0,"134":0,"135":0,"136":0,"137":0,"138":0,"139":0,"140":0,"141":0,"142":0,"143":0,"144":0,"145":0,"146":0,"147":0,"148":0,"149":0,"150":0,"151":0,"152":0,"153":0,"154":0,"155":0,"156":0},"b":{"1":[0,0],"2":[0,0],"3":[0,0],"4":[0,0],"5":[0,0],"6":[0,0],"7":[0,0],"8":[0,0],"9":[0,0],"10":[0,0],"11":[0,0],"12":[0,0],"13":[0,0],"14":[0,0],"15":[0,0],"16":[0,0],"17":[0,0],"18":[0,0],"19":[0,0],"20":[0,0],"21":[0,0],"22":[0,0],"23":[0,0],"24":[0,0],"25":[0,0],"26":[0,0,0],"27":[0,0],"28":[0,0],"29":[0,0,0]},"f":{"1":0,"2":0,"3":0,"4":0,"5":0,"6":0,"7":0,"8":0,"9":0,"10":0,"11":0,"12":0,"13":0},"fnMap":{"1":{"name":"exports","line":33,"loc":{"start":{"line":33,"column":0},"end":{"line":33,"column":31}}},"2":{"name":"(anonymous_1)","line":52,"loc":{"start":{"line":52,"column":4},"end":{"line":52,"column":10}}},"3":{"name":"(anonymous_2)","line":56,"loc":{"start":{"line":56,"column":26},"end":{"line":56,"column":37}}},"4":{"name":"(anonymous_3)","line":58,"loc":{"start":{"line":58,"column":51},"end":{"line":58,"column":64}}},"5":{"name":"(anonymous_4)","line":61,"loc":{"start":{"line":61,"column":8},"end":{"line":61,"column":24}}},"6":{"name":"(anonymous_5)","line":64,"loc":{"start":{"line":64,"column":4},"end":{"line":64,"column":10}}},"7":{"name":"(anonymous_6)","line":68,"loc":{"start":{"line":68,"column":47},"end":{"line":68,"column":60}}},"8":{"name":"(anonymous_7)","line":71,"loc":{"start":{"line":71,"column":5},"end":{"line":71,"column":21}}},"9":{"name":"exports","line":77,"loc":{"start":{"line":77,"column":0},"end":{"line":77,"column":26}}},"10":{"name":"(anonymous_8)","line":118,"loc":{"start":{"line":118,"column":22},"end":{"line":118,"column":33}}},"11":{"name":"(anonymous_9)","line":141,"loc":{"start":{"line":141,"column":4},"end":{"line":141,"column":18}}},"12":{"name":"(anonymous_10)","line":149,"loc":{"start":{"line":149,"column":28},"end":{"line":149,"column":33}}},"13":{"name":"exports","line":156,"loc":{"start":{"line":156,"column":0},"end":{"line":156,"column":34}}}},"statementMap":{"1":{"start":{"line":22,"column":0},"end":{"line":22,"column":42}},"2":{"start":{"line":23,"column":0},"end":{"line":23,"column":22}},"3":{"start":{"line":25,"column":0},"end":{"line":25,"column":27}},"4":{"start":{"line":26,"column":0},"end":{"line":26,"column":21}},"5":{"start":{"line":27,"column":0},"end":{"line":27,"column":29}},"6":{"start":{"line":29,"column":0},"end":{"line":29,"column":25}},"7":{"start":{"line":33,"column":0},"end":{"line":76,"column":0}},"8":{"start":{"line":34,"column":2},"end":{"line":34,"column":18}},"9":{"start":{"line":35,"column":2},"end":{"line":35,"column":37}},"10":{"start":{"line":36,"column":2},"end":{"line":36,"column":43}},"11":{"start":{"line":37,"column":2},"end":{"line":39,"column":1}},"12":{"start":{"line":38,"column":4},"end":{"line":38,"column":43}},"13":{"start":{"line":39,"column":2},"end":{"line":42,"column":1}},"14":{"start":{"line":40,"column":4},"end":{"line":41,"column":47}},"15":{"start":{"line":40,"column":12},"end":{"line
[...]
"column":7}},{"start":{"line":82,"column":7},"end":{"line":82,"column":7}}]},"16":{"line":85,"type":"if","locations":[{"start":{"line":85,"column":2},"end":{"line":85,"column":2}},{"start":{"line":85,"column":2},"end":{"line":85,"column":2}}]},"17":{"line":86,"type":"if","locations":[{"start":{"line":86,"column":4},"end":{"line":86,"column":4}},{"start":{"line":86,"column":4},"end":{"line":86,"column":4}}]},"18":{"line":88,"type":"if","locations":[{"start":{"line":88,"column":9},"end":{"line":88,"column":9}},{"start":{"line":88,"column":9},"end":{"line":88,"column":9}}]},"19":{"line":92,"type":"if","locations":[{"start":{"line":92,"column":2},"end":{"line":92,"column":2}},{"start":{"line":92,"column":2},"end":{"line":92,"column":2}}]},"20":{"line":94,"type":"if","locations":[{"start":{"line":94,"column":2},"end":{"line":94,"column":2}},{"start":{"line":94,"column":2},"end":{"line":94,"column":2}}]},"21":{"line":96,"type":"if","locations":[{"start":{"line":96,"column":2},"end":{"line":96,"column":2}},{"start":{"line":96,"column":2},"end":{"line":96,"column":2}}]},"22":{"line":98,"type":"if","locations":[{"start":{"line":98,"column":4},"end":{"line":98,"column":4}},{"start":{"line":98,"column":4},"end":{"line":98,"column":4}}]},"23":{"line":104,"type":"if","locations":[{"start":{"line":104,"column":2},"end":{"line":104,"column":2}},{"start":{"line":104,"column":2},"end":{"line":104,"column":2}}]},"24":{"line":106,"type":"if","locations":[{"start":{"line":106,"column":4},"end":{"line":106,"column":4}},{"start":{"line":106,"column":4},"end":{"line":106,"column":4}}]},"25":{"line":119,"type":"if","locations":[{"start":{"line":119,"column":4},"end":{"line":119,"column":4}},{"start":{"line":119,"column":4},"end":{"line":119,"column":4}}]},"26":{"line":126,"type":"if","locations":[{"start":{"line":126,"column":2},"end":{"line":126,"column":2}},{"start":{"line":126,"column":2},"end":{"line":126,"column":2}}]},"27":{"line":128,"type":"if","locations":[{"start":{"line":128,"column":2},"end":{"line":128,"column":2}},{"start":{"line":128,"column":2},"end":{"line":128,"column":2}}]},"28":{"line":131,"type":"if","locations":[{"start":{"line":131,"column":2},"end":{"line":131,"column":2}},{"start":{"line":131,"column":2},"end":{"line":131,"column":2}}]},"29":{"line":133,"type":"if","locations":[{"start":{"line":133,"column":2},"end":{"line":133,"column":2}},{"start":{"line":133,"column":2},"end":{"line":133,"column":2}}]},"30":{"line":136,"type":"if","locations":[{"start":{"line":136,"column":2},"end":{"line":136,"column":2}},{"start":{"line":136,"column":2},"end":{"line":136,"column":2}}]},"31":{"line":138,"type":"if","locations":[{"start":{"line":138,"column":2},"end":{"line":138,"column":2}},{"start":{"line":138,"column":2},"end":{"line":138,"column":2}}]},"32":{"line":140,"type":"if","locations":[{"start":{"line":140,"column":2},"end":{"line":140,"column":2}},{"start":{"line":140,"column":2},"end":{"line":140,"column":2}}]},"33":{"line":142,"type":"if","locations":[{"start":{"line":142,"column":2},"end":{"line":142,"column":2}},{"start":{"line":142,"column":2},"end":{"line":142,"column":2}}]},"34":{"line":145,"type":"if","locations":[{"start":{"line":145,"column":2},"end":{"line":145,"column":2}},{"start":{"line":145,"column":2},"end":{"line":145,"column":2}}]},"35":{"line":146,"type":"if","locations":[{"start":{"line":146,"column":4},"end":{"line":146,"column":4}},{"start":{"line":146,"column":4},"end":{"line":146,"column":4}}]},"36":{"line":153,"type":"if","locations":[{"start":{"line":153,"column":2},"end":{"line":153,"column":2}},{"start":{"line":153,"column":2},"end":{"line":153,"column":2}}]},"37":{"line":155,"type":"if","locations":[{"start":{"line":155,"column":2},"end":{"line":155,"column":2}},{"start":{"line":155,"column":2},"end":{"line":155,"column":2}}]},"38":{"line":158,"type":"if","locations":[{"start":{"line":158,"column":2},"end":{"line":158,"column":2}},{"start":{"line":158,"column":2},"end":{"line":158,"column":2}}]},"39":{"line":161,"type":"if","locations":[{"start":{"line":161,"column":2},"end":{"line":161,"column":2}},{"start":{"line":161,"column":2},"end":{"line":161,"column":2}}]},"40":{"line":165,"type":"if","locations":[{"start":{"line":165,"column":2},"end":{"line":165,"column":2}},{"start":{"line":165,"column":2},"end":{"line":165,"column":2}}]},"41":{"line":166,"type":"if","locations":[{"start":{"line":166,"column":4},"end":{"line":166,"column":4}},{"start":{"line":166,"column":4},"end":{"line":166,"column":4}}]},"42":{"line":168,"type":"if","locations":[{"start":{"line":168,"column":9},"end":{"line":168,"column":9}},{"start":{"line":168,"column":9},"end":{"line":168,"column":9}}]},"43":{"line":170,"type":"if","locations":[{"start":{"line":170,"column":4},"end":{"line":170,"column":4}},{"start":{"line":170,"column":4},"end":{"line":170,"column":4}}]},"44":{"line":173,"type":"if","locations":[{"start":{"line":173,"column":2},"end":{"line":173,"column":2}},{"start":{"line":173,"column":2},"end":{"line":173,"column":2}}]},"45":{"line":176,"type":"if","locations":[{"start":{"line":176,"column":2},"end":{"line":176,"column":2}},{"start":{"line":176,"column":2},"end":{"line":176,"column":2}}]},"46":{"line":180,"type":"if","locations":[{"start":{"line":180,"column":2},"end":{"line":180,"column":2}},{"start":{"line":180,"column":2},"end":{"line":180,"column":2}}]},"47":{"line":181,"type":"if","locations":[{"start":{"line":181,"column":4},"end":{"line":181,"column":4}},{"start":{"line":181,"column":4},"end":{"line":181,"column":4}}]},"48":{"line":184,"type":"if","locations":[{"start":{"line":184,"column":8},"end":{"line":184,"column":8}},{"start":{"line":184,"column":8},"end":{"line":184,"column":8}}]},"49":{"line":186,"type":"if","locations":[{"start":{"line":186,"column":6},"end":{"line":186,"column":6}},{"start":{"line":186,"column":6},"end":{"line":186,"column":6}}]},"50":{"line":189,"type":"if","locations":[{"start":{"line":189,"column":9},"end":{"line":189,"column":9}},{"start":{"line":189,"column":9},"end":{"line":189,"column":9}}]},"51":{"line":190,"type":"if","locations":[{"start":{"line":190,"column":6},"end":{"line":190,"column":6}},{"start":{"line":190,"column":6},"end":{"line":190,"column":6}}]},"52":{"line":193,"type":"if","locations":[{"start":{"line":193,"column":9},"end":{"line":193,"column":9}},{"start":{"line":193,"column":9},"end":{"line":193,"column":9}}]},"53":{"line":196,"type":"if","locations":[{"start":{"line":196,"column":2},"end":{"line":196,"column":2}},{"start":{"line":196,"column":2},"end":{"line":196,"column":2}}]},"54":{"line":197,"type":"if","locations":[{"start":{"line":197,"column":4},"end":{"line":197,"column":4}},{"start":{"line":197,"column":4},"end":{"line":197,"column":4}}]},"55":{"line":200,"type":"if","locations":[{"start":{"line":200,"column":8},"end":{"line":200,"column":8}},{"start":{"line":200,"column":8},"end":{"line":200,"column":8}}]},"56":{"line":202,"type":"if","locations":[{"start":{"line":202,"column":6},"end":{"line":202,"column":6}},{"start":{"line":202,"column":6},"end":{"line":202,"column":6}}]},"57":{"line":205,"type":"if","locations":[{"start":{"line":205,"column":9},"end":{"line":205,"column":9}},{"start":{"line":205,"column":9},"end":{"line":205,"column":9}}]},"58":{"line":206,"type":"if","locations":[{"start":{"line":206,"column":6},"end":{"line":206,"column":6}},{"start":{"line":206,"column":6},"end":{"line":206,"column":6}}]},"59":{"line":209,"type":"if","locations":[{"start":{"line":209,"column":9},"end":{"line":209,"column":9}},{"start":{"line":209,"column":9},"end":{"line":209,"column":9}}]}}},"/home/alex/github/node-validator/src/type/url.coffee":{"path":"/home/alex/github/node-validator/src/type/url.coffee","s":{"1":0,"2":0,"3":0,"4":0,"5":0,"6":0,"7":0,"8":0,"9":0,"10":0,"11":0,"12":0,"13":0,"14":0,"15":0,"16":0,"17":0,"18":0,"19":0,"20":0,"21":0,"22":0,"23":0,"24":0,"25":0,"26":0,"27":0,"28":0,"29":0,"30":0,"31":0,"32":0,"33":0,"34":0,"35":0,"36":0,"37":0,"38":0,"39":0,"40":0,"41":0,"42":0,"43":0,"44":0,"45":0,"46":0,"47":0,"48":0,"49":0,"50":0,"51":0,"52":0,"53":0,"54":0,"55":0,"56":0,"57":0,"58":0,"59":0,"60":0,"61":0,"62":0,"63":0,"64":0,"65":0,"66":0,"67":0,"68":0,"69":0,"70":0,"71":0,"72":0,"73":0,"74":0,"75":0,"76":0,"77":0,"78":0,"79":0,"80":0,"81":0,"82":0,"83":0,"84":0,"85":0,"86":0,"87":0,"88":0,"89":0,"90":0,"91":0,"92":0,"93":0,"94":0,"95":0,"96":0,"97":0,"98":0,"99":0,"100":0,"101":0,"102":0,"103":0,"104":0},"b":{"1":[0,0],"2":[0,0],"3":[0,0],"4":[0,0],"5":[0,0],"6":[0,0],"7":[0,0],"8":[0,0],"9":[0,0],"10":[0,0],"11":[0,0],"12":[0,0],"13":[0,0],"14":[0,0],"15":[0,0],"16":[0,0],"17":[0,0],"18":[0,0],"19":[0,0],"20":[0,0],"21":[0,0],"22":[0,0],"23":[0,0]},"f":{"1":0,"2":0,"3":0},"fnMap":{"1":{"name":"exports","line":27,"loc":{"start":{"line":27,"column":0},"end":{"line":27,"column":31}}},"2":{"name":"exports","line":45,"loc":{"start":{"line":45,"column":0},"end":{"line":45,"column":26}}},"3":{"name":"exports","line":101,"loc":{"start":{"line":101,"column":0},"end":{"line":101,"column":34}}}},"statementMap":{"1":{"start":{"line":16,"column":0},"end":{"line":16,"column":40}},"2":{"start":{"line":17,"column":0},"end":{"line":17,"column":22}},"3":{"start":{"line":18,"column":0},"end":{"line":18,"column":18}},"4":{"start":{"line":20,"column":0},"end":{"line":20,"column":27}},"5":{"start":{"line":22,"column":0},"end":{"line":22,"column":25}},"6":{"start":{"line":27,"column":0},"end":{"line":44,"column":0}},"7":{"start":{"line":28,"column":2},"end":{"line":28,"column":50}},"8":{"start":{"line":29,"column":2},"end":{"line":29,"column":37}},"9":{"start":{"line":30,"column":2},"end":{"line":30,"column":43}},"10":{"start":{"line":31,"column":2},"end":{"line":33,"column":1}},"11":{"start":{"line":32,"column":4},"end":{"line":32,"column":73}},"12":{"start":{"line":32,"column":12},"end":{"line":32,"column":73}},"13":{"start":{"line":32,"column":46},"end":{"line":32,"column":49}},"14":{"start":{"line":33,"column":2},"end":{"line":35,"column":1}},"15":{"start":{"line":34,"column":4},"end":{"line":34,"column":52}},"16":{"start":{"line":35,"column":2},"end":{"line":37,"column":1}},"17":{"start":{"line":36,"column":4},"end":{"line":36,"column":75}},"18":{"start":{"line":36,"column":12},"end":{"line":36,"column":75}},"19":{"start":{"line":36,"column":39},"end":{"line":36,"column":42}},"20":{"start":{"line":37,"column":2},"end":{"line":39,"column":1}},"21":{"start":{"line":38,"column":4},"end":{"line":38,"column":74}},"22":{"start":{"line":38,"column":12},"end":{"line":38,"column":74}},"23":{"start":{"line":38,"column":34},"end":{"line":38,"column":37}},"24":{"start":{"line":39,"column":2},"end":{"line":41,"column":1}},"25":{"start":{"line":40,"column":4},"end":{"line":40,"column":66}},"26":{"start":{"line":40,"column":12},"end":{"line":40,"column":66}},"27":{"start":{"line":40,"column":40},"end":{"line":40,"column":43}},"28":{"start":{"line":41,"column":2},"end":{"line":43,"column":1}},"29":{"start":{"line":42,"column":4},"end":{"line":42,"column":45}},"30":{"start":{"line":43,"column":2},"end":{"line":43,"column":14}},"31":{"start":{"line":45,"column":0},"end":{"line":100,"column":0}},"32":{"start":{"line":46,"column":2},"end":{"line":46,"column":74}},"33":{"start":{"line":46,"column":10},"end":{"line":46,"column":73}},"34":{"start":{"line":46,"column":11},"end":{"line":46,"column":14}},"35":{"start":{"line":46,"column":30},"end":{"line":46,"column":52}},"36":{"start":{"line":46,"column":60},"end":{"line":46,"column":63}},"37":{"start":{"line":47,"column":2},"end":{"line":47,"column":58}},"38":{"start":{"line":47,"column":10},"end":{"line":47,"column":57}},"39":{"start":{"line":47,"column":11},"end":{"line":47,"column":14}},"40":{"start":{"line":47,"column":25},"end":{"line":47,"column":56}},"41":{"start":{"line":49,"column":2},"end":{"line":56,"column":1}},"42":{"start":{"line":50,"column":4},"end":{"line":53,"column":1}},"43":{"start":{"line":51,"column":6},"end":{"line":51,"column":67}},"44":{"start":{"line":51,"column":14},"end":{"line":51,"column":66}},"45":{"start":{"line":51,"column":15},"end":{"line":51,"column":18}},"46":{"start":{"line":51,"column":36},"end":{"line":51,"column":65}},"47":{"start":{"line":52,"column":6},"end":{"line":52,"column":16}},"48":{"start":{"line":54,"column":4},"end":{"line":54,"column":31}},"49":{"start":{"line":56,"column":2},"end":{"line":56,"column":19}},"50":{"start":{"line":57,"column":2},"end":{"line":59,"column":1}},"51":{"start":{"line":58,"column":4},"end":{"line":58,"column":74}},"52":{"start":{"line":58,"column":28},"end":{"line":58,"column":69}},"53":{"start":{"line":59,"column":2},"end":{"line":61,"column":1}},"54":{"start":{"line":60,"column":4},"end":{"line":60,"column":53}},"55":{"start":{"line":61,"column":2},"end":{"line":61,"column":24}},"56":{"start":{"line":62,"column":2},"end":{"line":66,"column":1}},"57":{"start":{"line":63,"column":4},"end":{"line":63,"column":22}},"58":{"start":{"line":64,"column":4},"end":{"line":64,"column":20}},"59":{"start":{"line":66,"column":2},"end":{"line":91,"column":1}},"60":{"start":{"line":67,"column":4},"end":{"line":67,"column":20}},"61":{"start":{"line":68,"column":4},"end":{"line":79,"column":3}},"62":{"start":{"line":69,"column":6},"end":{"line":69,"column":19}},"63":{"start":{"line":70,"column":6},"end":{"line":70,"column":95}},"64":{"start":{"line":70,"column":6},"end":{"line":70,"column":52}},"65":{"start":{"line":71,"column":6},"end":{"line":76,"column":5}},"66":{"start":{"line":72,"column":8},"end":{"line":75,"column":60}},"67":{"start":{"line":73,"column":10},"end":{"line":73,"column":57}},"68":{"start":{"line":75,"column":10},"end":{"line":75,"column":60}},"69":{"start":{"line":76,"column":6},"end":{"line":79,"column":3}},"70":{"start":{"line":77,"column":8},"end":{"line":78,"column":47}},"71":{"start":{"line":77,"column":32},"end":{"line":78,"column":42}},"72":{"start":{"line":77,"column":38},"end":{"line":78,"column":42}},"73":{"start":{"line":77,"column":55},"end":{"line":77,"column":59}},"74":{"start":{"line":78,"column":19},"end":{"line":78,"column":22}},"75":{"start":{"line":79,"column":4},"end":{"line":91,"column":1}},"76":{"start":{"line":80,"column":6},"end":{"line":80,"column":19}},"77":{"start":{"line":81,"column":6},"end":{"line":81,"column":92}},"78":{"start":{"line":81,"column":6},"end":{"line":81,"column":50}},"79":{"start":{"line":82,"column":6},"end":{"line":87,"column":5}},"80":{"start":{"line":83,"column":8},"end":{"line":86,"column":64}},"81":{"start":{"line":84,"column":10},"end":{"line":84,"column":61}},"82":{"start":{"line":86,"column":10},"end":{"line":86,"column":64}},"83":{"start":{"line":87,"column":6},"end":{"line":91,"column":1}},"84":{"start":{"line":88,"column":8},"end":{"line":89,"column":46}},"85":{"start":{"line":88,"column":32},"end":{"line":89,"column":41}},"86":{"start":{"line":88,"column":38},"end":{"line":89,"column":41}},"87":{"start":{"line":88,"column":55},"end":{"line":88,"column":59}},"88":{"start":{"line":89,"column":19},"end":{"line":89,"column":22}},"89":{"start":{"line":91,"column":2},"end":{"line":96,"column":1}},"90":{"start":{"line":92,"column":4},"end":{"line":94,"column":3}},"91":{"start":{"line":93,"column":6},"end":{"line":93,"column":66}},"92":{"start":{"line":93,"column":30},"end":{"line":93,"column":61}},"93":{"start":{"line":94,"column":4},"end":{"line":96,"column":1}},"94":{"start":{"line":95,"column":6},"end":{"line":95,"column":88}},"95":{"start":{"line":95,"column":30},"end":{"line":95,"column":83}},"96":{"start":{"line":95,"column":36},"end":{"line":95,"column":83}},"97":{"start":{"line":95,"column":52},"end":{"line":95,"column":56}},"98":{"start":{"line":96,"column":2},"end":{"line":98,"column":1}},"99":{"start":{"line":97,"column":4},"end":{"line":97,"column":70}},"100":{"start":{"line":97,"column":28},"end":{"line":97,"column":65}},"101":{"start":{"line":98,"column":2},"end":{"line":98,"column":25}},"102":{"start":{"line":99,"column":2},"end":{"line":99,"column":22}},"103":{"start":{"line":101,"column":0},"end":{"line":140,"column":6}},"104":{"start":{"line":102,"column":2},"end":{"line":140,"column":5}}},"branchMap":{"1":{"line":31,"type":"if","locations":[{"start":{"line":31,"column":2},"end":{"line":31,"column":2}},{"start":{"line":31,"column":2},"end":{"line":31,"column":2}}]},"2":{"line":33,"type":"if","locations":[{"start":{"line":33,"column":2},"end":{"line":33,"column":2}},{"start":{"line":33,"column":2},"end":{"line":33,"column":2}}]},"3":{"line":35,"type":"if","locations":[{"start":{"line":35,"column":2},"end":{"line":35,"column":2}},{"start":{"line":35,"column":2},"end":{"line":35,"column":2}}]},"4":{"line":37,"type":"if","locations":[{"start":{"line":37,"column":2},"end":{"line":37,"column":2}},{"start":{"line":37,"column":2},"end":{"line":37,"column":2}}]},"5":{"line":39,"type":"if","locations":[{"start":{"line":39,"column":2},"end":{"line":39,"column":2}},{"start":{"line":39,"column":2},"end":{"line":39,"column":2}}]},"6":{"line":41,"type":"if","locations":[{"start":{"line":41,"column":2},"end":{"line":41,"column":2}},{"start":{"line":41,"column":2},"end":{"line":41,"column":2}}]},"7":{"line":50,"type":"if","locations":[{"start":{"line":50,"column":4},"end":{"line":50,"column":4}},{"start":{"line":50,"column":4},"end":{"line":50,"column":4}}]},"8":{"line":57,"type":"if","locations":[{"start":{"line":57,"column":2},"end":{"line":57,"column":2}},{"start":{"line":57,"column":2},"end":{"line":57,"column":2}}]},"9":{"line":59,"type":"if","locations":[{"start":{"line":59,"column":2},"end":{"line":59,"column":2}},{"start":{"line":59,"column":2},"end":{"line":59,"column":2}}]},"10":{"line":62,"type":"if","locations":[{"start":{"line":62,"column":2},"end":{"line":62,"column":2}},{"start":{"line":62,"column":2},"end":{"line":62,"column":2}}]},"11":{"line":66,"type":"if","locations":[{"start":{"line":66,"column":2},"end":{"line":66,"column":2}},{"start":{"line":66,"column":2},"end":{"line":66,"column":2}}]},"12":{"line":68,"type":"if","locations":[{"start":{"line":68,"column":4},"end":{"line":68,"column":4}},{"start":{"line":68,"column":4},"end":{"line":68,"column":4}}]},"13":{"line":70,"type":"if","locations":[{"start":{"line":70,"column":6},"end":{"line":70,"column":6}},{"start":{"line":70,"column":6},"end":{"line":70,"column":6}}]},"14":{"line":72,"type":"if","locations":[{"start":{"line":72,"column":8},"end":{"line":72,"column":8}},{"start":{"line":72,"column":8},"end":{"line":72,"column":8}}]},"15":{"line":76,"type":"if","locations":[{"start":{"line":76,"column":6},"end":{"line":76,"column":6}},{"start":{"line":76,"column":6},"end":{"line":76,"column":6}}]},"16":{"line":79,"type":"if","locations":[{"start":{"line":79,"column":4},"end":{"line":79,"column":4}},{"start":{"line":79,"column":4},"end":{"line":79,"column":4}}]},"17":{"line":81,"type":"if","locations":[{"start":{"line":81,"column":6},"end":{"line":81,"column":6}},{"start":{"line":81,"column":6},"end":{"line":81,"column":6}}]},"18":{"line":83,"type":"if","locations":[{"start":{"line":83,"column":8},"end":{"line":83,"column":8}},{"start":{"line":83,"column":8},"end":{"line":83,"column":8}}]},"19":{"line":87,"type":"if","locations":[{"start":{"line":87,"column":6},"end":{"line":87,"column":6}},{"start":{"line":87,"column":6},"end":{"line":87,"column":6}}]},"20":{"line":91,"type":"if","locations":[{"start":{"line":91,"column":2},"end":{"line":91,"column":2}},{"start":{"line":91,"column":2},"end":{"line":91,"column":2}}]},"21":{"line":92,"type":"if","locations":[{"start":{"line":92,"column":4},"end":{"line":92,"column":4}},{"start":{"line":92,"column":4},"end":{"line":92,"column":4}}]},"22":{"line":94,"type":"if","locations":[{"start":{"line":94,"column":4},"end":{"line":94,"column":4}},{"start":{"line":94,"column":4},"end":{"line":94,"column":4}}]},"23":{"line":96,"type":"if","locations":[{"start":{"line":96,"column":2},"end":{"line":96,"column":2}},{"start":{"line":96,"column":2},"end":{"line":96,"column":2}}]}}}}