{"/home/alex/github/node-validator/src/check.coffee":{"path":"/home/alex/github/node-validator/src/check.coffee","s":{"1":1,"2":1,"3":1,"4":1,"5":1,"6":1,"7":1,"8":3486,"9":3486,"10":3486,"11":3486,"12":3486,"13":3486,"14":3486,"15":3486,"16":3486,"17":467,"18":467,"19":467,"20":467,"21":467,"22":467,"23":1,"24":1,"25":1,"26":467,"27":467,"28":467,"29":467,"30":467,"31":1,"32":1,"33":1,"34":1,"35":1,"36":467,"37":467,"38":467,"39":467,"40":467,"41":467,"42":467,"43":467,"44":467,"45":467,"46":2187,"47":2187,"48":2131,"49":2131,"50":2131,"51":2064,"52":67,"53":2131,"54":2131,"55":2131,"56":2131,"57":56,"58":56,"59":56,"60":2187,"61":664,"62":664,"63":664,"64":408,"65":256,"66":1523,"67":1523,"68":2187,"69":1173,"70":1014,"71":1,"72":2981,"73":6,"74":2975,"75":2975,"76":2975,"77":2975,"78":2975,"79":1,"80":2279,"81":364,"82":1915,"83":1,"84":653,"85":78,"86":653,"87":653,"88":652,"89":0,"90":0,"91":0,"92":1,"93":1,"94":1,"95":1,"96":1,"97":1,"98":1,"99":652,"100":1,"101":2286,"102":1221,"103":2286,"104":4665,"105":2286,"106":0,"107":2286,"108":2286,"109":2283,"110":0,"111":2283,"112":2283,"113":789,"114":2283,"115":1898,"116":2283,"117":2283,"118":2283,"119":2283,"120":2279,"121":0,"122":0,"123":0,"124":4,"125":4,"126":4,"127":4,"128":4,"129":4,"130":4,"131":2279,"132":1,"133":45,"134":45,"135":45,"136":45,"137":45,"138":44,"139":0,"140":0,"141":0,"142":1,"143":1,"144":1,"145":44,"146":1,"147":652,"148":631,"149":21,"150":16,"151":1,"152":15,"153":16,"154":16,"155":16,"156":5,"157":2279,"158":1915,"159":364,"160":53,"161":53,"162":311,"163":284,"164":27,"165":1},"b":{"1":[1,466],"2":[1,466],"3":[467,0],"4":[2131,56],"5":[2064,67],"6":[664,1523],"7":[408,256],"8":[1173,1014],"9":[6,2975],"10":[2975,0],"11":[364,1915],"12":[78,575],"13":[0,652],"14":[1221,1065],"15":[0,2286],"16":[0,2283],"17":[1898,385],"18":[0,2279],"19":[0,44],"20":[631,21],"21":[16,5],"22":[1,15],"23":[1915,364],"24":[53,311],"25":[284,27]},"f":{"1":1,"2":3486,"3":467,"4":467,"5":2187,"6":2981,"7":2279,"8":653,"9":2286,"10":4665,"11":2286,"12":2283,"13":45,"14":652,"15":2279},"fnMap":{"1":{"name":"Work","line":36,"loc":{"start":{"line":36,"column":6},"end":{"line":36,"column":9}}},"2":{"name":"constructor","line":40,"loc":{"start":{"line":40,"column":2},"end":{"line":40,"column":24}}},"3":{"name":"report","line":53,"loc":{"start":{"line":53,"column":2},"end":{"line":53,"column":21}}},"4":{"name":"(anonymous_1)","line":65,"loc":{"start":{"line":65,"column":27},"end":{"line":65,"column":40}}},"5":{"name":"goInto","line":80,"loc":{"start":{"line":80,"column":2},"end":{"line":80,"column":37}}},"6":{"name":"getTypeLib","line":114,"loc":{"start":{"line":114,"column":0},"end":{"line":114,"column":21}}},"7":{"name":"isEmpty","line":123,"loc":{"start":{"line":123,"column":0},"end":{"line":123,"column":19}}},"8":{"name":"exports","line":139,"loc":{"start":{"line":139,"column":0},"end":{"line":139,"column":31}}},"9":{"name":"exports","line":154,"loc":{"start":{"line":154,"column":0},"end":{"line":154,"column":26}}},"10":{"name":"(anonymous_2)","line":157,"loc":{"start":{"line":157,"column":24},"end":{"line":157,"column":36}}},"11":{"name":"(anonymous_3)","line":163,"loc":{"start":{"line":163,"column":4},"end":{"line":163,"column":19}}},"12":{"name":"(anonymous_4)","line":170,"loc":{"start":{"line":170,"column":6},"end":{"line":170,"column":20}}},"13":{"name":"exports","line":193,"loc":{"start":{"line":193,"column":0},"end":{"line":193,"column":34}}},"14":{"name":"describe","line":210,"loc":{"start":{"line":210,"column":2},"end":{"line":210,"column":20}}},"15":{"name":"run","line":222,"loc":{"start":{"line":222,"column":2},"end":{"line":222,"column":15}}}},"statementMap":{"1":{"start":{"line":6,"column":0},"end":{"line":6,"column":42}},"2":{"start":{"line":7,"column":0},"end":{"line":7,"column":20}},"3":{"start":{"line":8,"column":0},"end":{"line":8,"column":22}},"4":{"start":{"line":9,"column":0},"end":{"line":9,"column":29}},"5":{"start":{"line":10,"column":0},"end":{"line":10,"column":31}},"6":{"start":{"line":12,"column":0},"end":{"line":12,"column":32}},"7":{"start":{"line":36,"column":0},"end":{"line":113,"column":36}},"8":{"start":{"line":41,"column":4},"end":{"line":41,"column":19}},"9":{"start":{"line":42,"column":4},"end":{"line":42,"column":14}},"10":{"start":{"line":43,"column":4},"end":{"line":43,"column":23}},"11":{"start":{"line":44,"column":4},"end":{"line":44,"column":15}},"12":{"start":{"line":45,"column":4},"end":{"line":45,"column":23}},"13":{"start":{"line":46,"column":4},"end":{"line":46,"column":66}},"14":{"start":{"line":46,"column":26},"end":{"line":46,"column":65}},"15":{"start":{"line":46,"column":27},"end":{"line":46,"column":46}},"16":{"start":{"line":46,"column":51},"end":{"line":46,"column":64}},"17":{"start":{"line":55,"column":4},"end":{"line":55,"column":76}},"18":{"start":{"line":55,"column":16},"end":{"line":55,"column":75}},"19":{"start":{"line":55,"column":17},"end":{"line":55,"column":19}},"20":{"start":{"line":55,"column":35},"end":{"line":55,"column":54}},"21":{"start":{"line":55,"column":60},"end":{"line":55,"column":74}},"22":{"start":{"line":56,"column":4},"end":{"line":56,"column":47}},"23":{"start":{"line":56,"column":4},"end":{"line":56,"column":32}},"24":{"start":{"line":56,"column":15},"end":{"line":56,"column":32}},"25":{"start":{"line":56,"column":20},"end":{"line":56,"column":23}},"26":{"start":{"line":57,"column":4},"end":{"line":57,"column":59}},"27":{"start":{"line":57,"column":15},"end":{"line":57,"column":59}},"28":{"start":{"line":57,"column":41},"end":{"line":57,"column":54}},"29":{"start":{"line":59,"column":4},"end":{"line":59,"column":14}},"30":{"start":{"line":60,"column":4},"end":{"line":65,"column":3}},"31":{"start":{"line":61,"column":6},"end":{"line":61,"column":69}},"32":{"start":{"line":62,"column":6},"end":{"line":62,"column":37}},"33":{"start":{"line":63,"column":6},"end":{"line":63,"column":45}},"34":{"start":{"line":63,"column":15},"end":{"line":63,"column":45}},"35":{"start":{"line":63,"column":36},"end":{"line":63,"column":39}},"36":{"start":{"line":65,"column":4},"end":{"line":80,"column":1}},"37":{"start":{"line":66,"column":6},"end":{"line":66,"column":19}},"38":{"start":{"line":67,"column":6},"end":{"line":67,"column":54}},"39":{"start":{"line":67,"column":35},"end":{"line":67,"column":53}},"40":{"start":{"line":67,"column":46},"end":{"line":67,"column":52}},"41":{"start":{"line":69,"column":6},"end":{"line":69,"column":28}},"42":{"start":{"line":70,"column":6},"end":{"line":70,"column":39}},"43":{"start":{"line":70,"column":6},"end":{"line":70,"column":29}},"44":{"start":{"line":71,"column":6},"end":{"line":71,"column":31}},"45":{"start":{"line":73,"column":6},"end":{"line":73,"column":11}},"46":{"start":{"line":82,"column":4},"end":{"line":82,"column":23}},"47":{"start":{"line":83,"column":4},"end":{"line":91,"column":26}},"48":{"start":{"line":85,"column":6},"end":{"line":85,"column":26}},"49":{"start":{"line":86,"column":6},"end":{"line":86,"column":33}},"50":{"start":{"line":87,"column":6},"end":{"line":87,"column":56}},"51":{"start":{"line":87,"column":37},"end":{"line":87,"column":40}},"52":{"start":{"line":87,"column":53},"end":{"line":87,"column":56}},"53":{"start":{"line":88,"column":6},"end":{"line":88,"column":77}},"54":{"start":{"line":88,"column":31},"end":{"line":88,"column":76}},"55":{"start":{"line":88,"column":32},"end":{"line":88,"column":54}},"56":{"start":{"line":88,"column":59},"end":{"line":88,"column":75}},"57":{"start":{"line":91,"column":6},"end":{"line":91,"column":26}},"58":{"start":{"line":92,"column":6},"end":{"line":92,"column":19}},"59":{"start":{"line":93,"column":6},"end":{"line":93,"column":23}},"60":{"start":{"line":94,"column":4},"end":{"line":101,"column":28}},"61":{"start":{"line":96,"column":6},"end":{"line":96,"column":22}},"62":{"start":{"line":97,"column":6},"end":{"line":97,"column":32}},"63":{"start":{"line":98,"column":6},"end":{"line":98,"column":61}},"64":{"start":{"line":98,"column":38},"end":{"line":98,"column":43}},"65":{"start":{"line":98,"column":53},"end":{"line":98,"column":61}},"66":{"start":{"line":101,"column":6},"end":{"line":101,"column":28}},"67":{"start":{"line":102,"column":6},"end":{"line":102,"column":36}},"68":{"start":{"line":104,"column":4},"end":{"line":104,"column":50}},"69":{"start":{"line":104,"column":4},"end":{"line":104,"column":13}},"70":{"start":{"line":106,"column":4},"end":{"line":106,"column":27}},"71":{"start":{"line":114,"column":0},"end":{"line":122,"column":21}},"72":{"start":{"line":116,"column":2},"end":{"line":118,"column":1}},"73":{"start":{"line":117,"column":4},"end":{"line":117,"column":42}},"74":{"start":{"line":118,"column":2},"end":{"line":118,"column":48}},"75":{"start":{"line":118,"column":2},"end":{"line":118,"column":17}},"76":{"start":{"line":120,"column":2},"end":{"line":120,"column":25}},"77":{"start":{"line":120,"column":10},"end":{"line":120,"column":24}},"78":{"start":{"line":120,"column":20},"end":{"line":120,"column":23}},"79":{"start":{"line":123,"column":0},"end":{"line":138,"column":72}},"80":{"start":{"line":124,"column":2},"end":{"line":124,"column":26}},"81":{"start":{"line":124,"column":2},"end":{"line":124,"column":12}},"82":{"start":{"line":132,"column":2},"end":{"line":132,"column":6}},"83":{"start":{"line":139,"column":0},"end":{"line":153,"column":72}},"84":{"start":{"line":140,"column":2},"end":{"line":140,"column":49}},"85":{"start":{"line":140,"column":2},"end":{"line":140,"column":21}},"86":{"start":{"line":142,"column":2},"end":{"line":150,"column":1}},"87":{"start":{"line":143,"column":4},"end":{"line":143,"column":28}},"88":{"start":{"line":144,"column":4},"end":{"line":146,"column":1}},"89":{"start":{"line":145,"column":6},"end":{"line":145,"column":71}},"90":{"start":{"line":145,"column":22},"end":{"line":145,"column":71}},"91":{"start":{"line":145,"column":31},"end":{"line":145,"column":34}},"92":{"start":{"line":147,"column":4},"end":{"line":147,"column":79}},"93":{"start":{"line":147,"column":20},"end":{"line":147,"column":78}},"94":{"start":{"line":147,"column":39},"end":{"line":147,"column":42}},"95":{"start":{"line":147,"column":73},"end":{"line":147,"column":77}},"96":{"start":{"line":148,"column":4},"end":{"line":148,"column":62}},"97":{"start":{"line":148,"column":24},"end":{"line":148,"column":62}},"98":{"start":{"line":148,"column":33},"end":{"line":148,"column":36}},"99":{"start":{"line":150,"column":2},"end":{"line":150,"column":22}},"100":{"start":{"line":154,"column":0},"end":{"line":192,"column":72}},"101":{"start":{"line":155,"column":2},"end":{"line":155,"column":49}},"102":{"start":{"line":155,"column":2},"end":{"line":155,"column":21}},"103":{"start":{"line":157,"column":2},"end":{"line":192,"column":72}},"104":{"start":{"line":158,"column":4},"end":{"line":162,"column":7}},"105":{"start":{"line":164,"column":4},"end":{"line":164,"column":36}},"106":{"start":{"line":164,"column":4},"end":{"line":164,"column":29}},"107":{"start":{"line":165,"column":4},"end":{"line":165,"column":20}},"108":{"start":{"line":167,"column":4},"end":{"line":192,"column":72}},"109":{"start":{"line":171,"column":6},"end":{"line":171,"column":38}},"110":{"start":{"line":171,"column":6},"end":{"line":171,"column":31}},"111":{"start":{"line":173,"column":6},"end":{"line":173,"column":26}},"112":{"start":{"line":174,"column":6},"end":{"line":176,"column":5}},"113":{"start":{"line":175,"column":8},"end":{"line":175,"column":20}},"114":{"start":{"line":176,"column":6},"end":{"line":176,"column":24}},"115":{"start":{"line":176,"column":6},"end":{"line":176,"column":16}},"116":{"start":{"line":178,"column":6},"end":{"line":178,"column":44}},"117":{"start":{"line":179,"column":6},"end":{"line":179,"column":23}},"118":{"start":{"line":181,"column":6},"end":{"line":189,"column":5}},"119":{"start":{"line":182,"column":8},"end":{"line":182,"column":32}},"120":{"start":{"line":183,"column":8},"end":{"line":185,"column":5}},"121":{"start":{"line":184,"column":10},"end":{"line":184,"column":74}},"122":{"start":{"line":184,"column":30},"end":{"line":184,"column":74}},"123":{"start":{"line":184,"column":39},"end":{"line":184,"column":42}},"124":{"start":{"line":186,"column":8},"end":{"line":186,"column":81}},"125":{"start":{"line":186,"column":24},"end":{"line":186,"column":80}},"126":{"start":{"line":186,"column":43},"end":{"line":186,"column":46}},"127":{"start":{"line":186,"column":77},"end":{"line":186,"column":79}},"128":{"start":{"line":187,"column":8},"end":{"line":187,"column":66}},"129":{"start":{"line":187,"column":28},"end":{"line":187,"column":66}},"130":{"start":{"line":187,"column":37},"end":{"line":187,"column":40}},"131":{"start":{"line":189,"column":6},"end":{"line":189,"column":21}},"132":{"start":{"line":193,"column":0},"end":{"line":208,"column":33}},"133":{"start":{"line":194,"column":2},"end":{"line":194,"column":44}},"134":{"start":{"line":194,"column":8},"end":{"line":194,"column":43}},"135":{"start":{"line":194,"column":24},"end":{"line":194,"column":42}},"136":{"start":{"line":196,"column":2},"end":{"line":203,"column":1}},"137":{"start":{"line":197,"column":4},"end":{"line":197,"column":26}},"138":{"start":{"line":198,"column":4},"end":{"line":200,"column":1}},"139":{"start":{"line":199,"column":6},"end":{"line":199,"column":74}},"140":{"start":{"line":199,"column":26},"end":{"line":199,"column":74}},"141":{"start":{"line":199,"column":35},"end":{"line":199,"column":40}},"142":{"start":{"line":201,"column":4},"end":{"line":201,"column":60}},"143":{"start":{"line":201,"column":24},"end":{"line":201,"column":60}},"144":{"start":{"line":201,"column":33},"end":{"line":201,"column":38}},"145":{"start":{"line":203,"column":2},"end":{"line":203,"column":25}},"146":{"start":{"line":209,"column":0},"end":{"line":231,"column":39}},"147":{"start":{"line":211,"column":4},"end":{"line":213,"column":3}},"148":{"start":{"line":212,"column":6},"end":{"line":212,"column":14}},"149":{"start":{"line":213,"column":4},"end":{"line":221,"column":28}},"150":{"start":{"line":214,"column":6},"end":{"line":218,"column":5}},"151":{"start":{"line":215,"column":8},"end":{"line":215,"column":19}},"152":{"start":{"line":217,"column":8},"end":{"line":217,"column":36}},"153":{"start":{"line":218,"column":6},"end":{"line":219,"column":24}},"154":{"start":{"line":218,"column":13},"end":{"line":219,"column":24}},"155":{"start":{"line":218,"column":49},"end":{"line":218,"column":53}},"156":{"start":{"line":221,"column":6},"end":{"line":221,"column":28}},"157":{"start":{"line":224,"column":4},"end":{"line":224,"column":41}},"158":{"start":{"line":224,"column":4},"end":{"line":224,"column":15}},"159":{"start":{"line":225,"column":4},"end":{"line":228,"column":3}},"160":{"start":{"line":226,"column":6},"end":{"line":226,"column":34}},"161":{"start":{"line":227,"column":6},"end":{"line":227,"column":17}},"162":{"start":{"line":228,"column":4},"end":{"line":228,"column":35}},"163":{"start":{"line":228,"column":4},"end":{"line":228,"column":14}},"164":{"start":{"line":229,"column":4},"end":{"line":229,"column":38}},"165":{"start":{"line":232,"column":0},"end":{"line":246,"column":18}}},"branchMap":{"1":{"line":56,"type":"if","locations":[{"start":{"line":56,"column":4},"end":{"line":56,"column":4}},{"start":{"line":56,"column":4},"end":{"line":56,"column":4}}]},"2":{"line":60,"type":"if","locations":[{"start":{"line":60,"column":4},"end":{"line":60,"column":4}},{"start":{"line":60,"column":4},"end":{"line":60,"column":4}}]},"3":{"line":70,"type":"if","locations":[{"start":{"line":70,"column":6},"end":{"line":70,"column":6}},{"start":{"line":70,"column":6},"end":{"line":70,"column":6}}]},"4":{"line":83,"type":"if","locations":[{"start":{"line":83,"column":4},"end":{"line":83,"column":4}},{"start":{"line":83,"column":4},"end":{"line":83,"column":4}}]},"5":{"line":87,"type":"if","locations":[{"start":{"line":87,"column":16},"end":{"line":87,"column":16}},{"start":{"line":87,"column":16},"end":{"line":87,"column":16}}]},"6":{"line":94,"type":"if","locations":[{"start":{"line":94,"column":4},"end":{"line":94,"column":4}},{"start":{"line":94,"column":4},"end":{"line":94,"column":4}}]},"7":{"line":98,"type":"if","locations":[{"start":{"line":98,"column":18},"end":{"line":98,"column":18}},{"start":{"line":98,"column":18},"end":{"line":98,"column":18}}]},"8":{"line":104,"type":"if","locations":[{"start":{"line":104,"column":4},"end":{"line":104,"column":4}},{"start":{"line":104,"column":4},"end":{"line":104,"column":4}}]},"9":{"line":116,"type":"if","locations":[{"start":{"line":116,"column":2},"end":{"line":116,"column":2}},{"start":{"line":116,"column":2},"end":{"line":116,"column":2}}]},"10":{"line":118,"type":"if","locations":[{"start":{"line":118,"column":2},"end":{"line":118,"column":2}},{"start":{"line":118,"column":2},"end":{"line":118,"column":2}}]},"11":{"line":124,"type":"if","locations":[{"start":{"line":124,"column":2},"end":{"line":124,"column":2}},{"start":{"line":124,"column":2},"end":{"line":124,"column":2}}]},"12":{"line":140,"type":"if","locations":[{"start":{"line":140,"column":2},"end":{"line":140,"column":2}},{"start":{"line":140,"column":2},"end":{"line":140,"column":2}}]},"13":{"line":144,"type":"if","locations":[{"start":{"line":144,"column":4},"end":{"line":144,"column":4}},{"start":{"line":144,"column":4},"end":{"line":144,"column":4}}]},"14":{"line":155,"type":"if","locations":[{"start":{"line":155,"column":2},"end":{"line":155,"column":2}},{"start":{"line":155,"column":2},"end":{"line":155,"column":2}}]},"15":{"line":164,"type":"if","locations":[{"start":{"line":164,"column":4},"end":{"line":164,"column":4}},{"start":{"line":164,"column":4},"end":{"line":164,"column":4}}]},"16":{"line":171,"type":"if","locations":[{"start":{"line":171,"column":6},"end":{"line":171,"column":6}},{"start":{"line":171,"column":6},"end":{"line":171,"column":6}}]},"17":{"line":176,"type":"if","locations":[{"start":{"line":176,"column":6},"end":{"line":176,"column":6}},{"start":{"line":176,"column":6},"end":{"line":176,"column":6}}]},"18":{"line":183,"type":"if","locations":[{"start":{"line":183,"column":8},"end":{"line":183,"column":8}},{"start":{"line":183,"column":8},"end":{"line":183,"column":8}}]},"19":{"line":198,"type":"if","locations":[{"start":{"line":198,"column":4},"end":{"line":198,"column":4}},{"start":{"line":198,"column":4},"end":{"line":198,"column":4}}]},"20":{"line":211,"type":"if","locations":[{"start":{"line":211,"column":4},"end":{"line":211,"column":4}},{"start":{"line":211,"column":4},"end":{"line":211,"column":4}}]},"21":{"line":213,"type":"if","locations":[{"start":{"line":213,"column":4},"end":{"line":213,"column":4}},{"start":{"line":213,"column":4},"end":{"line":213,"column":4}}]},"22":{"line":214,"type":"if","locations":[{"start":{"line":214,"column":14},"end":{"line":214,"column":14}},{"start":{"line":214,"column":14},"end":{"line":214,"column":14}}]},"23":{"line":224,"type":"if","locations":[{"start":{"line":224,"column":4},"end":{"line":224,"column":4}},{"start":{"line":224,"column":4},"end":{"line":224,"column":4}}]},"24":{"line":225,"type":"if","locations":[{"start":{"line":225,"column":4},"end":{"line":225,"column":4}},{"start":{"line":225,"column":4},"end":{"line":225,"column":4}}]},"25":{"line":228,"type":"if","locations":[{"start":{"line":228,"column":4},"end":{"line":228,"column":4}},{"start":{"line":228,"column":4},"end":{"line":228,"column":4}}]}}},"/home/alex/github/node-validator/src/index.coffee":{"path":"/home/alex/github/node-validator/src/index.coffee","s":{"1":1,"2":1,"3":1,"4":1,"5":1,"6":52,"7":1,"8":825,"9":0,"10":825,"11":8,"12":817,"13":817,"14":817,"15":817,"16":817,"17":817,"18":816,"19":225,"20":225,"21":225,"22":225,"23":591,"24":591,"25":591,"26":591,"27":816,"28":1,"29":45},"b":{"1":[0,825],"2":[8,817],"3":[225,591]},"f":{"1":52,"2":825,"3":816,"4":45},"fnMap":{"1":{"name":"exports","line":23,"loc":{"start":{"line":23,"column":0},"end":{"line":23,"column":31}}},"2":{"name":"exports","line":30,"loc":{"start":{"line":30,"column":0},"end":{"line":30,"column":28}}},"3":{"name":"(anonymous_1)","line":38,"loc":{"start":{"line":38,"column":18},"end":{"line":38,"column":33}}},"4":{"name":"exports","line":48,"loc":{"start":{"line":48,"column":0},"end":{"line":48,"column":34}}}},"statementMap":{"1":{"start":{"line":6,"column":0},"end":{"line":6,"column":36}},"2":{"start":{"line":7,"column":0},"end":{"line":7,"column":22}},"3":{"start":{"line":8,"column":0},"end":{"line":8,"column":20}},"4":{"start":{"line":10,"column":0},"end":{"line":10,"column":24}},"5":{"start":{"line":23,"column":0},"end":{"line":29,"column":24}},"6":{"start":{"line":24,"column":2},"end":{"line":24,"column":24}},"7":{"start":{"line":30,"column":0},"end":{"line":47,"column":83}},"8":{"start":{"line":32,"column":2},"end":{"line":32,"column":74}},"9":{"start":{"line":32,"column":2},"end":{"line":32,"column":43}},"10":{"start":{"line":33,"column":2},"end":{"line":33,"column":68}},"11":{"start":{"line":33,"column":2},"end":{"line":33,"column":49}},"12":{"start":{"line":35,"column":2},"end":{"line":35,"column":44}},"13":{"start":{"line":37,"column":2},"end":{"line":37,"column":71}},"14":{"start":{"line":37,"column":10},"end":{"line":37,"column":70}},"15":{"start":{"line":37,"column":11},"end":{"line":37,"column":14}},"16":{"start":{"line":37,"column":34},"end":{"line":37,"column":69}},"17":{"start":{"line":38,"column":2},"end":{"line":47,"column":83}},"18":{"start":{"line":39,"column":4},"end":{"line":42,"column":65}},"19":{"start":{"line":40,"column":6},"end":{"line":40,"column":54}},"20":{"start":{"line":40,"column":14},"end":{"line":40,"column":53}},"21":{"start":{"line":40,"column":15},"end":{"line":40,"column":18}},"22":{"start":{"line":40,"column":42},"end":{"line":40,"column":44}},"23":{"start":{"line":42,"column":6},"end":{"line":42,"column":65}},"24":{"start":{"line":42,"column":14},"end":{"line":42,"column":64}},"25":{"start":{"line":42,"column":15},"end":{"line":42,"column":18}},"26":{"start":{"line":42,"column":45},"end":{"line":42,"column":63}},"27":{"start":{"line":43,"column":4},"end":{"line":43,"column":17}},"28":{"start":{"line":48,"column":0},"end":{"line":49,"column":28}},"29":{"start":{"line":49,"column":2},"end":{"line":49,"column":27}}},"branchMap":{"1":{"line":32,"type":"if","locations":[{"start":{"line":32,"column":2},"end":{"line":32,"column":2}},{"start":{"line":32,"column":2},"end":{"line":32,"column":2}}]},"2":{"line":33,"type":"if","locations":[{"start":{"line":33,"column":2},"end":{"line":33,"column":2}},{"start":{"line":33,"column":2},"end":{"line":33,"column":2}}]},"3":{"line":39,"type":"if","locations":[{"start":{"line":39,"column":4},"end":{"line":39,"column":4}},{"start":{"line":39,"column":4},"end":{"line":39,"column":4}}]}}},"/home/alex/github/node-validator/src/reference.coffee":{"path":"/home/alex/github/node-validator/src/reference.coffee","s":{"1":1,"2":1,"3":1,"4":1,"5":1,"6":1,"7":1,"8":1,"9":1,"10":1,"11":1,"12":7157,"13":3722,"14":3435,"15":1,"16":7027,"17":27,"18":27,"19":7027,"20":6915,"21":112,"22":112,"23":112,"24":112,"25":112,"26":112,"27":110,"28":112,"29":118,"30":109,"31":0,"32":109,"33":107,"34":107,"35":107,"36":107,"37":107,"38":2,"39":2,"40":2,"41":2,"42":2,"43":2,"44":1,"45":118,"46":5,"47":113,"48":113,"49":125,"50":42,"51":42,"52":42,"53":125,"54":125,"55":3,"56":125,"57":125,"58":10,"59":10,"60":10,"61":10,"62":10,"63":115,"64":112,"65":4,"66":4,"67":4,"68":4,"69":4,"70":108,"71":108,"72":108,"73":108,"74":108,"75":110,"76":118,"77":81,"78":29,"79":1,"80":163,"81":163,"82":0,"83":163,"84":163,"85":163,"86":1,"87":5,"88":1,"89":11,"90":145,"91":17,"92":128,"93":13,"94":115,"95":163,"96":3,"97":163,"98":0,"99":163,"100":23,"101":8,"102":8,"103":8,"104":1,"105":1,"106":1,"107":12,"108":1,"109":1,"110":1,"111":163,"112":163,"113":163,"114":162,"115":162,"116":1,"117":1,"118":1,"119":1,"120":1,"121":162,"122":162,"123":162,"124":162,"125":162,"126":162,"127":162,"128":0,"129":0,"130":0,"131":162,"132":0,"133":0,"134":0,"135":0,"136":162,"137":162,"138":159,"139":4,"140":155,"141":35,"142":0,"143":0,"144":0,"145":0,"146":35,"147":120,"148":44,"149":44,"150":44,"151":44,"152":44,"153":44,"154":120,"155":120,"156":76,"157":44,"158":44,"159":44,"160":0,"161":0,"162":0,"163":0,"164":0,"165":0,"166":0,"167":0,"168":0,"169":0,"170":0,"171":0,"172":0,"173":1,"174":1,"175":1,"176":1,"177":1,"178":1,"179":1,"180":1,"181":0,"182":0,"183":0,"184":0,"185":0,"186":0,"187":1,"188":12,"189":12,"190":14,"191":12,"192":10,"193":12,"194":114,"195":114,"196":114,"197":12,"198":12,"199":1,"200":1,"201":1,"202":1,"203":1,"204":9,"205":2,"206":2,"207":2,"208":2,"209":2,"210":2,"211":1,"212":1,"213":1,"214":1,"215":1,"216":1,"217":1,"218":2,"219":2,"220":2,"221":0,"222":0,"223":0,"224":0,"225":0,"226":0,"227":2,"228":2,"229":2,"230":2,"231":1,"232":1,"233":1,"234":1,"235":1,"236":1,"237":1,"238":1,"239":1,"240":4,"241":4,"242":4,"243":1,"244":0,"245":8,"246":8,"247":8,"248":11,"249":11,"250":11,"251":3,"252":8,"253":11,"254":11,"255":5,"256":7,"257":7,"258":9,"259":9,"260":9,"261":2,"262":7,"263":9,"264":7,"265":6,"266":10,"267":8,"268":0,"269":8,"270":4,"271":8,"272":1,"273":8,"274":12,"275":4,"276":4,"277":2,"278":2,"279":4,"280":10,"281":93,"282":2,"283":4,"284":4,"285":4,"286":0,"287":4,"288":4,"289":2,"290":2,"291":3,"292":3,"293":3,"294":3,"295":3,"296":3,"297":1,"298":2,"299":1,"300":1,"301":1,"302":1,"303":0,"304":1,"305":3,"306":3,"307":3,"308":0,"309":3,"310":3,"311":0,"312":3,"313":1,"314":3173,"315":93,"316":3173,"317":3173,"318":3173,"319":31,"320":3142,"321":3142,"322":1,"323":3142,"324":3142,"325":3033,"326":3033,"327":3010,"328":3010,"329":1,"330":1,"331":1,"332":1,"333":1,"334":3009,"335":3009,"336":2,"337":3007,"338":3007,"339":3007,"340":132,"341":40,"342":92,"343":19,"344":73,"345":73,"346":73,"347":73,"348":1,"349":8,"350":7,"351":1,"352":8,"353":8,"354":24,"355":4,"356":24,"357":16,"358":24,"359":8},"b":{"1":[3722,3435],"2":[27,7000],"3":[6915,112],"4":[110,2],"5":[0,109],"6":[107,2],"7":[5,113],"8":[42,83],"9":[10,115],"10":[4,108],"11":[81,37],"12":[0,163],"13":[1,5,1,11,145],"14":[17,128],"15":[13,115],"16":[3,160],"17":[0,163],"18":[23,12],"19":[8,1],"20":[1],"21":[1,162],"22":[0,162],"23":[0,162],"24":[4,155],"25":[35,120],"26":[0,35],"27":[44,76],"28":[120,0],"29":[76,44],"30":[0,0],"31":[0,0],"32":[0,1],"33":[10,2],"34":[2,2,2,2,1,0],"35":[1,1],"36":[3,8],"37":[5,6],"38":[2,7],"39":[0,8],"40":[4,4],"41":[1,7],"42":[2,2],"43":[0,4],"44":[2,2],"45":[1,2],"46":[1,1],"47":[0,1],"48":[0,3],"49":[0,3],"50":[93,3080],"51":[31,3142],"52":[3033,109],"53":[3010,23],"54":[1,3009],"55":[2,3007],"56":[40,92],"57":[19,73],"58":[7,1],"59":[4,20],"60":[16,8]},"f":{"1":7157,"2":7027,"3":118,"4":109,"5":118,"6":125,"7":112,"8":110,"9":163,"10":159,"11":0,"12":1,"13":1,"14":12,"15":14,"16":114,"17":1,"18":9,"19":2,"20":4,"21":4,"22":1,"23":8,"24":12,"25":4,"26":10,"27":93,"28":2,"29":4,"30":4,"31":3,"32":3,"33":3,"34":3,"35":3173,"36":3009,"37":8},"fnMap":{"1":{"name":"exports","line":56,"loc":{"start":{"line":56,"column":9},"end":{"line":56,"column":35}}},"2":{"name":"exports","line":64,"loc":{"start":{"line":64,"column":0},"end":{"line":64,"column":40}}},"3":{"name":"(anonymous_1)","line":76,"loc":{"start":{"line":76,"column":18},"end":{"line":76,"column":27}}},"4":{"name":"(anonymous_2)","line":78,"loc":{"start":{"line":78,"column":4},"end":{"line":78,"column":20}}},"5":{"name":"findAlternative","line":95,"loc":{"start":{"line":95,"column":0},"end":{"line":95,"column":40}}},"6":{"name":"(anonymous_3)","line":99,"loc":{"start":{"line":99,"column":44},"end":{"line":99,"column":55}}},"7":{"name":"(anonymous_4)","line":112,"loc":{"start":{"line":112,"column":24},"end":{"line":112,"column":39}}},"8":{"name":"(anonymous_5)","line":118,"loc":{"start":{"line":118,"column":4},"end":{"line":118,"column":20}}},"9":{"name":"find","line":128,"loc":{"start":{"line":128,"column":0},"end":{"line":128,"column":28}}},"10":{"name":"(anonymous_6)","line":187,"loc":{"start":{"line":187,"column":36},"end":{"line":187,"column":51}}},"11":{"name":"(anonymous_7)","line":209,"loc":{"start":{"line":209,"column":15},"end":{"line":209,"column":16}}},"12":{"name":"check","line":219,"loc":{"start":{"line":219,"column":2},"end":{"line":219,"column":34}}},"13":{"name":"(anonymous_8)","line":229,"loc":{"start":{"line":229,"column":6},"end":{"line":229,"column":20}}},"14":{"name":"split","line":235,"loc":{"start":{"line":235,"column":2},"end":{"line":235,"column":34}}},"15":{"name":"(anonymous_9)","line":237,"loc":{"start":{"line":237,"column":36},"end":{"line":237,"column":41}}},"16":{"name":"(anonymous_10)","line":239,"loc":{"start":{"line":239,"column":46},"end":{"line":239,"column":51}}},"17":{"name":"match","line":246,"loc":{"start":{"line":246,"column":2},"end":{"line":246,"column":34}}},"18":{"name":"parse","line":251,"loc":{"start":{"line":251,"column":2},"end":{"line":251,"column":34}}},"19":{"name":"(anonymous_11)","line":273,"loc":{"start":{"line":273,"column":38},"end":{"line":273,"column":53}}},"20":{"name":"(anonymous_12)","line":280,"loc":{"start":{"line":280,"column":62},"end":{"line":280,"column":74}}},"21":{"name":"(anonymous_13)","line":281,"loc":{"start":{"line":281,"column":29},"end":{"line":281,"column":41}}},"22":{"name":"(anonymous_14)","line":284,"loc":{"start":{"line":284,"column":10},"end":{"line":284,"column":11}}},"23":{"name":"range","line":289,"loc":{"start":{"line":289,"column":2},"end":{"line":289,"column":34}}},"24":{"name":"object","line":329,"loc":{"start":{"line":329,"column":2},"end":{"line":329,"column":35}}},"25":{"name":"join","line":332,"loc":{"start":{"line":332,"column":2},"end":{"line":332,"column":33}}},"26":{"name":"env","line":337,"loc":{"start":{"line":337,"column":2},"end":{"line":337,"column":32}}},"27":{"name":"struct","line":340,"loc":{"start":{"line":340,"column":2},"end":{"line":340,"column":35}}},"28":{"name":"context","line":343,"loc":{"start":{"line":343,"column":2},"end":{"line":343,"column":36}}},"29":{"name":"file","line":346,"loc":{"start":{"line":346,"column":2},"end":{"line":346,"column":33}}},"30":{"name":"(anonymous_15)","line":350,"loc":{"start":{"line":350,"column":22},"end":{"line":350,"column":35}}},"31":{"name":"web","line":354,"loc":{"start":{"line":354,"column":2},"end":{"line":354,"column":32}}},"32":{"name":"(anonymous_16)","line":359,"loc":{"start":{"line":359,"column":6},"end":{"line":359,"column":29}}},"33":{"name":"cmd","line":367,"loc":{"start":{"line":367,"column":2},"end":{"line":367,"column":32}}},"34":{"name":"(anonymous_17)","line":371,"loc":{"start":{"line":371,"column":20},"end":{"line":371,"column":35}}},"35":{"name":"findData","line":376,"loc":{"start":{"line":376,"column":0},"end":{"line":376,"column":29}}},"36":{"name":"(anonymous_18)","line":396,"loc":{"start":{"line":396,"column":24},"end":{"line":396,"column":25}}},"37":{"name":"arrayJoin","line":413,"loc":{"start":{"line":413,"column":0},"end":{"line":413,"column":30}}}},"statementMap":{"1":{"start":{"line":24,"column":0},"end":{"line":24,"column":46}},"2":{"start":{"line":25,"column":0},"end":{"line":25,"column":20}},"3":{"start":{"line":26,"column":0},"end":{"line":26,"column":22}},"4":{"start":{"line":28,"column":0},"end":{"line":28,"column":29}},"5":{"start":{"line":29,"column":0},"end":{"line":29,"column":31}},"6":{"start":{"line":31,"column":0},"end":{"line":31,"column":24}},"7":{"start":{"line":36,"column":0},"end":{"line":36,"column":15}},"8":{"start":{"line":37,"column":0},"end":{"line":37,"column":11}},"9":{"start":{"line":40,"column":0},"end":{"line":44,"column":79}},"10":{"start":{"line":45,"column":0},"end":{"line":55,"column":46}},"11":{"start":{"line":56,"column":0},"end":{"line":63,"column":72}},"12":{"start":{"line":57,"column":2},"end":{"line":57,"column":45}},"13":{"start":{"line":57,"column":2},"end":{"line":57,"column":13}},"14":{"start":{"line":58,"column":2},"end":{"line":58,"column":33}},"15":{"start":{"line":64,"column":0},"end":{"line":94,"column":17}},"16":{"start":{"line":66,"column":2},"end":{"line":69,"column":1}},"17":{"start":{"line":67,"column":4},"end":{"line":67,"column":12}},"18":{"start":{"line":68,"column":4},"end":{"line":68,"column":12}},"19":{"start":{"line":69,"column":2},"end":{"line":69,"column":42}},"20":{"start":{"line":69,"column":2},"end":{"line":69,"column":22}},"21":{"start":{"line":70,"column":2},"end":{"line":70,"column":30}},"22":{"start":{"line":71,"column":2},"end":{"line":71,"column":41}},"23":{"start":{"line":71,"column":8},"end":{"line":71,"column":41}},"24":{"start":{"line":71,"column":19},"end":{"line":71,"column":36}},"25":{"start":{"line":73,"column":2},"end":{"line":73,"column":35}},"26":{"start":{"line":74,"column":2},"end":{"line":74,"column":73}},"27":{"start":{"line":74,"column":2},"end":{"line":74,"column":17}},"28":{"start":{"line":76,"column":2},"end":{"line":94,"column":17}},"29":{"start":{"line":77,"column":4},"end":{"line":77,"column":30}},"30":{"start":{"line":79,"column":4},"end":{"line":79,"column":21}},"31":{"start":{"line":79,"column":4},"end":{"line":79,"column":14}},"32":{"start":{"line":80,"column":4},"end":{"line":85,"column":3}},"33":{"start":{"line":82,"column":6},"end":{"line":82,"column":76}},"34":{"start":{"line":82,"column":14},"end":{"line":82,"column":75}},"35":{"start":{"line":82,"column":15},"end":{"line":82,"column":32}},"36":{"start":{"line":82,"column":52},"end":{"line":82,"column":74}},"37":{"start":{"line":83,"column":6},"end":{"line":83,"column":31}},"38":{"start":{"line":85,"column":4},"end":{"line":85,"column":27}},"39":{"start":{"line":86,"column":4},"end":{"line":86,"column":70}},"40":{"start":{"line":86,"column":12},"end":{"line":86,"column":69}},"41":{"start":{"line":86,"column":13},"end":{"line":86,"column":30}},"42":{"start":{"line":86,"column":50},"end":{"line":86,"column":68}},"43":{"start":{"line":87,"column":4},"end":{"line":87,"column":18}},"44":{"start":{"line":95,"column":0},"end":{"line":127,"column":48}},"45":{"start":{"line":96,"column":2},"end":{"line":96,"column":50}},"46":{"start":{"line":96,"column":2},"end":{"line":96,"column":22}},"47":{"start":{"line":98,"column":2},"end":{"line":98,"column":13}},"48":{"start":{"line":99,"column":2},"end":{"line":127,"column":48}},"49":{"start":{"line":101,"column":4},"end":{"line":103,"column":3}},"50":{"start":{"line":102,"column":6},"end":{"line":102,"column":28}},"51":{"start":{"line":102,"column":12},"end":{"line":102,"column":27}},"52":{"start":{"line":102,"column":24},"end":{"line":102,"column":26}},"53":{"start":{"line":103,"column":4},"end":{"line":103,"column":16}},"54":{"start":{"line":105,"column":31},"end":{"line":105,"column":60}},"55":{"start":{"line":105,"column":4},"end":{"line":105,"column":29}},"56":{"start":{"line":106,"column":4},"end":{"line":106,"column":26}},"57":{"start":{"line":108,"column":4},"end":{"line":112,"column":3}},"58":{"start":{"line":109,"column":6},"end":{"line":109,"column":81}},"59":{"start":{"line":109,"column":25},"end":{"line":109,"column":80}},"60":{"start":{"line":109,"column":26},"end":{"line":109,"column":41}},"61":{"start":{"line":109,"column":64},"end":{"line":109,"column":79}},"62":{"start":{"line":110,"column":6},"end":{"line":110,"column":24}},"63":{"start":{"line":112,"column":4},"end":{"line":118,"column":1}},"64":{"start":{"line":113,"column":6},"end":{"line":116,"column":5}},"65":{"start":{"line":114,"column":8},"end":{"line":114,"column":71}},"66":{"start":{"line":114,"column":27},"end":{"line":114,"column":70}},"67":{"start":{"line":114,"column":28},"end":{"line":114,"column":43}},"68":{"start":{"line":114,"column":59},"end":{"line":114,"column":61}},"69":{"start":{"line":115,"column":8},"end":{"line":115,"column":20}},"70":{"start":{"line":116,"column":6},"end":{"line":116,"column":77}},"71":{"start":{"line":116,"column":25},"end":{"line":116,"column":76}},"72":{"start":{"line":116,"column":26},"end":{"line":116,"column":41}},"73":{"start":{"line":116,"column":57},"end":{"line":116,"column":75}},"74":{"start":{"line":117,"column":6},"end":{"line":117,"column":20}},"75":{"start":{"line":120,"column":4},"end":{"line":122,"column":3}},"76":{"start":{"line":121,"column":6},"end":{"line":121,"column":38}},"77":{"start":{"line":121,"column":6},"end":{"line":121,"column":27}},"78":{"start":{"line":122,"column":4},"end":{"line":122,"column":7}},"79":{"start":{"line":128,"column":0},"end":{"line":216,"column":57}},"80":{"start":{"line":130,"column":2},"end":{"line":130,"column":19}},"81":{"start":{"line":131,"column":2},"end":{"line":131,"column":37}},"82":{"start":{"line":131,"column":2},"end":{"line":131,"column":26}},"83":{"start":{"line":133,"column":2},"end":{"line":133,"column":34}},"84":{"start":{"line":134,"column":2},"end":{"line":134,"column":14}},"85":{"start":{"line":135,"column":2},"end":{"line":144,"column":1}},"86":{"start":{"line":136,"column":18},"end":{"line":136,"column":24}},"87":{"start":{"line":137,"column":18},"end":{"line":137,"column":24}},"88":{"start":{"line":138,"column":18},"end":{"line":138,"column":24}},"89":{"start":{"line":139,"column":18},"end":{"line":139,"column":24}},"90":{"start":{"line":141,"column":6},"end":{"line":143,"column":15}},"91":{"start":{"line":141,"column":30},"end":{"line":141,"column":36}},"92":{"start":{"line":142,"column":11},"end":{"line":143,"column":15}},"93":{"start":{"line":142,"column":43},"end":{"line":142,"column":50}},"94":{"start":{"line":143,"column":11},"end":{"line":143,"column":15}},"95":{"start":{"line":144,"column":2},"end":{"line":147,"column":1}},"96":{"start":{"line":145,"column":4},"end":{"line":145,"column":17}},"97":{"start":{"line":147,"column":2},"end":{"line":147,"column":68}},"98":{"start":{"line":147,"column":2},"end":{"line":147,"column":12}},"99":{"start":{"line":149,"column":2},"end":{"line":167,"column":1}},"100":{"start":{"line":151,"column":6},"end":{"line":160,"column":3}},"101":{"start":{"line":153,"column":10},"end":{"line":153,"column":25}},"102":{"start":{"line":154,"column":10},"end":{"line":154,"column":24}},"103":{"start":{"line":155,"column":10},"end":{"line":155,"column":21}},"104":{"start":{"line":157,"column":10},"end":{"line":157,"column":25}},"105":{"start":{"line":158,"column":10},"end":{"line":158,"column":24}},"106":{"start":{"line":159,"column":10},"end":{"line":159,"column":23}},"107":{"start":{"line":161,"column":6},"end":{"line":167,"column":1}},"108":{"start":{"line":163,"column":10},"end":{"line":163,"column":25}},"109":{"start":{"line":164,"column":10},"end":{"line":164,"column":23}},"110":{"start":{"line":165,"column":10},"end":{"line":165,"column":23}},"111":{"start":{"line":167,"column":2},"end":{"line":175,"column":1}},"112":{"start":{"line":168,"column":4},"end":{"line":170,"column":57}},"113":{"start":{"line":168,"column":5},"end":{"line":168,"column":63}},"114":{"start":{"line":169,"column":5},"end":{"line":169,"column":75}},"115":{"start":{"line":170,"column":5},"end":{"line":170,"column":56}},"116":{"start":{"line":172,"column":6},"end":{"line":172,"column":81}},"117":{"start":{"line":172,"column":23},"end":{"line":172,"column":81}},"118":{"start":{"line":172,"column":39},"end":{"line":172,"column":43}},"119":{"start":{"line":172,"column":50},"end":{"line":172,"column":53}},"120":{"start":{"line":173,"column":6},"end":{"line":173,"column":16}},"121":{"start":{"line":175,"column":2},"end":{"line":175,"column":28}},"122":{"start":{"line":176,"column":2},"end":{"line":176,"column":34}},"123":{"start":{"line":177,"column":2},"end":{"line":177,"column":67}},"124":{"start":{"line":177,"column":50},"end":{"line":177,"column":66}},"125":{"start":{"line":177,"column":51},"end":{"line":177,"column":55}},"126":{"start":{"line":177,"column":62},"end":{"line":177,"column":65}},"127":{"start":{"line":179,"column":2},"end":{"line":182,"column":1}},"128":{"start":{"line":180,"column":4},"end":{"line":180,"column":80}},"129":{"start":{"line":180,"column":24},"end":{"line":180,"column":80}},"130":{"start":{"line":180,"column":51},"end":{"line":180,"column":55}},"131":{"start":{"line":182,"column":2},"end":{"line":186,"column":1}},"132":{"start":{"line":183,"column":4},"end":{"line":184,"column":24}},"133":{"start":{"line":183,"column":26},"end":{"line":184,"column":24}},"134":{"start":{"line":183,"column":27},"end":{"line":183,"column":30}},"135":{"start":{"line":183,"column":68},"end":{"line":183,"column":72}},"136":{"start":{"line":186,"column":2},"end":{"line":186,"column":21}},"137":{"start":{"line":187,"column":2},"end":{"line":216,"column":57}},"138":{"start":{"line":188,"column":4},"end":{"line":188,"column":23}},"139":{"start":{"line":188,"column":4},"end":{"line":188,"column":16}},"140":{"start":{"line":189,"column":4},"end":{"line":193,"column":3}},"141":{"start":{"line":190,"column":6},"end":{"line":192,"column":5}},"142":{"start":{"line":191,"column":8},"end":{"line":191,"column":78}},"143":{"start":{"line":191,"column":40},"end":{"line":191,"column":56}},"144":{"start":{"line":191,"column":41},"end":{"line":191,"column":45}},"145":{"start":{"line":191,"column":52},"end":{"line":191,"column":55}},"146":{"start":{"line":192,"column":6},"end":{"line":192,"column":16}},"147":{"start":{"line":193,"column":4},"end":{"line":196,"column":3}},"148":{"start":{"line":194,"column":6},"end":{"line":194,"column":95}},"149":{"start":{"line":194,"column":38},"end":{"line":194,"column":54}},"150":{"start":{"line":194,"column":39},"end":{"line":194,"column":43}},"151":{"start":{"line":194,"column":50},"end":{"line":194,"column":53}},"152":{"start":{"line":194,"column":60},"end":{"line":194,"column":94}},"153":{"start":{"line":194,"column":75},"end":{"line":194,"column":93}},"154":{"start":{"line":196,"column":4},"end":{"line":202,"column":3}},"155":{"start":{"line":197,"column":6},"end":{"line":197,"column":46}},"156":{"start":{"line":197,"column":6},"end":{"line":197,"column":27}},"157":{"start":{"line":198,"column":6},"end":{"line":198,"column":34}},"158":{"start":{"line":199,"column":6},"end":{"line":199,"column":23}},"159":{"start":{"line":200,"column":6},"end":{"line":200,"column":31}},"160":{"start":{"line":202,"column":4},"end":{"line":202,"column":18}},"161":{"start":{"line":203,"column":4},"end":{"line":208,"column":3}},"162":{"start":{"line":204,"column":6},"end":{"line":204,"column":28}},"163":{"start":{"line":205,"column":6},"end":{"line":206,"column":45}},"164":{"start":{"line":205,"column":25},"end":{"line":206,"column":44}},"165":{"start":{"line":206,"column":8},"end":{"line":206,"column":11}},"166":{"start":{"line":206,"column":26},"end":{"line":206,"column":43}},"167":{"start":{"line":208,"column":4},"end":{"line":208,"column":19}},"168":{"start":{"line":209,"column":4},"end":{"line":213,"column":12}},"169":{"start":{"line":210,"column":6},"end":{"line":210,"column":31}},"170":{"start":{"line":210,"column":6},"end":{"line":210,"column":11}},"171":{"start":{"line":211,"column":6},"end":{"line":211,"column":17}},"172":{"start":{"line":212,"column":6},"end":{"line":212,"column":24}},"173":{"start":{"line":217,"column":0},"end":{"line":375,"column":31}},"174":{"start":{"line":221,"column":4},"end":{"line":221,"column":20}},"175":{"start":{"line":222,"column":4},"end":{"line":222,"column":42}},"176":{"start":{"line":222,"column":32},"end":{"line":222,"column":41}},"177":{"start":{"line":222,"column":37},"end":{"line":222,"column":40}},"178":{"start":{"line":224,"column":4},"end":{"line":224,"column":35}},"179":{"start":{"line":225,"column":4},"end":{"line":235,"column":1}},"180":{"start":{"line":230,"column":6},"end":{"line":233,"column":5}},"181":{"start":{"line":231,"column":8},"end":{"line":231,"column":78}},"182":{"start":{"line":231,"column":25},"end":{"line":231,"column":77}},"183":{"start":{"line":231,"column":29},"end":{"line":231,"column":33}},"184":{"start":{"line":231,"column":40},"end":{"line":231,"column":43}},"185":{"start":{"line":231,"column":66},"end":{"line":231,"column":68}},"186":{"start":{"line":232,"column":8},"end":{"line":232,"column":18}},"187":{"start":{"line":233,"column":6},"end":{"line":233,"column":19}},"188":{"start":{"line":236,"column":4},"end":{"line":236,"column":19}},"189":{"start":{"line":237,"column":4},"end":{"line":237,"column":54}},"190":{"start":{"line":237,"column":47},"end":{"line":237,"column":54}},"191":{"start":{"line":238,"column":4},"end":{"line":238,"column":43}},"192":{"start":{"line":238,"column":4},"end":{"line":238,"column":19}},"193":{"start":{"line":239,"column":4},"end":{"line":243,"column":3}},"194":{"start":{"line":240,"column":6},"end":{"line":240,"column":30}},"195":{"start":{"line":241,"column":6},"end":{"line":241,"column":18}},"196":{"start":{"line":242,"column":6},"end":{"line":242,"column":8}},"197":{"start":{"line":243,"column":4},"end":{"line":243,"column":22}},"198":{"start":{"line":244,"column":4},"end":{"line":244,"column":18}},"199":{"start":{"line":247,"column":4},"end":{"line":247,"column":35}},"200":{"start":{"line":248,"column":4},"end":{"line":248,"column":37}},"201":{"start":{"line":248,"column":29},"end":{"line":248,"column":37}},"202":{"start":{"line":248,"column":30},"end":{"line":248,"column":31}},"203":{"start":{"line":249,"column":4},"end":{"line":249,"column":30}},"204":{"start":{"line":252,"column":4},"end":{"line":289,"column":1}},"205":{"start":{"line":254,"column":8},"end":{"line":254,"column":24}},"206":{"start":{"line":255,"column":8},"end":{"line":255,"column":51}},"207":{"start":{"line":255,"column":36},"end":{"line":255,"column":50}},"208":{"start":{"line":255,"column":41},"end":{"line":255,"column":44}},"209":{"start":{"line":257,"column":8},"end":{"line":262,"column":7}},"210":{"start":{"line":258,"column":10},"end":{"line":258,"column":38}},"211":{"start":{"line":260,"column":10},"end":{"line":260,"column":82}},"212":{"start":{"line":260,"column":27},"end":{"line":260,"column":81}},"213":{"start":{"line":260,"column":31},"end":{"line":260,"column":35}},"214":{"start":{"line":260,"column":42},"end":{"line":260,"column":45}},"215":{"start":{"line":260,"column":68},"end":{"line":260,"column":72}},"216":{"start":{"line":261,"column":10},"end":{"line":261,"column":20}},"217":{"start":{"line":262,"column":8},"end":{"line":262,"column":22}},"218":{"start":{"line":264,"column":8},"end":{"line":264,"column":31}},"219":{"start":{"line":265,"column":8},"end":{"line":270,"column":7}},"220":{"start":{"line":266,"column":10},"end":{"line":266,"column":41}},"221":{"start":{"line":268,"column":10},"end":{"line":268,"column":82}},"222":{"start":{"line":268,"column":27},"end":{"line":268,"column":81}},"223":{"start":{"line":268,"column":31},"end":{"line":268,"column":35}},"224":{"start":{"line":268,"column":42},"end":{"line":268,"column":45}},"225":{"start":{"line":268,"column":68},"end":{"line":268,"column":72}},"226":{"start":{"line":269,"column":10},"end":{"line":269,"column":20}},"227":{"start":{"line":270,"column":8},"end":{"line":270,"column":22}},"228":{"start":{"line":272,"column":8},"end":{"line":272,"column":32}},"229":{"start":{"line":273,"column":8},"end":{"line":278,"column":5}},"230":{"start":{"line":274,"column":10},"end":{"line":277,"column":9}},"231":{"start":{"line":275,"column":12},"end":{"line":275,"column":82}},"232":{"start":{"line":275,"column":29},"end":{"line":275,"column":81}},"233":{"start":{"line":275,"column":33},"end":{"line":275,"column":37}},"234":{"start":{"line":275,"column":44},"end":{"line":275,"column":47}},"235":{"start":{"line":275,"column":70},"end":{"line":275,"column":72}},"236":{"start":{"line":276,"column":12},"end":{"line":276,"column":22}},"237":{"start":{"line":277,"column":10},"end":{"line":277,"column":24}},"238":{"start":{"line":279,"column":8},"end":{"line":279,"column":20}},"239":{"start":{"line":280,"column":8},"end":{"line":286,"column":5}},"240":{"start":{"line":281,"column":10},"end":{"line":284,"column":7}},"241":{"start":{"line":282,"column":12},"end":{"line":282,"column":23}},"242":{"start":{"line":283,"column":12},"end":{"line":283,"column":15}},"243":{"start":{"line":285,"column":10},"end":{"line":285,"column":24}},"244":{"start":{"line":287,"column":8},"end":{"line":287,"column":11}},"245":{"start":{"line":291,"column":4},"end":{"line":295,"column":9}},"246":{"start":{"line":296,"column":4},"end":{"line":296,"column":14}},"247":{"start":{"line":298,"column":4},"end":{"line":324,"column":3}},"248":{"start":{"line":299,"column":6},"end":{"line":303,"column":10}},"249":{"start":{"line":304,"column":6},"end":{"line":304,"column":31}},"250":{"start":{"line":305,"column":6},"end":{"line":305,"column":59}},"251":{"start":{"line":305,"column":31},"end":{"line":305,"column":45}},"252":{"start":{"line":305,"column":52},"end":{"line":305,"column":54}},"253":{"start":{"line":306,"column":6},"end":{"line":306,"column":29}},"254":{"start":{"line":307,"column":6},"end":{"line":324,"column":3}},"255":{"start":{"line":309,"column":8},"end":{"line":320,"column":5}},"256":{"start":{"line":310,"column":10},"end":{"line":310,"column":18}},"257":{"start":{"line":311,"column":10},"end":{"line":319,"column":9}},"258":{"start":{"line":312,"column":12},"end":{"line":315,"column":16}},"259":{"start":{"line":316,"column":12},"end":{"line":316,"column":37}},"260":{"start":{"line":317,"column":12},"end":{"line":317,"column":65}},"261":{"start":{"line":317,"column":37},"end":{"line":317,"column":51}},"262":{"start":{"line":317,"column":58},"end":{"line":317,"column":60}},"263":{"start":{"line":318,"column":12},"end":{"line":318,"column":52}},"264":{"start":{"line":319,"column":10},"end":{"line":319,"column":25}},"265":{"start":{"line":322,"column":8},"end":{"line":324,"column":3}},"266":{"start":{"line":323,"column":10},"end":{"line":323,"column":28}},"267":{"start":{"line":324,"column":4},"end":{"line":324,"column":35}},"268":{"start":{"line":324,"column":4},"end":{"line":324,"column":14}},"269":{"start":{"line":325,"column":4},"end":{"line":325,"column":43}},"270":{"start":{"line":325,"column":4},"end":{"line":325,"column":21}},"271":{"start":{"line":326,"column":4},"end":{"line":326,"column":43}},"272":{"start":{"line":326,"column":4},"end":{"line":326,"column":21}},"273":{"start":{"line":327,"column":4},"end":{"line":327,"column":18}},"274":{"start":{"line":330,"column":4},"end":{"line":330,"column":45}},"275":{"start":{"line":333,"column":4},"end":{"line":333,"column":19}},"276":{"start":{"line":334,"column":4},"end":{"line":334,"column":54}},"277":{"start":{"line":334,"column":28},"end":{"line":334,"column":42}},"278":{"start":{"line":334,"column":49},"end":{"line":334,"column":54}},"279":{"start":{"line":335,"column":4},"end":{"line":335,"column":41}},"280":{"start":{"line":338,"column":4},"end":{"line":338,"column":29}},"281":{"start":{"line":341,"column":4},"end":{"line":341,"column":26}},"282":{"start":{"line":344,"column":4},"end":{"line":344,"column":54}},"283":{"start":{"line":347,"column":4},"end":{"line":347,"column":27}},"284":{"start":{"line":348,"column":4},"end":{"line":348,"column":26}},"285":{"start":{"line":349,"column":4},"end":{"line":349,"column":63}},"286":{"start":{"line":349,"column":4},"end":{"line":349,"column":44}},"287":{"start":{"line":350,"column":4},"end":{"line":354,"column":1}},"288":{"start":{"line":351,"column":6},"end":{"line":351,"column":25}},"289":{"start":{"line":351,"column":6},"end":{"line":351,"column":18}},"290":{"start":{"line":352,"column":6},"end":{"line":352,"column":34}},"291":{"start":{"line":355,"column":4},"end":{"line":355,"column":30}},"292":{"start":{"line":356,"column":4},"end":{"line":367,"column":1}},"293":{"start":{"line":357,"column":13},"end":{"line":357,"column":29}},"294":{"start":{"line":357,"column":14},"end":{"line":357,"column":18}},"295":{"start":{"line":357,"column":25},"end":{"line":357,"column":28}},"296":{"start":{"line":361,"column":6},"end":{"line":361,"column":25}},"297":{"start":{"line":361,"column":6},"end":{"line":361,"column":18}},"298":{"start":{"line":362,"column":6},"end":{"line":364,"column":5}},"299":{"start":{"line":363,"column":8},"end":{"line":363,"column":82}},"300":{"start":{"line":363,"column":28},"end":{"line":363,"column":81}},"301":{"start":{"line":363,"column":62},"end":{"line":363,"column":69}},"302":{"start":{"line":364,"column":6},"end":{"line":364,"column":29}},"303":{"start":{"line":364,"column":6},"end":{"line":364,"column":16}},"304":{"start":{"line":365,"column":6},"end":{"line":365,"column":18}},"305":{"start":{"line":368,"column":4},"end":{"line":368,"column":39}},"306":{"start":{"line":369,"column":4},"end":{"line":369,"column":11}},"307":{"start":{"line":370,"column":4},"end":{"line":370,"column":45}},"308":{"start":{"line":370,"column":4},"end":{"line":370,"column":26}},"309":{"start":{"line":371,"column":4},"end":{"line":375,"column":31}},"310":{"start":{"line":372,"column":6},"end":{"line":372,"column":25}},"311":{"start":{"line":372,"column":6},"end":{"line":372,"column":18}},"312":{"start":{"line":373,"column":6},"end":{"line":373,"column":27}},"313":{"start":{"line":376,"column":0},"end":{"line":412,"column":47}},"314":{"start":{"line":378,"column":2},"end":{"line":378,"column":73}},"315":{"start":{"line":378,"column":2},"end":{"line":378,"column":46}},"316":{"start":{"line":379,"column":2},"end":{"line":379,"column":16}},"317":{"start":{"line":381,"column":2},"end":{"line":381,"column":16}},"318":{"start":{"line":383,"column":2},"end":{"line":383,"column":70}},"319":{"start":{"line":383,"column":2},"end":{"line":383,"column":55}},"320":{"start":{"line":385,"column":2},"end":{"line":385,"column":9}},"321":{"start":{"line":386,"column":9},"end":{"line":386,"column":32}},"322":{"start":{"line":386,"column":2},"end":{"line":386,"column":7}},"323":{"start":{"line":387,"column":2},"end":{"line":387,"column":96}},"324":{"start":{"line":388,"column":2},"end":{"line":403,"column":1}},"325":{"start":{"line":389,"column":4},"end":{"line":389,"column":82}},"326":{"start":{"line":390,"column":4},"end":{"line":403,"column":1}},"327":{"start":{"line":392,"column":6},"end":{"line":392,"column":20}},"328":{"start":{"line":393,"column":6},"end":{"line":396,"column":5}},"329":{"start":{"line":394,"column":8},"end":{"line":394,"column":30}},"330":{"start":{"line":395,"column":8},"end":{"line":395,"column":89}},"331":{"start":{"line":395,"column":27},"end":{"line":395,"column":88}},"332":{"start":{"line":395,"column":61},"end":{"line":395,"column":64}},"333":{"start":{"line":395,"column":79},"end":{"line":395,"column":87}},"334":{"start":{"line":396,"column":6},"end":{"line":402,"column":14}},"335":{"start":{"line":397,"column":8},"end":{"line":397,"column":33}},"336":{"start":{"line":397,"column":8},"end":{"line":397,"column":13}},"337":{"start":{"line":398,"column":8},"end":{"line":398,"column":19}},"338":{"start":{"line":400,"column":8},"end":{"line":400,"column":34}},"339":{"start":{"line":401,"column":8},"end":{"line":401,"column":30}},"340":{"start":{"line":403,"column":2},"end":{"line":403,"column":33}},"341":{"start":{"line":403,"column":2},"end":{"line":403,"column":23}},"342":{"start":{"line":405,"column":2},"end":{"line":405,"column":36}},"343":{"start":{"line":405,"column":2},"end":{"line":405,"column":12}},"344":{"start":{"line":407,"column":2},"end":{"line":407,"column":24}},"345":{"start":{"line":408,"column":2},"end":{"line":408,"column":21}},"346":{"start":{"line":409,"column":2},"end":{"line":409,"column":15}},"347":{"start":{"line":410,"column":2},"end":{"line":410,"column":23}},"348":{"start":{"line":413,"column":0},"end":{"line":420,"column":8}},"349":{"start":{"line":414,"column":2},"end":{"line":414,"column":70}},"350":{"start":{"line":414,"column":38},"end":{"line":414,"column":45}},"351":{"start":{"line":414,"column":55},"end":{"line":414,"column":70}},"352":{"start":{"line":415,"column":2},"end":{"line":415,"column":12}},"353":{"start":{"line":416,"column":2},"end":{"line":420,"column":1}},"354":{"start":{"line":417,"column":4},"end":{"line":417,"column":47}},"355":{"start":{"line":417,"column":4},"end":{"line":417,"column":28}},"356":{"start":{"line":418,"column":4},"end":{"line":418,"column":27}},"357":{"start":{"line":418,"column":4},"end":{"line":418,"column":17}},"358":{"start":{"line":419,"column":4},"end":{"line":419,"column":14}},"359":{"start":{"line":420,"column":2},"end":{"line":420,"column":7}}},"branchMap":{"1":{"line":57,"type":"if","locations":[{"start":{"line":57,"column":2},"end":{"line":57,"column":2}},{"start":{"line":57,"column":2},"end":{"line":57,"column":2}}]},"2":{"line":66,"type":"if","locations":[{"start":{"line":66,"column":2},"end":{"line":66,"column":2}},{"start":{"line":66,"column":2},"end":{"line":66,"column":2}}]},"3":{"line":69,"type":"if","locations":[{"start":{"line":69,"column":2},"end":{"line":69,"column":2}},{"start":{"line":69,"column":2},"end":{"line":69,"column":2}}]},"4":{"line":74,"type":"if","locations":[{"start":{"line":74,"column":2},"end":{"line":74,"column":2}},{"start":{"line":74,"column":2},"end":{"line":74,"column":2}}]},"5":{"line":79,"type":"if","locations":[{"start":{"line":79,"column":4},"end":{"line":79,"column":4}},{"start":{"line":79,"column":4},"end":{"line":79,"column":4}}]},"6":{"line":80,"type":"if","locations":[{"start":{"line":80,"column":4},"end":{"line":80,"column":4}},{"start":{"line":80,"column":4},"end":{"line":80,"column":4}}]},"7":{"line":96,"type":"if","locations":[{"start":{"line":96,"column":2},"end":{"line":96,"column":2}},{"start":{"line":96,"column":2},"end":{"line":96,"column":2}}]},"8":{"line":101,"type":"if","locations":[{"start":{"line":101,"column":4},"end":{"line":101,"column":4}},{"start":{"line":101,"column":4},"end":{"line":101,"column":4}}]},"9":{"line":108,"type":"if","locations":[{"start":{"line":108,"column":4},"end":{"line":108,"column":4}},{"start":{"line":108,"column":4},"end":{"line":108,"column":4}}]},"10":{"line":113,"type":"if","locations":[{"start":{"line":113,"column":6},"end":{"line":113,"column":6}},{"start":{"line":113,"column":6},"end":{"line":113,"column":6}}]},"11":{"line":121,"type":"if","locations":[{"start":{"line":121,"column":6},"end":{"line":121,"column":6}},{"start":{"line":121,"column":6},"end":{"line":121,"column":6}}]},"12":{"line":131,"type":"if","locations":[{"start":{"line":131,"column":2},"end":{"line":131,"column":2}},{"start":{"line":131,"column":2},"end":{"line":131,"column":2}}]},"13":{"line":135,"type":"switch","locations":[{"start":{"line":136,"column":4},"end":{"line":136,"column":24}},{"start":{"line":137,"column":4},"end":{"line":137,"column":24}},{"start":{"line":138,"column":4},"end":{"line":138,"column":24}},{"start":{"line":139,"column":4},"end":{"line":139,"column":24}},{"start":{"line":141,"column":6},"end":{"line":143,"column":15}}]},"14":{"line":141,"type":"if","locations":[{"start":{"line":141,"column":6},"end":{"line":141,"column":6}},{"start":{"line":141,"column":6},"end":{"line":141,"column":6}}]},"15":{"line":142,"type":"if","locations":[{"start":{"line":142,"column":11},"end":{"line":142,"column":11}},{"start":{"line":142,"column":11},"end":{"line":142,"column":11}}]},"16":{"line":144,"type":"if","locations":[{"start":{"line":144,"column":2},"end":{"line":144,"column":2}},{"start":{"line":144,"column":2},"end":{"line":144,"column":2}}]},"17":{"line":147,"type":"if","locations":[{"start":{"line":147,"column":2},"end":{"line":147,"column":2}},{"start":{"line":147,"column":2},"end":{"line":147,"column":2}}]},"18":{"line":149,"type":"switch","locations":[{"start":{"line":150,"column":4},"end":{"line":160,"column":3}},{"start":{"line":160,"column":4},"end":{"line":167,"column":1}}]},"19":{"line":151,"type":"switch","locations":[{"start":{"line":152,"column":8},"end":{"line":153,"column":25}},{"start":{"line":156,"column":8},"end":{"line":157,"column":25}}]},"20":{"line":161,"type":"switch","locations":[{"start":{"line":162,"column":8},"end":{"line":163,"column":25}}]},"21":{"line":167,"type":"if","locations":[{"start":{"line":167,"column":2},"end":{"line":167,"column":2}},{"start":{"line":167,"column":2},"end":{"line":167,"column":2}}]},"22":{"line":179,"type":"if","locations":[{"start":{"line":179,"column":2},"end":{"line":179,"column":2}},{"start":{"line":179,"column":2},"end":{"line":179,"column":2}}]},"23":{"line":182,"type":"if","locations":[{"start":{"line":182,"column":2},"end":{"line":182,"column":2}},{"start":{"line":182,"column":2},"end":{"line":182,"column":2}}]},"24":{"line":188,"type":"if","locations":[{"start":{"line":188,"column":4},"end":{"line":188,"column":4}},{"start":{"line":188,"column":4},"end":{"line":188,"column":4}}]},"25":{"line":189,"type":"if","locations":[{"start":{"line":189,"column":4},"end":{"line":189,"column":4}},{"start":{"line":189,"column":4},"end":{"line":189,"column":4}}]},"26":{"line":190,"type":"if","locations":[{"start":{"line":190,"column":6},"end":{"line":190,"column":6}},{"start":{"line":190,"column":6},"end":{"line":190,"column":6}}]},"27":{"line":193,"type":"if","locations":[{"start":{"line":193,"column":4},"end":{"line":193,"column":4}},{"start":{"line":193,"column":4},"end":{"line":193,"column":4}}]},"28":{"line":196,"type":"if","locations":[{"start":{"line":196,"column":4},"end":{"line":196,"column":4}},{"start":{"line":196,"column":4},"end":{"line":196,"column":4}}]},"29":{"line":197,"type":"if","locations":[{"start":{"line":197,"column":6},"end":{"line":197,"column":6}},{"start":{"line":197,"column":6},"end":{"line":197,"column":6}}]},"30":{"line":203,"type":"if","locations":[{"start":{"line":203,"column":4},"end":{"line":203,"column":4}},{"start":{"line":203,"column":4},"end":{"line":203,"column":4}}]},"31":{"line":210,"type":"if","locations":[{"start":{"line":210,"column":6},"end":{"line":210,"column":6}},{"start":{"line":210,"column":6},"end":{"line":210,"column":6}}]},"32":{"line":230,"type":"if","locations":[{"start":{"line":230,"column":6},"end":{"line":230,"column":6}},{"start":{"line":230,"column":6},"end":{"line":230,"column":6}}]},"33":{"line":238,"type":"if","locations":[{"start":{"line":238,"column":4},"end":{"line":238,"column":4}},{"start":{"line":238,"column":4},"end":{"line":238,"column":4}}]},"34":{"line":252,"type":"switch","locations":[{"start":{"line":253,"column":6},"end":{"line":254,"column":24}},{"start":{"line":256,"column":6},"end":{"line":262,"column":7}},{"start":{"line":263,"column":6},"end":{"line":264,"column":31}},{"start":{"line":271,"column":6},"end":{"line":272,"column":32}},{"start":{"line":278,"column":6},"end":{"line":279,"column":20}},{"start":{"line":287,"column":8},"end":{"line":287,"column":11}}]},"35":{"line":274,"type":"if","locations":[{"start":{"line":274,"column":10},"end":{"line":274,"column":10}},{"start":{"line":274,"column":10},"end":{"line":274,"column":10}}]},"36":{"line":305,"type":"if","locations":[{"start":{"line":305,"column":15},"end":{"line":305,"column":15}},{"start":{"line":305,"column":15},"end":{"line":305,"column":15}}]},"37":{"line":307,"type":"if","locations":[{"start":{"line":307,"column":6},"end":{"line":307,"column":6}},{"start":{"line":307,"column":6},"end":{"line":307,"column":6}}]},"38":{"line":317,"type":"if","locations":[{"start":{"line":317,"column":21},"end":{"line":317,"column":21}},{"start":{"line":317,"column":21},"end":{"line":317,"column":21}}]},"39":{"line":324,"type":"if","locations":[{"start":{"line":324,"column":4},"end":{"line":324,"column":4}},{"start":{"line":324,"column":4},"end":{"line":324,"column":4}}]},"40":{"line":325,"type":"if","locations":[{"start":{"line":325,"column":4},"end":{"line":325,"column":4}},{"start":{"line":325,"column":4},"end":{"line":325,"column":4}}]},"41":{"line":326,"type":"if","locations":[{"start":{"line":326,"column":4},"end":{"line":326,"column":4}},{"start":{"line":326,"column":4},"end":{"line":326,"column":4}}]},"42":{"line":334,"type":"if","locations":[{"start":{"line":334,"column":15},"end":{"line":334,"column":15}},{"start":{"line":334,"column":15},"end":{"line":334,"column":15}}]},"43":{"line":349,"type":"if","locations":[{"start":{"line":349,"column":4},"end":{"line":349,"column":4}},{"start":{"line":349,"column":4},"end":{"line":349,"column":4}}]},"44":{"line":351,"type":"if","locations":[{"start":{"line":351,"column":6},"end":{"line":351,"column":6}},{"start":{"line":351,"column":6},"end":{"line":351,"column":6}}]},"45":{"line":361,"type":"if","locations":[{"start":{"line":361,"column":6},"end":{"line":361,"column":6}},{"start":{"line":361,"column":6},"end":{"line":361,"column":6}}]},"46":{"line":362,"type":"if","locations":[{"start":{"line":362,"column":6},"end":{"line":362,"column":6}},{"start":{"line":362,"column":6},"end":{"line":362,"column":6}}]},"47":{"line":364,"type":"if","locations":[{"start":{"line":364,"column":6},"end":{"line":364,"column":6}},{"start":{"line":364,"column":6},"end":{"line":364,"column":6}}]},"48":{"line":370,"type":"if","locations":[{"start":{"line":370,"column":4},"end":{"line":370,"column":4}},{"start":{"line":370,"column":4},"end":{"line":370,"column":4}}]},"49":{"line":372,"type":"if","locations":[{"start":{"line":372,"column":6},"end":{"line":372,"column":6}},{"start":{"line":372,"column":6},"end":{"line":372,"column":6}}]},"50":{"line":378,"type":"if","locations":[{"start":{"line":378,"column":2},"end":{"line":378,"column":2}},{"start":{"line":378,"column":2},"end":{"line":378,"column":2}}]},"51":{"line":383,"type":"if","locations":[{"start":{"line":383,"column":2},"end":{"line":383,"column":2}},{"start":{"line":383,"column":2},"end":{"line":383,"column":2}}]},"52":{"line":388,"type":"if","locations":[{"start":{"line":388,"column":2},"end":{"line":388,"column":2}},{"start":{"line":388,"column":2},"end":{"line":388,"column":2}}]},"53":{"line":390,"type":"if","locations":[{"start":{"line":390,"column":4},"end":{"line":390,"column":4}},{"start":{"line":390,"column":4},"end":{"line":390,"column":4}}]},"54":{"line":393,"type":"if","locations":[{"start":{"line":393,"column":6},"end":{"line":393,"column":6}},{"start":{"line":393,"column":6},"end":{"line":393,"column":6}}]},"55":{"line":397,"type":"if","locations":[{"start":{"line":397,"column":8},"end":{"line":397,"column":8}},{"start":{"line":397,"column":8},"end":{"line":397,"column":8}}]},"56":{"line":403,"type":"if","locations":[{"start":{"line":403,"column":2},"end":{"line":403,"column":2}},{"start":{"line":403,"column":2},"end":{"line":403,"column":2}}]},"57":{"line":405,"type":"if","locations":[{"start":{"line":405,"column":2},"end":{"line":405,"column":2}},{"start":{"line":405,"column":2},"end":{"line":405,"column":2}}]},"58":{"line":414,"type":"if","locations":[{"start":{"line":414,"column":9},"end":{"line":414,"column":9}},{"start":{"line":414,"column":9},"end":{"line":414,"column":9}}]},"59":{"line":417,"type":"if","locations":[{"start":{"line":417,"column":4},"end":{"line":417,"column":4}},{"start":{"line":417,"column":4},"end":{"line":417,"column":4}}]},"60":{"line":418,"type":"if","locations":[{"start":{"line":418,"column":4},"end":{"line":418,"column":4}},{"start":{"line":418,"column":4},"end":{"line":418,"column":4}}]}}},"/home/alex/github/node-validator/src/type/and.coffee":{"path":"/home/alex/github/node-validator/src/type/and.coffee","s":{"1":1,"2":1,"3":1,"4":1,"5":1,"6":1,"7":1,"8":1,"9":2,"10":2,"11":2,"12":4,"13":4,"14":0,"15":4,"16":4,"17":4,"18":2,"19":0,"20":2,"21":2,"22":2,"23":1,"24":17,"25":17,"26":17,"27":17,"28":17,"29":17,"30":17,"31":17,"32":17,"33":17,"34":17,"35":2,"36":2,"37":2,"38":2,"39":2,"40":0,"41":15,"42":15,"43":30,"44":30,"45":30,"46":4,"47":26,"48":26,"49":15,"50":4,"51":11,"52":1,"53":2},"b":{"1":[0,4],"2":[0,2],"3":[2,15],"4":[4,26],"5":[4,11]},"f":{"1":2,"2":4,"3":4,"4":2,"5":17,"6":30,"7":30,"8":15,"9":2},"fnMap":{"1":{"name":"exports","line":18,"loc":{"start":{"line":18,"column":0},"end":{"line":18,"column":31}}},"2":{"name":"(anonymous_1)","line":21,"loc":{"start":{"line":21,"column":22},"end":{"line":21,"column":33}}},"3":{"name":"(anonymous_2)","line":23,"loc":{"start":{"line":23,"column":46},"end":{"line":23,"column":59}}},"4":{"name":"(anonymous_3)","line":26,"loc":{"start":{"line":26,"column":4},"end":{"line":26,"column":20}}},"5":{"name":"exports","line":32,"loc":{"start":{"line":32,"column":0},"end":{"line":32,"column":26}}},"6":{"name":"(anonymous_4)","line":44,"loc":{"start":{"line":44,"column":29},"end":{"line":44,"column":40}}},"7":{"name":"(anonymous_5)","line":47,"loc":{"start":{"line":47,"column":19},"end":{"line":47,"column":34}}},"8":{"name":"(anonymous_6)","line":51,"loc":{"start":{"line":51,"column":4},"end":{"line":51,"column":11}}},"9":{"name":"exports","line":55,"loc":{"start":{"line":55,"column":0},"end":{"line":55,"column":34}}}},"statementMap":{"1":{"start":{"line":6,"column":0},"end":{"line":6,"column":40}},"2":{"start":{"line":7,"column":0},"end":{"line":7,"column":20}},"3":{"start":{"line":8,"column":0},"end":{"line":8,"column":22}},"4":{"start":{"line":10,"column":0},"end":{"line":10,"column":29}},"5":{"start":{"line":11,"column":0},"end":{"line":11,"column":37}},"6":{"start":{"line":13,"column":0},"end":{"line":13,"column":25}},"7":{"start":{"line":17,"column":0},"end":{"line":17,"column":12}},"8":{"start":{"line":18,"column":0},"end":{"line":31,"column":0}},"9":{"start":{"line":19,"column":2},"end":{"line":19,"column":54}},"10":{"start":{"line":20,"column":2},"end":{"line":20,"column":30}},"11":{"start":{"line":21,"column":2},"end":{"line":31,"column":0}},"12":{"start":{"line":23,"column":4},"end":{"line":26,"column":1}},"13":{"start":{"line":24,"column":6},"end":{"line":24,"column":25}},"14":{"start":{"line":24,"column":6},"end":{"line":24,"column":18}},"15":{"start":{"line":25,"column":6},"end":{"line":25,"column":49}},"16":{"start":{"line":25,"column":15},"end":{"line":25,"column":48}},"17":{"start":{"line":25,"column":22},"end":{"line":25,"column":47}},"18":{"start":{"line":27,"column":4},"end":{"line":27,"column":23}},"19":{"start":{"line":27,"column":4},"end":{"line":27,"column":16}},"20":{"start":{"line":28,"column":4},"end":{"line":28,"column":34}},"21":{"start":{"line":29,"column":4},"end":{"line":29,"column":39}},"22":{"start":{"line":30,"column":4},"end":{"line":30,"column":16}},"23":{"start":{"line":32,"column":0},"end":{"line":54,"column":0}},"24":{"start":{"line":33,"column":2},"end":{"line":33,"column":74}},"25":{"start":{"line":33,"column":10},"end":{"line":33,"column":73}},"26":{"start":{"line":33,"column":11},"end":{"line":33,"column":14}},"27":{"start":{"line":33,"column":30},"end":{"line":33,"column":52}},"28":{"start":{"line":33,"column":60},"end":{"line":33,"column":63}},"29":{"start":{"line":34,"column":2},"end":{"line":34,"column":58}},"30":{"start":{"line":34,"column":10},"end":{"line":34,"column":57}},"31":{"start":{"line":34,"column":11},"end":{"line":34,"column":14}},"32":{"start":{"line":34,"column":25},"end":{"line":34,"column":56}},"33":{"start":{"line":36,"column":2},"end":{"line":43,"column":1}},"34":{"start":{"line":37,"column":4},"end":{"line":40,"column":1}},"35":{"start":{"line":38,"column":6},"end":{"line":38,"column":67}},"36":{"start":{"line":38,"column":14},"end":{"line":38,"column":66}},"37":{"start":{"line":38,"column":15},"end":{"line":38,"column":18}},"38":{"start":{"line":38,"column":36},"end":{"line":38,"column":65}},"39":{"start":{"line":39,"column":6},"end":{"line":39,"column":16}},"40":{"start":{"line":41,"column":4},"end":{"line":41,"column":31}},"41":{"start":{"line":43,"column":2},"end":{"line":43,"column":30}},"42":{"start":{"line":44,"column":2},"end":{"line":54,"column":0}},"43":{"start":{"line":45,"column":4},"end":{"line":45,"column":34}},"44":{"start":{"line":47,"column":4},"end":{"line":51,"column":1}},"45":{"start":{"line":48,"column":6},"end":{"line":48,"column":25}},"46":{"start":{"line":48,"column":6},"end":{"line":48,"column":18}},"47":{"start":{"line":49,"column":6},"end":{"line":49,"column":24}},"48":{"start":{"line":50,"column":6},"end":{"line":50,"column":9}},"49":{"start":{"line":52,"column":4},"end":{"line":52,"column":23}},"50":{"start":{"line":52,"column":4},"end":{"line":52,"column":16}},"51":{"start":{"line":53,"column":4},"end":{"line":53,"column":22}},"52":{"start":{"line":55,"column":0},"end":{"line":69,"column":6}},"53":{"start":{"line":56,"column":2},"end":{"line":69,"column":5}}},"branchMap":{"1":{"line":24,"type":"if","locations":[{"start":{"line":24,"column":6},"end":{"line":24,"column":6}},{"start":{"line":24,"column":6},"end":{"line":24,"column":6}}]},"2":{"line":27,"type":"if","locations":[{"start":{"line":27,"column":4},"end":{"line":27,"column":4}},{"start":{"line":27,"column":4},"end":{"line":27,"column":4}}]},"3":{"line":37,"type":"if","locations":[{"start":{"line":37,"column":4},"end":{"line":37,"column":4}},{"start":{"line":37,"column":4},"end":{"line":37,"column":4}}]},"4":{"line":48,"type":"if","locations":[{"start":{"line":48,"column":6},"end":{"line":48,"column":6}},{"start":{"line":48,"column":6},"end":{"line":48,"column":6}}]},"5":{"line":52,"type":"if","locations":[{"start":{"line":52,"column":4},"end":{"line":52,"column":4}},{"start":{"line":52,"column":4},"end":{"line":52,"column":4}}]}}},"/home/alex/github/node-validator/src/type/any.coffee":{"path":"/home/alex/github/node-validator/src/type/any.coffee","s":{"1":1,"2":1,"3":1,"4":1,"5":1,"6":1,"7":1,"8":1,"9":1,"10":1,"11":146,"12":146,"13":146,"14":146,"15":146,"16":146,"17":146,"18":146,"19":146,"20":146,"21":146,"22":11,"23":11,"24":11,"25":11,"26":11,"27":0,"28":135,"29":135,"30":135,"31":135,"32":135,"33":1,"34":1},"b":{"1":[11,135]},"f":{"1":1,"2":146,"3":1},"fnMap":{"1":{"name":"exports","line":15,"loc":{"start":{"line":15,"column":0},"end":{"line":15,"column":31}}},"2":{"name":"exports","line":21,"loc":{"start":{"line":21,"column":0},"end":{"line":21,"column":26}}},"3":{"name":"exports","line":34,"loc":{"start":{"line":34,"column":0},"end":{"line":34,"column":34}}}},"statementMap":{"1":{"start":{"line":7,"column":0},"end":{"line":7,"column":40}},"2":{"start":{"line":8,"column":0},"end":{"line":8,"column":20}},"3":{"start":{"line":9,"column":0},"end":{"line":9,"column":22}},"4":{"start":{"line":11,"column":0},"end":{"line":11,"column":25}},"5":{"start":{"line":15,"column":0},"end":{"line":20,"column":0}},"6":{"start":{"line":16,"column":2},"end":{"line":16,"column":30}},"7":{"start":{"line":17,"column":2},"end":{"line":17,"column":37}},"8":{"start":{"line":18,"column":2},"end":{"line":18,"column":43}},"9":{"start":{"line":19,"column":2},"end":{"line":19,"column":14}},"10":{"start":{"line":21,"column":0},"end":{"line":33,"column":0}},"11":{"start":{"line":22,"column":2},"end":{"line":22,"column":74}},"12":{"start":{"line":22,"column":10},"end":{"line":22,"column":73}},"13":{"start":{"line":22,"column":11},"end":{"line":22,"column":14}},"14":{"start":{"line":22,"column":30},"end":{"line":22,"column":52}},"15":{"start":{"line":22,"column":60},"end":{"line":22,"column":63}},"16":{"start":{"line":23,"column":2},"end":{"line":23,"column":58}},"17":{"start":{"line":23,"column":10},"end":{"line":23,"column":57}},"18":{"start":{"line":23,"column":11},"end":{"line":23,"column":14}},"19":{"start":{"line":23,"column":25},"end":{"line":23,"column":56}},"20":{"start":{"line":25,"column":2},"end":{"line":31,"column":1}},"21":{"start":{"line":26,"column":4},"end":{"line":29,"column":1}},"22":{"start":{"line":27,"column":6},"end":{"line":27,"column":67}},"23":{"start":{"line":27,"column":14},"end":{"line":27,"column":66}},"24":{"start":{"line":27,"column":15},"end":{"line":27,"column":18}},"25":{"start":{"line":27,"column":36},"end":{"line":27,"column":65}},"26":{"start":{"line":28,"column":6},"end":{"line":28,"column":16}},"27":{"start":{"line":30,"column":4},"end":{"line":30,"column":31}},"28":{"start":{"line":31,"column":2},"end":{"line":31,"column":56}},"29":{"start":{"line":31,"column":10},"end":{"line":31,"column":55}},"30":{"start":{"line":31,"column":11},"end":{"line":31,"column":14}},"31":{"start":{"line":31,"column":32},"end":{"line":31,"column":54}},"32":{"start":{"line":32,"column":2},"end":{"line":32,"column":20}},"33":{"start":{"line":34,"column":0},"end":{"line":41,"column":6}},"34":{"start":{"line":35,"column":2},"end":{"line":41,"column":5}}},"branchMap":{"1":{"line":26,"type":"if","locations":[{"start":{"line":26,"column":4},"end":{"line":26,"column":4}},{"start":{"line":26,"column":4},"end":{"line":26,"column":4}}]}}},"/home/alex/github/node-validator/src/type/array.coffee":{"path":"/home/alex/github/node-validator/src/type/array.coffee","s":{"1":1,"2":1,"3":1,"4":1,"5":1,"6":1,"7":1,"8":22,"9":22,"10":22,"11":22,"12":2,"13":22,"14":1,"15":1,"16":1,"17":22,"18":3,"19":3,"20":3,"21":3,"22":19,"23":3,"24":3,"25":3,"26":16,"27":1,"28":1,"29":1,"30":22,"31":22,"32":17,"33":5,"34":5,"35":5,"36":2,"37":2,"38":0,"39":2,"40":2,"41":2,"42":2,"43":5,"44":0,"45":5,"46":22,"47":20,"48":2,"49":2,"50":2,"51":0,"52":2,"53":2,"54":22,"55":0,"56":22,"57":22,"58":1,"59":85,"60":85,"61":85,"62":85,"63":85,"64":85,"65":85,"66":85,"67":85,"68":85,"69":85,"70":14,"71":14,"72":14,"73":14,"74":14,"75":1,"76":70,"77":70,"78":2,"79":70,"80":3,"81":70,"82":6,"83":6,"84":64,"85":2,"86":2,"87":62,"88":5,"89":3,"90":3,"91":3,"92":3,"93":59,"94":3,"95":3,"96":3,"97":3,"98":56,"99":1,"100":1,"101":1,"102":1,"103":55,"104":7,"105":7,"106":7,"107":7,"108":7,"109":48,"110":48,"111":87,"112":10,"113":77,"114":21,"115":56,"116":56,"117":56,"118":56,"119":56,"120":56,"121":56,"122":2,"123":9,"124":45,"125":56,"126":56,"127":87,"128":48,"129":5,"130":43,"131":43,"132":43,"133":43,"134":43,"135":1,"136":3},"b":{"1":[2,20],"2":[1,21],"3":[3,19],"4":[3,16],"5":[1,15],"6":[17,5],"7":[0,2],"8":[0,5],"9":[20,2],"10":[0,2],"11":[0,22],"12":[14,70],"13":[2,68],"14":[3,67],"15":[6,64],"16":[2,62],"17":[3,59],"18":[3,56],"19":[1,55],"20":[7,48],"21":[10,77],"22":[21,56],"23":[2,9,45],"24":[5,43]},"f":{"1":22,"2":22,"3":2,"4":2,"5":5,"6":22,"7":2,"8":22,"9":85,"10":87,"11":48,"12":3},"fnMap":{"1":{"name":"exports","line":33,"loc":{"start":{"line":33,"column":0},"end":{"line":33,"column":31}}},"2":{"name":"(anonymous_1)","line":50,"loc":{"start":{"line":50,"column":4},"end":{"line":50,"column":10}}},"3":{"name":"(anonymous_2)","line":54,"loc":{"start":{"line":54,"column":26},"end":{"line":54,"column":37}}},"4":{"name":"(anonymous_3)","line":56,"loc":{"start":{"line":56,"column":51},"end":{"line":56,"column":64}}},"5":{"name":"(anonymous_4)","line":59,"loc":{"start":{"line":59,"column":8},"end":{"line":59,"column":24}}},"6":{"name":"(anonymous_5)","line":62,"loc":{"start":{"line":62,"column":4},"end":{"line":62,"column":10}}},"7":{"name":"(anonymous_6)","line":66,"loc":{"start":{"line":66,"column":47},"end":{"line":66,"column":60}}},"8":{"name":"(anonymous_7)","line":69,"loc":{"start":{"line":69,"column":5},"end":{"line":69,"column":21}}},"9":{"name":"exports","line":73,"loc":{"start":{"line":73,"column":0},"end":{"line":73,"column":26}}},"10":{"name":"(anonymous_8)","line":110,"loc":{"start":{"line":110,"column":22},"end":{"line":110,"column":33}}},"11":{"name":"(anonymous_9)","line":133,"loc":{"start":{"line":133,"column":4},"end":{"line":133,"column":18}}},"12":{"name":"exports","line":139,"loc":{"start":{"line":139,"column":0},"end":{"line":139,"column":34}}}},"statementMap":{"1":{"start":{"line":22,"column":0},"end":{"line":22,"column":42}},"2":{"start":{"line":23,"column":0},"end":{"line":23,"column":20}},"3":{"start":{"line":24,"column":0},"end":{"line":24,"column":22}},"4":{"start":{"line":26,"column":0},"end":{"line":26,"column":37}},"5":{"start":{"line":27,"column":0},"end":{"line":27,"column":29}},"6":{"start":{"line":29,"column":0},"end":{"line":29,"column":25}},"7":{"start":{"line":33,"column":0},"end":{"line":72,"column":0}},"8":{"start":{"line":34,"column":2},"end":{"line":34,"column":18}},"9":{"start":{"line":35,"column":2},"end":{"line":35,"column":37}},"10":{"start":{"line":36,"column":2},"end":{"line":36,"column":43}},"11
[...]
"line":86,"column":2},"end":{"line":86,"column":2}},{"start":{"line":86,"column":2},"end":{"line":86,"column":2}}]},"17":{"line":87,"type":"if","locations":[{"start":{"line":87,"column":4},"end":{"line":87,"column":4}},{"start":{"line":87,"column":4},"end":{"line":87,"column":4}}]},"18":{"line":89,"type":"if","locations":[{"start":{"line":89,"column":9},"end":{"line":89,"column":9}},{"start":{"line":89,"column":9},"end":{"line":89,"column":9}}]},"19":{"line":93,"type":"if","locations":[{"start":{"line":93,"column":2},"end":{"line":93,"column":2}},{"start":{"line":93,"column":2},"end":{"line":93,"column":2}}]},"20":{"line":95,"type":"if","locations":[{"start":{"line":95,"column":2},"end":{"line":95,"column":2}},{"start":{"line":95,"column":2},"end":{"line":95,"column":2}}]},"21":{"line":97,"type":"if","locations":[{"start":{"line":97,"column":2},"end":{"line":97,"column":2}},{"start":{"line":97,"column":2},"end":{"line":97,"column":2}}]},"22":{"line":99,"type":"if","locations":[{"start":{"line":99,"column":4},"end":{"line":99,"column":4}},{"start":{"line":99,"column":4},"end":{"line":99,"column":4}}]},"23":{"line":105,"type":"if","locations":[{"start":{"line":105,"column":2},"end":{"line":105,"column":2}},{"start":{"line":105,"column":2},"end":{"line":105,"column":2}}]},"24":{"line":107,"type":"if","locations":[{"start":{"line":107,"column":4},"end":{"line":107,"column":4}},{"start":{"line":107,"column":4},"end":{"line":107,"column":4}}]},"25":{"line":120,"type":"if","locations":[{"start":{"line":120,"column":4},"end":{"line":120,"column":4}},{"start":{"line":120,"column":4},"end":{"line":120,"column":4}}]},"26":{"line":127,"type":"if","locations":[{"start":{"line":127,"column":2},"end":{"line":127,"column":2}},{"start":{"line":127,"column":2},"end":{"line":127,"column":2}}]},"27":{"line":129,"type":"if","locations":[{"start":{"line":129,"column":2},"end":{"line":129,"column":2}},{"start":{"line":129,"column":2},"end":{"line":129,"column":2}}]},"28":{"line":132,"type":"if","locations":[{"start":{"line":132,"column":2},"end":{"line":132,"column":2}},{"start":{"line":132,"column":2},"end":{"line":132,"column":2}}]},"29":{"line":134,"type":"if","locations":[{"start":{"line":134,"column":2},"end":{"line":134,"column":2}},{"start":{"line":134,"column":2},"end":{"line":134,"column":2}}]},"30":{"line":137,"type":"if","locations":[{"start":{"line":137,"column":2},"end":{"line":137,"column":2}},{"start":{"line":137,"column":2},"end":{"line":137,"column":2}}]},"31":{"line":139,"type":"if","locations":[{"start":{"line":139,"column":2},"end":{"line":139,"column":2}},{"start":{"line":139,"column":2},"end":{"line":139,"column":2}}]},"32":{"line":141,"type":"if","locations":[{"start":{"line":141,"column":2},"end":{"line":141,"column":2}},{"start":{"line":141,"column":2},"end":{"line":141,"column":2}}]},"33":{"line":143,"type":"if","locations":[{"start":{"line":143,"column":2},"end":{"line":143,"column":2}},{"start":{"line":143,"column":2},"end":{"line":143,"column":2}}]},"34":{"line":146,"type":"if","locations":[{"start":{"line":146,"column":2},"end":{"line":146,"column":2}},{"start":{"line":146,"column":2},"end":{"line":146,"column":2}}]},"35":{"line":147,"type":"if","locations":[{"start":{"line":147,"column":4},"end":{"line":147,"column":4}},{"start":{"line":147,"column":4},"end":{"line":147,"column":4}}]},"36":{"line":154,"type":"if","locations":[{"start":{"line":154,"column":2},"end":{"line":154,"column":2}},{"start":{"line":154,"column":2},"end":{"line":154,"column":2}}]},"37":{"line":156,"type":"if","locations":[{"start":{"line":156,"column":2},"end":{"line":156,"column":2}},{"start":{"line":156,"column":2},"end":{"line":156,"column":2}}]},"38":{"line":159,"type":"if","locations":[{"start":{"line":159,"column":2},"end":{"line":159,"column":2}},{"start":{"line":159,"column":2},"end":{"line":159,"column":2}}]},"39":{"line":162,"type":"if","locations":[{"start":{"line":162,"column":2},"end":{"line":162,"column":2}},{"start":{"line":162,"column":2},"end":{"line":162,"column":2}}]},"40":{"line":166,"type":"if","locations":[{"start":{"line":166,"column":2},"end":{"line":166,"column":2}},{"start":{"line":166,"column":2},"end":{"line":166,"column":2}}]},"41":{"line":167,"type":"if","locations":[{"start":{"line":167,"column":4},"end":{"line":167,"column":4}},{"start":{"line":167,"column":4},"end":{"line":167,"column":4}}]},"42":{"line":169,"type":"if","locations":[{"start":{"line":169,"column":9},"end":{"line":169,"column":9}},{"start":{"line":169,"column":9},"end":{"line":169,"column":9}}]},"43":{"line":171,"type":"if","locations":[{"start":{"line":171,"column":4},"end":{"line":171,"column":4}},{"start":{"line":171,"column":4},"end":{"line":171,"column":4}}]},"44":{"line":174,"type":"if","locations":[{"start":{"line":174,"column":2},"end":{"line":174,"column":2}},{"start":{"line":174,"column":2},"end":{"line":174,"column":2}}]},"45":{"line":177,"type":"if","locations":[{"start":{"line":177,"column":2},"end":{"line":177,"column":2}},{"start":{"line":177,"column":2},"end":{"line":177,"column":2}}]},"46":{"line":181,"type":"if","locations":[{"start":{"line":181,"column":2},"end":{"line":181,"column":2}},{"start":{"line":181,"column":2},"end":{"line":181,"column":2}}]},"47":{"line":182,"type":"if","locations":[{"start":{"line":182,"column":4},"end":{"line":182,"column":4}},{"start":{"line":182,"column":4},"end":{"line":182,"column":4}}]},"48":{"line":185,"type":"if","locations":[{"start":{"line":185,"column":8},"end":{"line":185,"column":8}},{"start":{"line":185,"column":8},"end":{"line":185,"column":8}}]},"49":{"line":187,"type":"if","locations":[{"start":{"line":187,"column":6},"end":{"line":187,"column":6}},{"start":{"line":187,"column":6},"end":{"line":187,"column":6}}]},"50":{"line":190,"type":"if","locations":[{"start":{"line":190,"column":9},"end":{"line":190,"column":9}},{"start":{"line":190,"column":9},"end":{"line":190,"column":9}}]},"51":{"line":191,"type":"if","locations":[{"start":{"line":191,"column":6},"end":{"line":191,"column":6}},{"start":{"line":191,"column":6},"end":{"line":191,"column":6}}]},"52":{"line":194,"type":"if","locations":[{"start":{"line":194,"column":9},"end":{"line":194,"column":9}},{"start":{"line":194,"column":9},"end":{"line":194,"column":9}}]},"53":{"line":197,"type":"if","locations":[{"start":{"line":197,"column":2},"end":{"line":197,"column":2}},{"start":{"line":197,"column":2},"end":{"line":197,"column":2}}]},"54":{"line":198,"type":"if","locations":[{"start":{"line":198,"column":4},"end":{"line":198,"column":4}},{"start":{"line":198,"column":4},"end":{"line":198,"column":4}}]},"55":{"line":201,"type":"if","locations":[{"start":{"line":201,"column":8},"end":{"line":201,"column":8}},{"start":{"line":201,"column":8},"end":{"line":201,"column":8}}]},"56":{"line":203,"type":"if","locations":[{"start":{"line":203,"column":6},"end":{"line":203,"column":6}},{"start":{"line":203,"column":6},"end":{"line":203,"column":6}}]},"57":{"line":206,"type":"if","locations":[{"start":{"line":206,"column":9},"end":{"line":206,"column":9}},{"start":{"line":206,"column":9},"end":{"line":206,"column":9}}]},"58":{"line":207,"type":"if","locations":[{"start":{"line":207,"column":6},"end":{"line":207,"column":6}},{"start":{"line":207,"column":6},"end":{"line":207,"column":6}}]},"59":{"line":210,"type":"if","locations":[{"start":{"line":210,"column":9},"end":{"line":210,"column":9}},{"start":{"line":210,"column":9},"end":{"line":210,"column":9}}]}}},"/home/alex/github/node-validator/src/type/url.coffee":{"path":"/home/alex/github/node-validator/src/type/url.coffee","s":{"1":1,"2":1,"3":1,"4":1,"5":1,"6":1,"7":1,"8":11,"9":11,"10":11,"11":11,"12":1,"13":1,"14":1,"15":11,"16":1,"17":11,"18":2,"19":2,"20":2,"21":11,"22":2,"23":2,"24":2,"25":11,"26":2,"27":2,"28":2,"29":11,"30":10,"31":11,"32":1,"33":24,"34":24,"35":24,"36":24,"37":24,"38":24,"39":24,"40":24,"41":24,"42":24,"43":24,"44":4,"45":4,"46":4,"47":4,"48":4,"49":1,"50":19,"51":19,"52":3,"53":3,"54":16,"55":1,"56":16,"57":16,"58":1,"59":1,"60":16,"61":13,"62":13,"63":2,"64":2,"65":2,"66":2,"67":2,"68":2,"69":0,"70":2,"71":1,"72":1,"73":1,"74":1,"75":1,"76":12,"77":2,"78":2,"79":2,"80":2,"81":2,"82":2,"83":0,"84":2,"85":1,"86":1,"87":1,"88":1,"89":1,"90":14,"91":2,"92":0,"93":0,"94":2,"95":1,"96":1,"97":1,"98":1,"99":13,"100":2,"101":2,"102":11,"103":11,"104":1,"105":2},"b":{"1":[1,10],"2":[1,10],"3":[2,9],"4":[2,9],"5":[2,9],"6":[10,1],"7":[4,19],"8":[3,16],"9":[1,15],"10":[1,15],"11":[13,3],"12":[2,11],"13":[2,0],"14":[2,0],"15":[1,1],"16":[2,10],"17":[2,0],"18":[2,0],"19":[1,1],"20":[2,12],"21":[0,2],"22":[1,1],"23":[2,11]},"f":{"1":11,"2":24,"3":2},"fnMap":{"1":{"name":"exports","line":28,"loc":{"start":{"line":28,"column":0},"end":{"line":28,"column":31}}},"2":{"name":"exports","line":46,"loc":{"start":{"line":46,"column":0},"end":{"line":46,"column":26}}},"3":{"name":"exports","line":102,"loc":{"start":{"line":102,"column":0},"end":{"line":102,"column":34}}}},"statementMap":{"1":{"start":{"line":16,"column":0},"end":{"line":16,"column":40}},"2":{"start":{"line":17,"column":0},"end":{"line":17,"column":20}},"3":{"start":{"line":18,"column":0},"end":{"line":18,"column":22}},"4":{"start":{"line":19,"column":0},"end":{"line":19,"column":18}},"5":{"start":{"line":21,"column":0},"end":{"line":21,"column":37}},"6":{"start":{"line":23,"column":0},"end":{"line":23,"column":25}},"7":{"start":{"line":28,"column":0},"end":{"line":45,"column":0}},"8":{"start":{"line":29,"column":2},"end":{"line":29,"column":50}},"9":{"start":{"line":30,"column":2},"end":{"line":30,"column":37}},"10":{"start":{"line":31,"column":2},"end":{"line":31,"column":43}},"11":{"start":{"line":32,"column":2},"end":{"line":34,"column":1}},"12":{"start":{"line":33,"column":4},"end":{"line":33,"column":73}},"13":{"start":{"line":33,"column":12},"end":{"line":33,"column":73}},"14":{"start":{"line":33,"column":46},"end":{"line":33,"column":49}},"15":{"start":{"line":34,"column":2},"end":{"line":36,"column":1}},"16":{"start":{"line":35,"column":4},"end":{"line":35,"column":52}},"17":{"start":{"line":36,"column":2},"end":{"line":38,"column":1}},"18":{"start":{"line":37,"column":4},"end":{"line":37,"column":75}},"19":{"start":{"line":37,"column":12},"end":{"line":37,"column":75}},"20":{"start":{"line":37,"column":39},"end":{"line":37,"column":42}},"21":{"start":{"line":38,"column":2},"end":{"line":40,"column":1}},"22":{"start":{"line":39,"column":4},"end":{"line":39,"column":74}},"23":{"start":{"line":39,"column":12},"end":{"line":39,"column":74}},"24":{"start":{"line":39,"column":34},"end":{"line":39,"column":37}},"25":{"start":{"line":40,"column":2},"end":{"line":42,"column":1}},"26":{"start":{"line":41,"column":4},"end":{"line":41,"column":66}},"27":{"start":{"line":41,"column":12},"end":{"line":41,"column":66}},"28":{"start":{"line":41,"column":40},"end":{"line":41,"column":43}},"29":{"start":{"line":42,"column":2},"end":{"line":44,"column":1}},"30":{"start":{"line":43,"column":4},"end":{"line":43,"column":45}},"31":{"start":{"line":44,"column":2},"end":{"line":44,"column":14}},"32":{"start":{"line":46,"column":0},"end":{"line":101,"column":0}},"33":{"start":{"line":47,"column":2},"end":{"line":47,"column":74}},"34":{"start":{"line":47,"column":10},"end":{"line":47,"column":73}},"35":{"start":{"line":47,"column":11},"end":{"line":47,"column":14}},"36":{"start":{"line":47,"column":30},"end":{"line":47,"column":52}},"37":{"start":{"line":47,"column":60},"end":{"line":47,"column":63}},"38":{"start":{"line":48,"column":2},"end":{"line":48,"column":58}},"39":{"start":{"line":48,"column":10},"end":{"line":48,"column":57}},"40":{"start":{"line":48,"column":11},"end":{"line":48,"column":14}},"41":{"start":{"line":48,"column":25},"end":{"line":48,"column":56}},"42":{"start":{"line":50,"column":2},"end":{"line":57,"column":1}},"43":{"start":{"line":51,"column":4},"end":{"line":54,"column":1}},"44":{"start":{"line":52,"column":6},"end":{"line":52,"column":67}},"45":{"start":{"line":52,"column":14},"end":{"line":52,"column":66}},"46":{"start":{"line":52,"column":15},"end":{"line":52,"column":18}},"47":{"start":{"line":52,"column":36},"end":{"line":52,"column":65}},"48":{"start":{"line":53,"column":6},"end":{"line":53,"column":16}},"49":{"start":{"line":55,"column":4},"end":{"line":55,"column":31}},"50":{"start":{"line":57,"column":2},"end":{"line":57,"column":19}},"51":{"start":{"line":58,"column":2},"end":{"line":60,"column":1}},"52":{"start":{"line":59,"column":4},"end":{"line":59,"column":74}},"53":{"start":{"line":59,"column":28},"end":{"line":59,"column":69}},"54":{"start":{"line":60,"column":2},"end":{"line":62,"column":1}},"55":{"start":{"line":61,"column":4},"end":{"line":61,"column":53}},"56":{"start":{"line":62,"column":2},"end":{"line":62,"column":24}},"57":{"start":{"line":63,"column":2},"end":{"line":67,"column":1}},"58":{"start":{"line":64,"column":4},"end":{"line":64,"column":22}},"59":{"start":{"line":65,"column":4},"end":{"line":65,"column":20}},"60":{"start":{"line":67,"column":2},"end":{"line":92,"column":1}},"61":{"start":{"line":68,"column":4},"end":{"line":68,"column":20}},"62":{"start":{"line":69,"column":4},"end":{"line":80,"column":3}},"63":{"start":{"line":70,"column":6},"end":{"line":70,"column":19}},"64":{"start":{"line":71,"column":6},"end":{"line":71,"column":95}},"65":{"start":{"line":71,"column":6},"end":{"line":71,"column":52}},"66":{"start":{"line":72,"column":6},"end":{"line":77,"column":5}},"67":{"start":{"line":73,"column":8},"end":{"line":76,"column":60}},"68":{"start":{"line":74,"column":10},"end":{"line":74,"column":57}},"69":{"start":{"line":76,"column":10},"end":{"line":76,"column":60}},"70":{"start":{"line":77,"column":6},"end":{"line":80,"column":3}},"71":{"start":{"line":78,"column":8},"end":{"line":79,"column":47}},"72":{"start":{"line":78,"column":32},"end":{"line":79,"column":42}},"73":{"start":{"line":78,"column":38},"end":{"line":79,"column":42}},"74":{"start":{"line":78,"column":55},"end":{"line":78,"column":59}},"75":{"start":{"line":79,"column":19},"end":{"line":79,"column":22}},"76":{"start":{"line":80,"column":4},"end":{"line":92,"column":1}},"77":{"start":{"line":81,"column":6},"end":{"line":81,"column":19}},"78":{"start":{"line":82,"column":6},"end":{"line":82,"column":92}},"79":{"start":{"line":82,"column":6},"end":{"line":82,"column":50}},"80":{"start":{"line":83,"column":6},"end":{"line":88,"column":5}},"81":{"start":{"line":84,"column":8},"end":{"line":87,"column":64}},"82":{"start":{"line":85,"column":10},"end":{"line":85,"column":61}},"83":{"start":{"line":87,"column":10},"end":{"line":87,"column":64}},"84":{"start":{"line":88,"column":6},"end":{"line":92,"column":1}},"85":{"start":{"line":89,"column":8},"end":{"line":90,"column":46}},"86":{"start":{"line":89,"column":32},"end":{"line":90,"column":41}},"87":{"start":{"line":89,"column":38},"end":{"line":90,"column":41}},"88":{"start":{"line":89,"column":55},"end":{"line":89,"column":59}},"89":{"start":{"line":90,"column":19},"end":{"line":90,"column":22}},"90":{"start":{"line":92,"column":2},"end":{"line":97,"column":1}},"91":{"start":{"line":93,"column":4},"end":{"line":95,"column":3}},"92":{"start":{"line":94,"column":6},"end":{"line":94,"column":66}},"93":{"start":{"line":94,"column":30},"end":{"line":94,"column":61}},"94":{"start":{"line":95,"column":4},"end":{"line":97,"column":1}},"95":{"start":{"line":96,"column":6},"end":{"line":96,"column":88}},"96":{"start":{"line":96,"column":30},"end":{"line":96,"column":83}},"97":{"start":{"line":96,"column":36},"end":{"line":96,"column":83}},"98":{"start":{"line":96,"column":52},"end":{"line":96,"column":56}},"99":{"start":{"line":97,"column":2},"end":{"line":99,"column":1}},"100":{"start":{"line":98,"column":4},"end":{"line":98,"column":70}},"101":{"start":{"line":98,"column":28},"end":{"line":98,"column":65}},"102":{"start":{"line":99,"column":2},"end":{"line":99,"column":25}},"103":{"start":{"line":100,"column":2},"end":{"line":100,"column":22}},"104":{"start":{"line":102,"column":0},"end":{"line":141,"column":6}},"105":{"start":{"line":103,"column":2},"end":{"line":141,"column":5}}},"branchMap":{"1":{"line":32,"type":"if","locations":[{"start":{"line":32,"column":2},"end":{"line":32,"column":2}},{"start":{"line":32,"column":2},"end":{"line":32,"column":2}}]},"2":{"line":34,"type":"if","locations":[{"start":{"line":34,"column":2},"end":{"line":34,"column":2}},{"start":{"line":34,"column":2},"end":{"line":34,"column":2}}]},"3":{"line":36,"type":"if","locations":[{"start":{"line":36,"column":2},"end":{"line":36,"column":2}},{"start":{"line":36,"column":2},"end":{"line":36,"column":2}}]},"4":{"line":38,"type":"if","locations":[{"start":{"line":38,"column":2},"end":{"line":38,"column":2}},{"start":{"line":38,"column":2},"end":{"line":38,"column":2}}]},"5":{"line":40,"type":"if","locations":[{"start":{"line":40,"column":2},"end":{"line":40,"column":2}},{"start":{"line":40,"column":2},"end":{"line":40,"column":2}}]},"6":{"line":42,"type":"if","locations":[{"start":{"line":42,"column":2},"end":{"line":42,"column":2}},{"start":{"line":42,"column":2},"end":{"line":42,"column":2}}]},"7":{"line":51,"type":"if","locations":[{"start":{"line":51,"column":4},"end":{"line":51,"column":4}},{"start":{"line":51,"column":4},"end":{"line":51,"column":4}}]},"8":{"line":58,"type":"if","locations":[{"start":{"line":58,"column":2},"end":{"line":58,"column":2}},{"start":{"line":58,"column":2},"end":{"line":58,"column":2}}]},"9":{"line":60,"type":"if","locations":[{"start":{"line":60,"column":2},"end":{"line":60,"column":2}},{"start":{"line":60,"column":2},"end":{"line":60,"column":2}}]},"10":{"line":63,"type":"if","locations":[{"start":{"line":63,"column":2},"end":{"line":63,"column":2}},{"start":{"line":63,"column":2},"end":{"line":63,"column":2}}]},"11":{"line":67,"type":"if","locations":[{"start":{"line":67,"column":2},"end":{"line":67,"column":2}},{"start":{"line":67,"column":2},"end":{"line":67,"column":2}}]},"12":{"line":69,"type":"if","locations":[{"start":{"line":69,"column":4},"end":{"line":69,"column":4}},{"start":{"line":69,"column":4},"end":{"line":69,"column":4}}]},"13":{"line":71,"type":"if","locations":[{"start":{"line":71,"column":6},"end":{"line":71,"column":6}},{"start":{"line":71,"column":6},"end":{"line":71,"column":6}}]},"14":{"line":73,"type":"if","locations":[{"start":{"line":73,"column":8},"end":{"line":73,"column":8}},{"start":{"line":73,"column":8},"end":{"line":73,"column":8}}]},"15":{"line":77,"type":"if","locations":[{"start":{"line":77,"column":6},"end":{"line":77,"column":6}},{"start":{"line":77,"column":6},"end":{"line":77,"column":6}}]},"16":{"line":80,"type":"if","locations":[{"start":{"line":80,"column":4},"end":{"line":80,"column":4}},{"start":{"line":80,"column":4},"end":{"line":80,"column":4}}]},"17":{"line":82,"type":"if","locations":[{"start":{"line":82,"column":6},"end":{"line":82,"column":6}},{"start":{"line":82,"column":6},"end":{"line":82,"column":6}}]},"18":{"line":84,"type":"if","locations":[{"start":{"line":84,"column":8},"end":{"line":84,"column":8}},{"start":{"line":84,"column":8},"end":{"line":84,"column":8}}]},"19":{"line":88,"type":"if","locations":[{"start":{"line":88,"column":6},"end":{"line":88,"column":6}},{"start":{"line":88,"column":6},"end":{"line":88,"column":6}}]},"20":{"line":92,"type":"if","locations":[{"start":{"line":92,"column":2},"end":{"line":92,"column":2}},{"start":{"line":92,"column":2},"end":{"line":92,"column":2}}]},"21":{"line":93,"type":"if","locations":[{"start":{"line":93,"column":4},"end":{"line":93,"column":4}},{"start":{"line":93,"column":4},"end":{"line":93,"column":4}}]},"22":{"line":95,"type":"if","locations":[{"start":{"line":95,"column":4},"end":{"line":95,"column":4}},{"start":{"line":95,"column":4},"end":{"line":95,"column":4}}]},"23":{"line":97,"type":"if","locations":[{"start":{"line":97,"column":2},"end":{"line":97,"column":2}},{"start":{"line":97,"column":2},"end":{"line":97,"column":2}}]}}}}