TN:
SF:/home/alex/github/node-validator/src/check.coffee
FN:36,Work
FN:40,constructor
FN:53,report
FN:65,(anonymous_1)
FN:80,goInto
FN:114,getTypeLib
FN:123,isEmpty
FN:139,exports
FN:154,exports
FN:157,(anonymous_2)
FN:163,(anonymous_3)
FN:170,(anonymous_4)
FN:193,exports
FN:210,describe
FN:222,run
FNF:15
FNH:15
FNDA:1,Work
FNDA:3535,constructor
FNDA:467,report
FNDA:467,(anonymous_1)
FNDA:2207,goInto
FNDA:3027,getTypeLib
FNDA:2325,isEmpty
FNDA:653,exports
FNDA:2332,exports
FNDA:4736,(anonymous_2)
FNDA:2332,(anonymous_3)
FNDA:2329,(anonymous_4)
FNDA:45,exports
FNDA:652,describe
FNDA:2325,run
DA:6,1
DA:7,1
DA:8,1
DA:9,1
DA:10,1
DA:12,1
DA:36,1
DA:41,3535
DA:42,3535
DA:43,3535
DA:44,3535
DA:45,3535
DA:46,3535
DA:55,467
DA:56,467
DA:57,467
DA:59,467
DA:60,467
DA:61,1
DA:62,1
DA:63,1
DA:65,467
DA:66,467
DA:67,467
DA:69,467
DA:70,467
DA:71,467
DA:73,467
DA:82,2207
DA:83,2207
DA:85,2137
DA:86,2137
DA:87,2137
DA:88,2137
DA:91,70
DA:92,70
DA:93,70
DA:94,2207
DA:96,681
DA:97,681
DA:98,681
DA:101,1526
DA:102,1526
DA:104,2207
DA:106,1017
DA:114,1
DA:116,3027
DA:117,6
DA:118,3021
DA:120,3021
DA:123,1
DA:124,2325
DA:132,1958
DA:139,1
DA:140,653
DA:142,653
DA:143,653
DA:144,652
DA:145,0
DA:147,1
DA:148,1
DA:150,652
DA:154,1
DA:155,2332
DA:157,2332
DA:158,4736
DA:164,2332
DA:165,2332
DA:167,2332
DA:171,2329
DA:173,2329
DA:174,2329
DA:175,806
DA:176,2329
DA:178,2329
DA:179,2329
DA:181,2329
DA:182,2329
DA:183,2325
DA:184,0
DA:186,4
DA:187,4
DA:189,2325
DA:193,1
DA:194,45
DA:196,45
DA:197,45
DA:198,44
DA:199,0
DA:201,1
DA:203,44
DA:209,1
DA:211,652
DA:212,631
DA:213,21
DA:214,16
DA:215,1
DA:217,15
DA:218,16
DA:221,5
DA:224,2325
DA:225,367
DA:226,53
DA:227,53
DA:228,314
DA:229,27
DA:232,1
LF:107
LH:104
BRDA:56,1,0,1
BRDA:56,1,1,466
BRDA:60,2,0,1
BRDA:60,2,1,466
BRDA:70,3,0,467
BRDA:70,3,1,0
BRDA:83,4,0,2137
BRDA:83,4,1,70
BRDA:87,5,0,2070
BRDA:87,5,1,67
BRDA:94,6,0,681
BRDA:94,6,1,1526
BRDA:98,7,0,422
BRDA:98,7,1,259
BRDA:104,8,0,1190
BRDA:104,8,1,1017
BRDA:116,9,0,6
BRDA:116,9,1,3021
BRDA:118,10,0,3021
BRDA:118,10,1,0
BRDA:124,11,0,367
BRDA:124,11,1,1958
BRDA:140,12,0,78
BRDA:140,12,1,575
BRDA:144,13,0,0
BRDA:144,13,1,652
BRDA:155,14,0,1250
BRDA:155,14,1,1082
BRDA:164,15,0,0
BRDA:164,15,1,2332
BRDA:171,16,0,0
BRDA:171,16,1,2329
BRDA:176,17,0,1941
BRDA:176,17,1,388
BRDA:183,18,0,0
BRDA:183,18,1,2325
BRDA:198,19,0,0
BRDA:198,19,1,44
BRDA:211,20,0,631
BRDA:211,20,1,21
BRDA:213,21,0,16
BRDA:213,21,1,5
BRDA:214,22,0,1
BRDA:214,22,1,15
BRDA:224,23,0,1958
BRDA:224,23,1,367
BRDA:225,24,0,53
BRDA:225,24,1,314
BRDA:228,25,0,287
BRDA:228,25,1,27
BRF:50
BRH:43
end_of_record
TN:
SF:/home/alex/github/node-validator/src/index.coffee
FN:23,exports
FN:30,exports
FN:38,(anonymous_1)
FN:48,exports
FNF:4
FNH:4
FNDA:52,exports
FNDA:854,exports
FNDA:845,(anonymous_1)
FNDA:45,exports
DA:6,1
DA:7,1
DA:8,1
DA:10,1
DA:23,1
DA:24,52
DA:30,1
DA:32,854
DA:33,854
DA:35,846
DA:37,846
DA:38,846
DA:39,845
DA:40,225
DA:42,620
DA:43,845
DA:48,1
DA:49,45
LF:18
LH:18
BRDA:32,1,0,0
BRDA:32,1,1,854
BRDA:33,2,0,8
BRDA:33,2,1,846
BRDA:39,3,0,225
BRDA:39,3,1,620
BRF:6
BRH:5
end_of_record
TN:
SF:/home/alex/github/node-validator/src/reference.coffee
FN:56,exports
FN:64,exports
FN:76,(anonymous_1)
FN:78,(anonymous_2)
FN:95,findAlternative
FN:99,(anonymous_3)
FN:112,(anonymous_4)
FN:118,(anonymous_5)
FN:128,find
FN:187,(anonymous_6)
FN:209,(anonymous_7)
FN:219,check
FN:229,(anonymous_8)
FN:235,split
FN:237,(anonymous_9)
FN:239,(anonymous_10)
FN:246,match
FN:251,parse
FN:273,(anonymous_11)
FN:280,(anonymous_12)
FN:281,(anonymous_13)
FN:284,(anonymous_14)
FN:289,range
FN:329,object
FN:332,join
FN:337,env
FN:340,struct
FN:343,context
FN:346,file
FN:350,(anonymous_15)
FN:354,web
FN:359,(anonymous_16)
FN:367,cmd
FN:371,(anonymous_17)
FN:376,findData
FN:396,(anonymous_18)
FN:413,arrayJoin
FNF:37
FNH:36
FNDA:7274,exports
FNDA:7144,exports
FNDA:118,(anonymous_1)
FNDA:109,(anonymous_2)
FNDA:118,findAlternative
FNDA:125,(anonymous_3)
FNDA:112,(anonymous_4)
FNDA:110,(anonymous_5)
FNDA:163,find
FNDA:159,(anonymous_6)
FNDA:0,(anonymous_7)
FNDA:1,check
FNDA:1,(anonymous_8)
FNDA:12,split
FNDA:14,(anonymous_9)
FNDA:114,(anonymous_10)
FNDA:1,match
FNDA:9,parse
FNDA:2,(anonymous_11)
FNDA:4,(anonymous_12)
FNDA:4,(anonymous_13)
FNDA:1,(anonymous_14)
FNDA:8,range
FNDA:12,object
FNDA:4,join
FNDA:10,env
FNDA:93,struct
FNDA:2,context
FNDA:4,file
FNDA:4,(anonymous_15)
FNDA:3,web
FNDA:3,(anonymous_16)
FNDA:3,cmd
FNDA:3,(anonymous_17)
FNDA:3173,findData
FNDA:3009,(anonymous_18)
FNDA:8,arrayJoin
DA:24,1
DA:25,1
DA:26,1
DA:28,1
DA:29,1
DA:31,1
DA:36,1
DA:37,1
DA:40,1
DA:45,1
DA:56,1
DA:57,7274
DA:58,3518
DA:64,1
DA:66,7144
DA:67,27
DA:68,27
DA:69,7144
DA:70,112
DA:71,112
DA:73,112
DA:74,112
DA:76,112
DA:77,118
DA:79,109
DA:80,109
DA:82,107
DA:83,107
DA:85,2
DA:86,2
DA:87,2
DA:95,1
DA:96,118
DA:98,113
DA:99,113
DA:101,125
DA:102,42
DA:103,125
DA:105,125
DA:106,125
DA:108,125
DA:109,10
DA:110,10
DA:112,115
DA:113,112
DA:114,4
DA:115,4
DA:116,108
DA:117,108
DA:120,110
DA:121,118
DA:122,29
DA:128,1
DA:130,163
DA:131,163
DA:133,163
DA:134,163
DA:135,163
DA:136,1
DA:137,5
DA:138,1
DA:139,11
DA:141,145
DA:142,128
DA:143,115
DA:144,163
DA:145,3
DA:147,163
DA:149,163
DA:151,23
DA:153,8
DA:154,8
DA:155,8
DA:157,1
DA:158,1
DA:159,1
DA:161,12
DA:163,1
DA:164,1
DA:165,1
DA:167,163
DA:168,163
DA:169,162
DA:170,162
DA:172,1
DA:173,1
DA:175,162
DA:176,162
DA:177,162
DA:179,162
DA:180,0
DA:182,162
DA:183,0
DA:186,162
DA:187,162
DA:188,159
DA:189,155
DA:190,35
DA:191,0
DA:192,35
DA:193,120
DA:194,44
DA:196,120
DA:197,120
DA:198,44
DA:199,44
DA:200,44
DA:202,0
DA:203,0
DA:204,0
DA:205,0
DA:206,0
DA:208,0
DA:209,0
DA:210,0
DA:211,0
DA:212,0
DA:217,1
DA:221,1
DA:222,1
DA:224,1
DA:225,1
DA:230,1
DA:231,0
DA:232,0
DA:233,1
DA:236,12
DA:237,14
DA:238,12
DA:239,12
DA:240,114
DA:241,114
DA:242,114
DA:243,12
DA:244,12
DA:247,1
DA:248,1
DA:249,1
DA:252,9
DA:254,2
DA:255,2
DA:257,2
DA:258,2
DA:260,1
DA:261,1
DA:262,1
DA:264,2
DA:265,2
DA:266,2
DA:268,0
DA:269,0
DA:270,2
DA:272,2
DA:273,2
DA:274,2
DA:275,1
DA:276,1
DA:277,1
DA:279,1
DA:280,1
DA:281,4
DA:282,4
DA:283,4
DA:285,1
DA:287,0
DA:291,8
DA:296,8
DA:298,8
DA:299,11
DA:304,11
DA:305,11
DA:306,11
DA:307,11
DA:309,5
DA:310,7
DA:311,7
DA:312,9
DA:316,9
DA:317,9
DA:318,9
DA:319,7
DA:322,6
DA:323,10
DA:324,8
DA:325,8
DA:326,8
DA:327,8
DA:330,12
DA:333,4
DA:334,4
DA:335,4
DA:338,10
DA:341,93
DA:344,2
DA:347,4
DA:348,4
DA:349,4
DA:350,4
DA:351,4
DA:352,2
DA:355,3
DA:356,3
DA:357,3
DA:361,3
DA:362,2
DA:363,1
DA:364,1
DA:365,1
DA:368,3
DA:369,3
DA:370,3
DA:371,3
DA:372,3
DA:373,3
DA:376,1
DA:378,3173
DA:379,3173
DA:381,3173
DA:383,3173
DA:385,3142
DA:386,3142
DA:387,3142
DA:388,3142
DA:389,3033
DA:390,3033
DA:392,3010
DA:393,3010
DA:394,1
DA:395,1
DA:396,3009
DA:397,3009
DA:398,3007
DA:400,3007
DA:401,3007
DA:403,132
DA:405,92
DA:407,73
DA:408,73
DA:409,73
DA:410,73
DA:413,1
DA:414,8
DA:415,8
DA:416,8
DA:417,24
DA:418,24
DA:419,24
DA:420,8
LF:248
LH:230
BRDA:57,1,0,3756
BRDA:57,1,1,3518
BRDA:66,2,0,27
BRDA:66,2,1,7117
BRDA:69,3,0,7032
BRDA:69,3,1,112
BRDA:74,4,0,110
BRDA:74,4,1,2
BRDA:79,5,0,0
BRDA:79,5,1,109
BRDA:80,6,0,107
BRDA:80,6,1,2
BRDA:96,7,0,5
BRDA:96,7,1,113
BRDA:101,8,0,42
BRDA:101,8,1,83
BRDA:108,9,0,10
BRDA:108,9,1,115
BRDA:113,10,0,4
BRDA:113,10,1,108
BRDA:121,11,0,81
BRDA:121,11,1,37
BRDA:131,12,0,0
BRDA:131,12,1,163
BRDA:135,13,0,1
BRDA:135,13,1,5
BRDA:135,13,2,1
BRDA:135,13,3,11
BRDA:135,13,4,145
BRDA:141,14,0,17
BRDA:141,14,1,128
BRDA:142,15,0,13
BRDA:142,15,1,115
BRDA:144,16,0,3
BRDA:144,16,1,160
BRDA:147,17,0,0
BRDA:147,17,1,163
BRDA:149,18,0,23
BRDA:149,18,1,12
BRDA:151,19,0,8
BRDA:151,19,1,1
BRDA:161,20,0,1
BRDA:167,21,0,1
BRDA:167,21,1,162
BRDA:179,22,0,0
BRDA:179,22,1,162
BRDA:182,23,0,0
BRDA:182,23,1,162
BRDA:188,24,0,4
BRDA:188,24,1,155
BRDA:189,25,0,35
BRDA:189,25,1,120
BRDA:190,26,0,0
BRDA:190,26,1,35
BRDA:193,27,0,44
BRDA:193,27,1,76
BRDA:196,28,0,120
BRDA:196,28,1,0
BRDA:197,29,0,76
BRDA:197,29,1,44
BRDA:203,30,0,0
BRDA:203,30,1,0
BRDA:210,31,0,0
BRDA:210,31,1,0
BRDA:230,32,0,0
BRDA:230,32,1,1
BRDA:238,33,0,10
BRDA:238,33,1,2
BRDA:252,34,0,2
BRDA:252,34,1,2
BRDA:252,34,2,2
BRDA:252,34,3,2
BRDA:252,34,4,1
BRDA:252,34,5,0
BRDA:274,35,0,1
BRDA:274,35,1,1
BRDA:305,36,0,3
BRDA:305,36,1,8
BRDA:307,37,0,5
BRDA:307,37,1,6
BRDA:317,38,0,2
BRDA:317,38,1,7
BRDA:324,39,0,0
BRDA:324,39,1,8
BRDA:325,40,0,4
BRDA:325,40,1,4
BRDA:326,41,0,1
BRDA:326,41,1,7
BRDA:334,42,0,2
BRDA:334,42,1,2
BRDA:349,43,0,0
BRDA:349,43,1,4
BRDA:351,44,0,2
BRDA:351,44,1,2
BRDA:361,45,0,1
BRDA:361,45,1,2
BRDA:362,46,0,1
BRDA:362,46,1,1
BRDA:364,47,0,0
BRDA:364,47,1,1
BRDA:370,48,0,0
BRDA:370,48,1,3
BRDA:372,49,0,0
BRDA:372,49,1,3
BRDA:378,50,0,93
BRDA:378,50,1,3080
BRDA:383,51,0,31
BRDA:383,51,1,3142
BRDA:388,52,0,3033
BRDA:388,52,1,109
BRDA:390,53,0,3010
BRDA:390,53,1,23
BRDA:393,54,0,1
BRDA:393,54,1,3009
BRDA:397,55,0,2
BRDA:397,55,1,3007
BRDA:403,56,0,40
BRDA:403,56,1,92
BRDA:405,57,0,19
BRDA:405,57,1,73
BRDA:414,58,0,7
BRDA:414,58,1,1
BRDA:417,59,0,4
BRDA:417,59,1,20
BRDA:418,60,0,16
BRDA:418,60,1,8
BRF:126
BRH:108
end_of_record
TN:
SF:/home/alex/github/node-validator/src/type/and.coffee
FN:18,exports
FN:21,(anonymous_1)
FN:23,(anonymous_2)
FN:26,(anonymous_3)
FN:32,exports
FN:44,(anonymous_4)
FN:47,(anonymous_5)
FN:51,(anonymous_6)
FN:55,exports
FNF:9
FNH:9
FNDA:2,exports
FNDA:4,(anonymous_1)
FNDA:4,(anonymous_2)
FNDA:2,(anonymous_3)
FNDA:17,exports
FNDA:30,(anonymous_4)
FNDA:30,(anonymous_5)
FNDA:15,(anonymous_6)
FNDA:2,exports
DA:6,1
DA:7,1
DA:8,1
DA:10,1
DA:11,1
DA:13,1
DA:17,1
DA:18,1
DA:19,2
DA:20,2
DA:21,2
DA:23,4
DA:24,4
DA:25,4
DA:27,2
DA:28,2
DA:29,2
DA:30,2
DA:32,1
DA:33,17
DA:34,17
DA:36,17
DA:37,17
DA:38,2
DA:39,2
DA:41,0
DA:43,15
DA:44,15
DA:45,30
DA:47,30
DA:48,30
DA:49,26
DA:50,26
DA:52,15
DA:53,11
DA:55,1
DA:56,2
LF:37
LH:36
BRDA:24,1,0,0
BRDA:24,1,1,4
BRDA:27,2,0,0
BRDA:27,2,1,2
BRDA:37,3,0,2
BRDA:37,3,1,15
BRDA:48,4,0,4
BRDA:48,4,1,26
BRDA:52,5,0,4
BRDA:52,5,1,11
BRF:10
BRH:8
end_of_record
TN:
SF:/home/alex/github/node-validator/src/type/any.coffee
FN:15,exports
FN:21,exports
FN:34,exports
FNF:3
FNH:3
FNDA:1,exports
FNDA:160,exports
FNDA:1,exports
DA:7,1
DA:8,1
DA:9,1
DA:11,1
DA:15,1
DA:16,1
DA:17,1
DA:18,1
DA:19,1
DA:21,1
DA:22,160
DA:23,160
DA:25,160
DA:26,160
DA:27,11
DA:28,11
DA:30,0
DA:31,149
DA:32,149
DA:34,1
DA:35,1
LF:21
LH:20
BRDA:26,1,0,11
BRDA:26,1,1,149
BRF:2
BRH:2
end_of_record
TN:
SF:/home/alex/github/node-validator/src/type/array.coffee
FN:33,exports
FN:52,(anonymous_1)
FN:56,(anonymous_2)
FN:58,(anonymous_3)
FN:61,(anonymous_4)
FN:64,(anonymous_5)
FN:68,(anonymous_6)
FN:71,(anonymous_7)
FN:75,exports
FN:116,(anonymous_8)
FN:139,(anonymous_9)
FN:145,exports
FNF:12
FNH:12
FNDA:22,exports
FNDA:22,(anonymous_1)
FNDA:2,(anonymous_2)
FNDA:2,(anonymous_3)
FNDA:5,(anonymous_4)
FNDA:22,(anonymous_5)
FNDA:2,(anonymous_6)
FNDA:22,(anonymous_7)
FNDA:93,exports
FNDA:101,(anonymous_8)
FNDA:56,(anonymous_9)
FNDA:3,exports
DA:22,1
DA:23,1
DA:24,1
DA:26,1
DA:27,1
DA:29,1
DA:33,1
DA:34,22
DA:35,22
DA:36,22
DA:37,22
DA:38,2
DA:39,22
DA:40,1
DA:42,22
DA:43,0
DA:44,22
DA:45,3
DA:46,3
DA:47,19
DA:48,3
DA:49,16
DA:50,1
DA:51,22
DA:53,22
DA:54,5
DA:55,5
DA:56,5
DA:58,2
DA:59,2
DA:60,2
DA:62,5
DA:63,5
DA:65,22
DA:66,2
DA:68,2
DA:69,2
DA:70,2
DA:72,22
DA:73,22
DA:75,1
DA:76,93
DA:77,93
DA:79,93
DA:80,93
DA:81,14
DA:82,14
DA:84,1
DA:85,78
DA:87,78
DA:88,6
DA:89,6
DA:90,6
DA:91,78
DA:92,3
DA:94,78
DA:95,6
DA:96,72
DA:97,4
DA:99,72
DA:100,2
DA:102,70
DA:103,5
DA:104,3
DA:105,67
DA:106,3
DA:107,64
DA:108,1
DA:111,63
DA:113,7
DA:114,7
DA:115,56
DA:116,56
DA:118,101
DA:119,10
DA:120,91
DA:121,21
DA:123,70
DA:124,70
DA:125,70
DA:126,70
DA:127,70
DA:130,2
DA:132,9
DA:134,59
DA:136,70
DA:137,70
DA:138,101
DA:140,56
DA:142,51
DA:143,51
DA:145,1
DA:146,3
LF:93
LH:92
BRDA:37,1,0,2
BRDA:37,1,1,20
BRDA:39,2,0,1
BRDA:39,2,1,21
BRDA:42,3,0,0
BRDA:42,3,1,22
BRDA:44,4,0,3
BRDA:44,4,1,19
BRDA:47,5,0,3
BRDA:47,5,1,16
BRDA:49,6,0,1
BRDA:49,6,1,15
BRDA:53,7,0,17
BRDA:53,7,1,5
BRDA:59,8,0,0
BRDA:59,8,1,2
BRDA:62,9,0,0
BRDA:62,9,1,5
BRDA:65,10,0,20
BRDA:65,10,1,2
BRDA:69,11,0,0
BRDA:69,11,1,2
BRDA:72,12,0,0
BRDA:72,12,1,22
BRDA:80,13,0,14
BRDA:80,13,1,78
BRDA:87,14,0,6
BRDA:87,14,1,72
BRDA:91,15,0,3
BRDA:91,15,1,75
BRDA:94,16,0,6
BRDA:94,16,1,72
BRDA:96,17,0,4
BRDA:96,17,1,68
BRDA:99,18,0,2
BRDA:99,18,1,70
BRDA:102,19,0,3
BRDA:102,19,1,67
BRDA:105,20,0,3
BRDA:105,20,1,64
BRDA:107,21,0,1
BRDA:107,21,1,63
BRDA:111,22,0,7
BRDA:111,22,1,56
BRDA:118,23,0,10
BRDA:118,23,1,91
BRDA:120,24,0,21
BRDA:120,24,1,70
BRDA:128,25,0,2
BRDA:128,25,1,9
BRDA:128,25,2,59
BRDA:140,26,0,5
BRDA:140,26,1,51
BRF:53
BRH:48
end_of_record
TN:
SF:/home/alex/github/node-validator/src/type/boolean.coffee
FN:22,exports
FN:32,exports
FN:55,exports
FNF:3
FNH:3
FNDA:36,exports
FNDA:151,exports
FNDA:3,exports
DA:7,1
DA:8,1
DA:9,1
DA:11,1
DA:13,1
DA:17,1
DA:18,1
DA:22,1
DA:24,36
DA:25,36
DA:27,36
DA:28,36
DA:29,36
DA:30,36
DA:32,1
DA:33,151
DA:34,151
DA:36,151
DA:37,151
DA:38,55
DA:39,55
DA:41,2
DA:42,94
DA:44,94
DA:46,94
DA:47,55
DA:48,55
DA:49,39
DA:50,14
DA:51,14
DA:53,25
DA:55,1
DA:56,3
LF:33
LH:33
BRDA:37,1,0,55
BRDA:37,1,1,94
BRDA:44,2,0,25
BRDA:44,2,1,69
BRDA:46,3,0,55
BRDA:46,3,1,39
BRDA:49,4,0,14
BRDA:49,4,1,25
BRF:8
BRH:8
end_of_record
TN:
SF:/home/alex/github/node-validator/src/type/byte.coffee
FN:43,optimize
FN:54,exports
FN:74,(anonymous_1)
FN:78,exports
FN:118,(anonymous_2)
FN:123,exports
FNF:6
FNH:6
FNDA:64,optimize
FNDA:8,exports
FNDA:8,(anonymous_1)
FNDA:56,exports
FNDA:49,(anonymous_2)
FNDA:2,exports
DA:19,1
DA:20,1
DA:21,1
DA:22,1
DA:24,1
DA:26,1
DA:28,1
DA:33,1
DA:34,1
DA:43,1
DA:44,64
DA:45,3
DA:46,64
DA:47,7
DA:48,64
DA:49,58
DA:50,64
DA:54,1
DA:55,8
DA:57,8
DA:58,8
DA:59,8
DA:60,8
DA:63,8
DA:64,8
DA:65,1
DA:66,8
DA:76,8
DA:78,1
DA:79,56
DA:80,56
DA:81,56
DA:83,56
DA:84,56
DA:85,2
DA:86,2
DA:88,1
DA:89,53
DA:91,53
DA:92,18
DA:93,1
DA:95,17
DA:96,17
DA:97,17
DA:98,1
DA:99,17
DA:100,17
DA:101,35
DA:102,3
DA:103,3
DA:106,49
DA:107,49
DA:108,1
DA:109,49
DA:113,33
DA:119,49
DA:120,45
DA:121,45
DA:123,1
DA:124,2
LF:60
LH:60
BRDA:44,1,0,3
BRDA:44,1,1,61
BRDA:46,2,0,7
BRDA:46,2,1,57
BRDA:48,3,0,58
BRDA:48,3,1,6
BRDA:64,4,0,1
BRDA:64,4,1,7
BRDA:84,5,0,2
BRDA:84,5,1,53
BRDA:91,6,0,18
BRDA:91,6,1,35
BRDA:92,7,0,1
BRDA:92,7,1,17
BRDA:96,8,0,4
BRDA:96,8,1,10
BRDA:97,9,0,1
BRDA:97,9,1,16
BRDA:101,10,0,3
BRDA:101,10,1,32
BRDA:102,11,0,3
BRDA:102,11,1,0
BRDA:107,12,0,1
BRDA:107,12,1,48
BRDA:113,13,0,16
BRDA:113,13,1,33
BRDA:119,14,0,4
BRDA:119,14,1,45
BRF:28
BRH:27
end_of_record
TN:
SF:/home/alex/github/node-validator/src/type/datetime.coffee
FN:30,moment
FN:50,optimize
FN:52,(anonymous_1)
FN:59,(anonymous_2)
FN:63,(anonymous_3)
FN:68,exports
FN:69,(anonymous_4)
FN:88,exports
FN:89,(anonymous_5)
FN:159,exports
FNF:10
FNH:10
FNDA:29,moment
FNDA:70,optimize
FNDA:210,(anonymous_1)
FNDA:13,(anonymous_2)
FNDA:70,(anonymous_3)
FNDA:4,exports
FNDA:4,(anonymous_4)
FNDA:66,exports
FNDA:66,(anonymous_5)
FNDA:2,exports
DA:17,1
DA:18,1
DA:19,1
DA:20,1
DA:21,1
DA:23,1
DA:24,1
DA:26,1
DA:30,1
DA:31,29
DA:32,11
DA:33,18
DA:35,1
DA:50,1
DA:51,70
DA:52,70
DA:53,210
DA:54,13
DA:55,13
DA:60,13
DA:61,13
DA:62,13
DA:64,70
DA:68,1
DA:69,4
DA:70,4
DA:72,4
DA:74,4
DA:75,4
DA:76,1
DA:77,1
DA:78,3
DA:79,1
DA:80,2
DA:81,1
DA:82,4
DA:83,0
DA:84,0
DA:85,4
DA:88,1
DA:89,66
DA:90,66
DA:91,66
DA:92,66
DA:94,66
DA:95,66
DA:96,5
DA:97,5
DA:99,0
DA:103,61
DA:104,1
DA:105,1
DA:106,1
DA:107,1
DA:109,0
DA:111,60
DA:112,60
DA:113,0
DA:115,60
DA:118,61
DA:119,1
DA:120,0
DA:121,0
DA:122,1
DA:123,0
DA:124,0
DA:126,60
DA:127,1
DA:128,1
DA:129,59
DA:130,1
DA:131,1
DA:134,59
DA:135,1
DA:136,0
DA:137,0
DA:138,0
DA:139,0
DA:140,0
DA:141,0
DA:142,0
DA:143,0
DA:144,0
DA:146,58
DA:147,4
DA:148,1
DA:149,4
DA:150,1
DA:151,4
DA:152,1
DA:153,3
DA:157,59
DA:159,1
DA:160,2
LF:94
LH:76
BRDA:31,1,0,11
BRDA:31,1,1,18
BRDA:53,2,0,197
BRDA:53,2,1,13
BRDA:60,3,0,0
BRDA:60,3,1,13
BRDA:75,4,0,1
BRDA:75,4,1,3
BRDA:78,5,0,1
BRDA:78,5,1,2
BRDA:80,6,0,1
BRDA:80,6,1,1
BRDA:82,7,0,0
BRDA:82,7,1,4
BRDA:84,8,0,0
BRDA:84,8,1,0
BRDA:95,9,0,5
BRDA:95,9,1,61
BRDA:103,10,0,1
BRDA:103,10,1,60
BRDA:106,11,0,1
BRDA:106,11,1,0
BRDA:112,12,0,0
BRDA:112,12,1,60
BRDA:118,13,0,1
BRDA:118,13,1,60
BRDA:119,14,0,0
BRDA:119,14,1,1
BRDA:122,15,0,0
BRDA:122,15,1,1
BRDA:126,16,0,1
BRDA:126,16,1,59
BRDA:129,17,0,1
BRDA:129,17,1,58
BRDA:134,18,0,1
BRDA:134,18,1,58
BRDA:135,19,0,0
BRDA:135,19,1,1
BRDA:136,20,0,0
BRDA:136,20,1,0
BRDA:140,21,0,0
BRDA:140,21,1,0
BRDA:142,22,0,0
BRDA:142,22,1,0
BRDA:146,23,0,4
BRDA:146,23,1,54
BRDA:147,24,0,1
BRDA:147,24,1,3
BRDA:149,25,0,1
BRDA:149,25,1,3
BRDA:151,26,0,1
BRDA:151,26,1,3
BRF:52
BRH:37
end_of_record
TN:
SF:/home/alex/github/node-validator/src/type/email.coffee
FN:35,normalize
FN:38,(anonymous_1)
FN:41,(anonymous_2)
FN:46,exports
FN:63,exports
FN:82,(anonymous_3)
FN:97,(anonymous_4)
FN:106,(anonymous_5)
FN:112,(anonymous_6)
FN:113,(anonymous_7)
FN:116,(anonymous_8)
FN:117,(anonymous_9)
FN:124,exports
FN:149,getMyIP
FN:152,(anonymous_10)
FN:160,checkMailServer
FN:164,(anonymous_11)
FN:165,(anonymous_12)
FN:166,(anonymous_13)
FN:172,(anonymous_14)
FN:175,(anonymous_15)
FN:177,(anonymous_16)
FN:179,(anonymous_17)
FNF:23
FNH:22
FNDA:14,normalize
FNDA:1,(anonymous_1)
FNDA:13,(anonymous_2)
FNDA:4,exports
FNDA:20,exports
FNDA:17,(anonymous_3)
FNDA:14,(anonymous_4)
FNDA:3,(anonymous_5)
FNDA:3,(anonymous_6)
FNDA:3,(anonymous_7)
FNDA:1,(anonymous_8)
FNDA:1,(anonymous_9)
FNDA:2,exports
FNDA:3,getMyIP
FNDA:3,(anonymous_10)
FNDA:4,checkMailServer
FNDA:4,(anonymous_11)
FNDA:6,(anonymous_12)
FNDA:6,(anonymous_13)
FNDA:4,(anonymous_14)
FNDA:5,(anonymous_15)
FNDA:0,(anonymous_16)
FNDA:4,(anonymous_17)
DA:18,1
DA:19,1
DA:20,1
DA:22,1
DA:23,1
DA:25,1
DA:29,1
DA:35,1
DA:36,14
DA:38,1
DA:39,1
DA:41,13
DA:42,13
DA:46,1
DA:47,4
DA:48,4
DA:49,4
DA:51,4
DA:52,4
DA:53,0
DA:54,4
DA:56,4
DA:57,1
DA:58,4
DA:59,1
DA:61,4
DA:63,1
DA:64,20
DA:65,20
DA:67,20
DA:68,20
DA:69,2
DA:70,2
DA:72,1
DA:74,17
DA:75,17
DA:76,0
DA:77,17
DA:78,17
DA:83,17
DA:85,14
DA:86,14
DA:87,0
DA:89,14
DA:90,0
DA:92,14
DA:98,14
DA:100,14
DA:102,14
DA:103,14
DA:104,3
DA:106,3
DA:107,3
DA:108,0
DA:109,0
DA:111,3
DA:112,3
DA:113,3
DA:114,3
DA:116,1
DA:117,1
DA:118,1
DA:119,1
DA:124,1
DA:125,2
DA:148,1
DA:149,1
DA:150,3
DA:151,3
DA:152,3
DA:153,3
DA:154,3
DA:155,3
DA:157,0
DA:160,1
DA:161,4
DA:162,2
DA:164,4
DA:165,6
DA:166,2
DA:167,6
DA:168,6
DA:169,6
DA:173,4
DA:174,4
DA:175,6
DA:176,5
DA:177,6
DA:178,0
DA:179,6
DA:180,12
DA:181,4
LF:92
LH:84
BRDA:36,1,0,1
BRDA:36,1,1,13
BRDA:52,2,0,0
BRDA:52,2,1,4
BRDA:56,3,0,1
BRDA:56,3,1,3
BRDA:58,4,0,1
BRDA:58,4,1,3
BRDA:68,5,0,2
BRDA:68,5,1,17
BRDA:75,6,0,0
BRDA:75,6,1,17
BRDA:83,7,0,3
BRDA:83,7,1,14
BRDA:86,8,0,0
BRDA:86,8,1,14
BRDA:89,9,0,0
BRDA:89,9,1,14
BRDA:98,10,0,0
BRDA:98,10,1,14
BRDA:103,11,0,11
BRDA:103,11,1,3
BRDA:104,12,0,0
BRDA:104,12,1,3
BRDA:107,13,0,0
BRDA:107,13,1,3
BRDA:114,14,0,2
BRDA:114,14,1,1
BRDA:118,15,0,0
BRDA:118,15,1,1
BRDA:150,16,0,0
BRDA:150,16,1,3
BRDA:153,17,0,0
BRDA:153,17,1,3
BRDA:154,18,0,3
BRDA:154,18,1,0
BRDA:161,19,0,2
BRDA:161,19,1,2
BRF:38
BRH:27
end_of_record
TN:
SF:/home/alex/github/node-validator/src/type/file.coffee
FN:33,exports
FN:49,exports
FN:68,(anonymous_1)
FN:75,(anonymous_2)
FN:77,(anonymous_3)
FN:82,find
FN:88,(anonymous_4)
FN:92,(anonymous_5)
FN:94,(anonymous_6)
FN:101,exists
FN:103,(anonymous_7)
FN:107,filetype
FN:109,(anonymous_8)
FN:129,exports
FNF:14
FNH:14
FNDA:25,exports
FNDA:49,exports
FNDA:42,(anonymous_1)
FNDA:40,(anonymous_2)
FNDA:37,(anonymous_3)
FNDA:42,find
FNDA:4,(anonymous_4)
FNDA:4,(anonymous_5)
FNDA:4,(anonymous_6)
FNDA:40,exists
FNDA:24,(anonymous_7)
FNDA:37,filetype
FNDA:18,(anonymous_8)
FNDA:2,exports
DA:20,1
DA:21,1
DA:22,1
DA:23,1
DA:25,1
DA:26,1
DA:27,1
DA:29,1
DA:33,1
DA:34,25
DA:35,25
DA:36,25
DA:37,25
DA:38,4
DA:39,25
DA:40,2
DA:41,25
DA:42,1
DA:43,25
DA:44,3
DA:45,25
DA:46,14
DA:47,25
DA:49,1
DA:50,49
DA:51,49
DA:53,49
DA:54,49
DA:55,2
DA:56,2
DA:58,1
DA:59,46
DA:61,46
DA:62,4
DA:63,42
DA:64,42
DA:66,42
DA:68,42
DA:69,42
DA:70,41
DA:71,1
DA:73,40
DA:74,40
DA:75,40
DA:76,40
DA:77,37
DA:78,37
DA:79,25
DA:80,25
DA:82,1
DA:83,42
DA:84,5
DA:85,5
DA:86,1
DA:88,4
DA:89,4
DA:90,4
DA:93,4
DA:95,4
DA:97,4
DA:99,1
DA:101,1
DA:102,40
DA:103,24
DA:104,24
DA:105,3
DA:107,1
DA:108,37
DA:109,18
DA:110,18
DA:111,18
DA:113,3
DA:114,1
DA:116,3
DA:117,2
DA:119,4
DA:120,3
DA:122,4
DA:123,3
DA:125,4
DA:126,3
DA:127,12
DA:129,1
DA:130,2
LF:84
LH:84
BRDA:37,1,0,4
BRDA:37,1,1,21
BRDA:39,2,0,2
BRDA:39,2,1,23
BRDA:41,3,0,1
BRDA:41,3,1,24
BRDA:43,4,0,3
BRDA:43,4,1,22
BRDA:45,5,0,14
BRDA:45,5,1,11
BRDA:54,6,0,2
BRDA:54,6,1,46
BRDA:61,7,0,4
BRDA:61,7,1,42
BRDA:64,8,0,1
BRDA:64,8,1,41
BRDA:69,9,0,1
BRDA:69,9,1,41
BRDA:70,10,0,1
BRDA:70,10,1,40
BRDA:74,11,0,6
BRDA:74,11,1,34
BRDA:76,12,0,3
BRDA:76,12,1,37
BRDA:78,13,0,12
BRDA:78,13,1,25
BRDA:83,14,0,37
BRDA:83,14,1,5
BRDA:84,15,0,3
BRDA:84,15,1,2
BRDA:85,16,0,1
BRDA:85,16,1,4
BRDA:97,17,0,3
BRDA:97,17,1,1
BRDA:102,18,0,16
BRDA:102,18,1,24
BRDA:104,19,0,21
BRDA:104,19,1,3
BRDA:108,20,0,19
BRDA:108,20,1,18
BRDA:110,21,0,0
BRDA:110,21,1,18
BRDA:111,22,0,3
BRDA:111,22,1,3
BRDA:111,22,2,4
BRDA:111,22,3,4
BRDA:111,22,4,4
BRDA:113,23,0,2
BRDA:113,23,1,1
BRDA:116,24,0,1
BRDA:116,24,1,2
BRDA:119,25,0,1
BRDA:119,25,1,3
BRDA:122,26,0,1
BRDA:122,26,1,3
BRDA:125,27,0,1
BRDA:125,27,1,3
BRF:57
BRH:56
end_of_record
TN:
SF:/home/alex/github/node-validator/src/type/float.coffee
FN:41,optimize
FN:47,exports
FN:71,exports
FN:119,exports
FNF:4
FNH:4
FNDA:341,optimize
FNDA:77,exports
FNDA:264,exports
FNDA:2,exports
DA:20,1
DA:21,1
DA:22,1
DA:23,1
DA:25,1
DA:27,1
DA:32,1
DA:33,1
DA:41,1
DA:42,341
DA:43,341
DA:47,1
DA:48,77
DA:50,77
DA:51,77
DA:52,77
DA:53,77
DA:54,3
DA:56,77
DA:57,4
DA:58,1
DA:59,1
DA:60,2
DA:61,4
DA:63,77
DA:64,4
DA:65,73
DA:66,10
DA:67,63
DA:68,6
DA:69,77
DA:71,1
DA:72,264
DA:73,264
DA:74,264
DA:76,264
DA:77,264
DA:78,15
DA:79,15
DA:81,1
DA:82,248
DA:84,248
DA:85,6
DA:86,1
DA:87,6
DA:88,6
DA:90,248
DA:91,56
DA:92,5
DA:93,56
DA:94,53
DA:96,248
DA:97,49
DA:98,49
DA:99,49
DA:100,12
DA:101,12
DA:102,25
DA:103,49
DA:105,248
DA:106,39
DA:109,209
DA:110,3
DA:111,3
DA:112,206
DA:113,6
DA:116,200
DA:117,200
DA:119,1
DA:120,2
LF:70
LH:70
BRDA:42,1,0,3
BRDA:42,1,1,338
BRDA:43,2,0,9
BRDA:43,2,1,332
BRDA:53,3,0,3
BRDA:53,3,1,74
BRDA:56,4,0,4
BRDA:56,4,1,73
BRDA:57,5,0,1
BRDA:57,5,1,1
BRDA:57,5,2,2
BRDA:63,6,0,4
BRDA:63,6,1,73
BRDA:65,7,0,10
BRDA:65,7,1,63
BRDA:67,8,0,6
BRDA:67,8,1,57
BRDA:77,9,0,15
BRDA:77,9,1,248
BRDA:84,10,0,6
BRDA:84,10,1,242
BRDA:85,11,0,1
BRDA:85,11,1,5
BRDA:90,12,0,56
BRDA:90,12,1,192
BRDA:91,13,0,5
BRDA:91,13,1,51
BRDA:93,14,0,53
BRDA:93,14,1,3
BRDA:96,15,0,49
BRDA:96,15,1,199
BRDA:99,16,0,12
BRDA:99,16,1,12
BRDA:99,16,2,25
BRDA:105,17,0,39
BRDA:105,17,1,209
BRDA:109,18,0,3
BRDA:109,18,1,206
BRDA:112,19,0,6
BRDA:112,19,1,200
BRF:40
BRH:40
end_of_record
TN:
SF:/home/alex/github/node-validator/src/type/function.coffee
FN:17,exports
FN:24,exports
FN:42,exports
FNF:3
FNH:3
FNDA:5,exports
FNDA:15,exports
FNDA:2,exports
DA:7,1
DA:8,1
DA:9,1
DA:11,1
DA:13,1
DA:17,1
DA:19,5
DA:20,5
DA:21,5
DA:22,5
DA:24,1
DA:25,15
DA:26,15
DA:28,15
DA:29,15
DA:30,5
DA:31,5
DA:33,2
DA:34,8
DA:36,8
DA:37,1
DA:39,7
DA:40,7
DA:42,1
DA:43,2
LF:25
LH:25
BRDA:29,1,0,5
BRDA:29,1,1,8
BRDA:36,2,0,1
BRDA:36,2,1,7
BRF:4
BRH:4
end_of_record
TN:
SF:/home/alex/github/node-validator/src/type/handlebars.coffee
FN:42,argParse
FN:51,is
FN:90,dateFormat
FN:107,dateAdd
FN:119,unitFormat
FN:137,exports
FN:143,exports
FN:163,fn
FN:168,fn
FN:172,exports
FNF:10
FNH:10
FNDA:57,argParse
FNDA:43,is
FNDA:6,dateFormat
FNDA:3,dateAdd
FNDA:5,unitFormat
FNDA:5,exports
FNDA:64,exports
FNDA:55,fn
FNDA:3,fn
FNDA:1,exports
DA:11,1
DA:12,1
DA:13,1
DA:14,1
DA:15,1
DA:16,1
DA:17,1
DA:19,1
DA:21,1
DA:27,1
DA:42,1
DA:43,57
DA:44,57
DA:45,57
DA:46,57
DA:47,57
DA:49,1
DA:52,43
DA:53,43
DA:54,12
DA:55,12
DA:57,31
DA:59,43
DA:60,17
DA:61,17
DA:63,43
DA:64,2
DA:65,2
DA:66,2
DA:67,2
DA:68,14
DA:69,2
DA:70,2
DA:72,4
DA:73,4
DA:74,13
DA:76,43
DA:91,6
DA:92,6
DA:93,4
DA:94,4
DA:96,2
DA:98,6
DA:108,3
DA:109,3
DA:110,1
DA:111,1
DA:113,2
DA:115,3
DA:120,5
DA:121,5
DA:122,5
DA:123,5
DA:124,5
DA:126,5
DA:127,5
DA:128,5
DA:129,5
DA:132,1
DA:133,4
DA:137,1
DA:138,5
DA:139,5
DA:140,5
DA:141,5
DA:143,1
DA:144,64
DA:145,64
DA:147,64
DA:148,64
DA:149,2
DA:150,2
DA:152,1
DA:153,61
DA:155,61
DA:157,61
DA:158,3
DA:160,58
DA:161,55
DA:162,55
DA:163,55
DA:164,55
DA:165,55
DA:166,55
DA:168,3
DA:169,58
DA:170,58
DA:172,1
DA:173,1
LF:89
LH:89
BRDA:53,1,0,12
BRDA:53,1,1,31
BRDA:59,2,0,17
BRDA:59,2,1,26
BRDA:61,3,0,17
BRDA:61,3,1,0
BRDA:63,4,0,2
BRDA:63,4,1,2
BRDA:63,4,2,2
BRDA:63,4,3,2
BRDA:63,4,4,14
BRDA:63,4,5,2
BRDA:63,4,6,2
BRDA:63,4,7,4
BRDA:63,4,8,13
BRDA:72,5,0,2
BRDA:72,5,1,2
BRDA:76,6,0,24
BRDA:76,6,1,19
BRDA:92,7,0,4
BRDA:92,7,1,2
BRDA:109,8,0,1
BRDA:109,8,1,2
BRDA:122,9,0,4
BRDA:122,9,1,1
BRDA:123,10,0,3
BRDA:123,10,1,2
BRDA:124,11,0,1
BRDA:124,11,1,4
BRDA:126,12,0,4
BRDA:126,12,1,1
BRDA:128,13,0,3
BRDA:128,13,1,2
BRDA:148,14,0,2
BRDA:148,14,1,61
BRDA:155,15,0,0
BRDA:155,15,1,61
BRDA:157,16,0,3
BRDA:157,16,1,58
BRDA:160,17,0,55
BRDA:160,17,1,3
BRF:41
BRH:39
end_of_record
TN:
SF:/home/alex/github/node-validator/src/type/hostname.coffee
FN:31,exports
FN:42,(anonymous_1)
FN:46,exports
FN:66,exports
FNF:4
FNH:4
FNDA:4,exports
FNDA:4,(anonymous_1)
FNDA:26,exports
FNDA:2,exports
DA:11,1
DA:12,1
DA:13,1
DA:15,1
DA:17,1
DA:19,1
DA:31,1
DA:32,4
DA:33,4
DA:34,4
DA:36,4
DA:37,4
DA:38,1
DA:39,4
DA:44,4
DA:46,1
DA:47,26
DA:48,26
DA:50,26
DA:51,26
DA:52,2
DA:53,2
DA:55,1
DA:57,23
DA:58,23
DA:59,1
DA:60,23
DA:66,1
DA:67,2
LF:29
LH:29
BRDA:37,1,0,1
BRDA:37,1,1,3
BRDA:51,2,0,2
BRDA:51,2,1,23
BRDA:58,3,0,1
BRDA:58,3,1,22
BRF:6
BRH:6
end_of_record
TN:
SF:/home/alex/github/node-validator/src/type/integer.coffee
FN:41,exports
FN:76,exports
FN:132,exports
FNF:3
FNH:3
FNDA:82,exports
FNDA:220,exports
FNDA:2,exports
DA:21,1
DA:22,1
DA:23,1
DA:24,1
DA:26,1
DA:28,1
DA:32,1
DA:41,1
DA:43,82
DA:44,82
DA:45,82
DA:46,82
DA:47,5
DA:49,82
DA:50,5
DA:51,1
DA:52,1
DA:53,3
DA:54,5
DA:56,82
DA:57,82
DA:58,5
DA:59,5
DA:60,5
DA:62,5
DA:63,5
DA:64,5
DA:66,82
DA:67,82
DA:68,82
DA:69,21
DA:70,61
DA:71,6
DA:72,55
DA:73,2
DA:74,82
DA:76,1
DA:77,220
DA:78,220
DA:80,220
DA:81,220
DA:82,18
DA:83,18
DA:85,5
DA:86,197
DA:88,197
DA:89,6
DA:90,1
DA:91,6
DA:92,6
DA:94,197
DA:95,26
DA:96,10
DA:97,5
DA:99,5
DA:100,26
DA:101,24
DA:103,197
DA:104,24
DA:105,9
DA:106,3
DA:107,12
DA:109,197
DA:110,33
DA:113,164
DA:114,9
DA:115,9
DA:116,9
DA:117,9
DA:118,9
DA:119,4
DA:120,4
DA:122,160
DA:123,7
DA:124,7
DA:125,153
DA:126,5
DA:129,148
DA:130,148
DA:132,1
DA:133,2
LF:81
LH:81
BRDA:46,1,0,5
BRDA:46,1,1,77
BRDA:49,2,0,5
BRDA:49,2,1,77
BRDA:50,3,0,1
BRDA:50,3,1,1
BRDA:50,3,2,3
BRDA:57,4,0,5
BRDA:57,4,1,77
BRDA:59,5,0,3
BRDA:59,5,1,2
BRDA:62,6,0,3
BRDA:62,6,1,2
BRDA:66,7,0,22
BRDA:66,7,1,60
BRDA:67,8,0,19
BRDA:67,8,1,63
BRDA:68,9,0,21
BRDA:68,9,1,61
BRDA:70,10,0,6
BRDA:70,10,1,55
BRDA:72,11,0,2
BRDA:72,11,1,53
BRDA:81,12,0,18
BRDA:81,12,1,197
BRDA:88,13,0,6
BRDA:88,13,1,191
BRDA:89,14,0,1
BRDA:89,14,1,5
BRDA:94,15,0,26
BRDA:94,15,1,171
BRDA:95,16,0,10
BRDA:95,16,1,16
BRDA:96,17,0,5
BRDA:96,17,1,5
BRDA:100,18,0,24
BRDA:100,18,1,2
BRDA:103,19,0,24
BRDA:103,19,1,173
BRDA:104,20,0,9
BRDA:104,20,1,3
BRDA:104,20,2,12
BRDA:109,21,0,33
BRDA:109,21,1,164
BRDA:113,22,0,9
BRDA:113,22,1,155
BRDA:115,23,0,4
BRDA:115,23,1,5
BRDA:118,24,0,4
BRDA:118,24,1,5
BRDA:122,25,0,7
BRDA:122,25,1,153
BRDA:125,26,0,5
BRDA:125,26,1,148
BRF:54
BRH:54
end_of_record
TN:
SF:/home/alex/github/node-validator/src/type/interval.coffee
FN:29,optimize
FN:58,exports
FN:78,(anonymous_1)
FN:82,exports
FN:101,(anonymous_2)
FN:132,(anonymous_3)
FN:137,exports
FNF:7
FNH:7
FNDA:53,optimize
FNDA:4,exports
FNDA:4,(anonymous_1)
FNDA:49,exports
FNDA:46,(anonymous_2)
FNDA:42,(anonymous_3)
FNDA:2,exports
DA:18,1
DA:19,1
DA:20,1
DA:23,1
DA:25,1
DA:29,1
DA:30,53
DA:31,3
DA:32,53
DA:33,3
DA:34,53
DA:36,1
DA:58,1
DA:59,4
DA:61,4
DA:63,4
DA:64,4
DA:65,1
DA:67,4
DA:68,4
DA:69,1
DA:70,4
DA:80,4
DA:82,1
DA:83,49
DA:84,49
DA:85,49
DA:87,49
DA:88,49
DA:89,2
DA:90,2
DA:92,1
DA:94,46
DA:95,46
DA:96,1
DA:97,46
DA:102,46
DA:104,42
DA:105,15
DA:106,4
DA:107,4
DA:108,4
DA:109,15
DA:110,15
DA:111,15
DA:112,5
DA:114,2
DA:116,1
DA:118,1
DA:120,1
DA:121,15
DA:123,42
DA:133,42
DA:134,39
DA:135,39
DA:137,1
DA:138,2
LF:57
LH:57
BRDA:30,1,0,3
BRDA:30,1,1,50
BRDA:32,2,0,3
BRDA:32,2,1,50
BRDA:64,3,0,1
BRDA:64,3,1,3
BRDA:68,4,0,1
BRDA:68,4,1,3
BRDA:88,5,0,2
BRDA:88,5,1,46
BRDA:95,6,0,1
BRDA:95,6,1,45
BRDA:102,7,0,4
BRDA:102,7,1,42
BRDA:104,8,0,15
BRDA:104,8,1,27
BRDA:105,9,0,4
BRDA:105,9,1,11
BRDA:108,10,0,1
BRDA:108,10,1,3
BRDA:111,11,0,5
BRDA:111,11,1,10
BRDA:112,12,0,2
BRDA:112,12,1,1
BRDA:112,12,2,1
BRDA:112,12,3,1
BRDA:133,13,0,3
BRDA:133,13,1,39
BRF:28
BRH:28
end_of_record
TN:
SF:/home/alex/github/node-validator/src/type/ipaddr.coffee
FN:70,exports
FN:94,exports
FN:114,(anonymous_1)
FN:179,exports
FNF:4
FNH:4
FNDA:18,exports
FNDA:45,exports
FNDA:42,(anonymous_1)
FNDA:2,exports
DA:15,1
DA:16,1
DA:17,1
DA:18,1
DA:20,1
DA:22,1
DA:26,1
DA:64,1
DA:65,13
DA:66,1
DA:70,1
DA:71,18
DA:72,18
DA:73,18
DA:74,18
DA:75,4
DA:76,2
DA:78,2
DA:79,4
DA:80,1
DA:81,18
DA:82,8
DA:83,8
DA:84,4
DA:85,10
DA:86,1
DA:87,18
DA:89,1
DA:91,1
DA:92,18
DA:94,1
DA:95,45
DA:96,45
DA:98,45
DA:99,45
DA:100,2
DA:101,2
DA:103,1
DA:104,42
DA:106,42
DA:107,42
DA:108,1
DA:109,42
DA:115,42
DA:117,38
DA:118,3
DA:120,35
DA:121,35
DA:123,35
DA:124,7
DA:125,3
DA:126,2
DA:127,1
DA:128,1
DA:130,1
DA:131,1
DA:133,4
DA:134,3
DA:135,1
DA:136,1
DA:137,2
DA:138,2
DA:139,33
DA:140,7
DA:142,26
DA:144,33
DA:145,10
DA:146,14
DA:147,4
DA:148,9
DA:149,9
DA:150,3
DA:151,3
DA:153,10
DA:154,10
DA:155,2
DA:156,2
DA:158,5
DA:159,1
DA:161,27
DA:162,9
DA:163,13
DA:164,8
DA:165,18
DA:166,18
DA:167,6
DA:168,6
DA:170,5
DA:171,5
DA:172,1
DA:173,1
DA:176,20
DA:177,20
DA:179,1
DA:180,2
LF:95
LH:95
BRDA:74,1,0,4
BRDA:74,1,1,14
BRDA:75,2,0,2
BRDA:75,2,1,2
BRDA:79,3,0,1
BRDA:79,3,1,3
BRDA:81,4,0,8
BRDA:81,4,1,10
BRDA:83,5,0,4
BRDA:83,5,1,4
BRDA:85,6,0,1
BRDA:85,6,1,9
BRDA:87,7,0,1
BRDA:87,7,1,1
BRDA:99,8,0,2
BRDA:99,8,1,42
BRDA:107,9,0,1
BRDA:107,9,1,41
BRDA:115,10,0,4
BRDA:115,10,1,38
BRDA:117,11,0,3
BRDA:117,11,1,35
BRDA:123,12,0,7
BRDA:123,12,1,28
BRDA:124,13,0,3
BRDA:124,13,1,4
BRDA:125,14,0,2
BRDA:125,14,1,1
BRDA:126,15,0,1
BRDA:126,15,1,1
BRDA:133,16,0,3
BRDA:133,16,1,1
BRDA:134,17,0,1
BRDA:134,17,1,2
BRDA:139,18,0,7
BRDA:139,18,1,26
BRDA:140,19,0,2
BRDA:140,19,1,5
BRDA:144,20,0,10
BRDA:144,20,1,23
BRDA:146,21,0,4
BRDA:146,21,1,10
BRDA:149,22,0,3
BRDA:149,22,1,6
BRDA:154,23,0,2
BRDA:154,23,1,8
BRDA:158,24,0,1
BRDA:158,24,1,4
BRDA:161,25,0,9
BRDA:161,25,1,18
BRDA:163,26,0,8
BRDA:163,26,1,5
BRDA:166,27,0,6
BRDA:166,27,1,12
BRDA:171,28,0,1
BRDA:171,28,1,4
BRF:56
BRH:56
end_of_record
TN:
SF:/home/alex/github/node-validator/src/type/object.coffee
FN:28,exports
FN:63,(anonymous_1)
FN:68,(anonymous_2)
FN:71,(anonymous_3)
FN:73,(anonymous_4)
FN:76,(anonymous_5)
FN:79,(anonymous_6)
FN:83,(anonymous_7)
FN:90,(anonymous_8)
FN:93,(anonymous_9)
FN:96,(anonymous_10)
FN:100,exports
FN:145,(anonymous_11)
FN:172,(anonymous_12)
FN:179,(anonymous_13)
FN:214,exports
FN:271,flatten
FNF:17
FNH:17
FNDA:50,exports
FNDA:12,(anonymous_1)
FNDA:50,(anonymous_2)
FNDA:12,(anonymous_3)
FNDA:12,(anonymous_4)
FNDA:4,(anonymous_5)
FNDA:50,(anonymous_6)
FNDA:4,(anonymous_7)
FNDA:4,(anonymous_8)
FNDA:3,(anonymous_9)
FNDA:50,(anonymous_10)
FNDA:152,exports
FNDA:587,(anonymous_11)
FNDA:577,(anonymous_12)
FNDA:121,(anonymous_13)
FNDA:3,exports
FNDA:4,flatten
DA:17,1
DA:18,1
DA:19,1
DA:21,1
DA:22,1
DA:24,1
DA:28,1
DA:29,50
DA:30,50
DA:31,50
DA:33,50
DA:34,1
DA:36,50
DA:37,35
DA:38,50
DA:40,50
DA:41,50
DA:43,2
DA:44,2
DA:45,2
DA:46,2
DA:47,2
DA:48,3
DA:49,50
DA:50,5
DA:52,50
DA:53,50
DA:55,2
DA:56,2
DA:57,2
DA:58,2
DA:59,2
DA:60,3
DA:61,50
DA:63,12
DA:64,6
DA:65,5
DA:67,50
DA:69,50
DA:70,4
DA:71,4
DA:73,12
DA:74,12
DA:75,12
DA:77,4
DA:78,4
DA:80,50
DA:81,3
DA:82,3
DA:83,3
DA:84,4
DA:85,4
DA:86,3
DA:88,1
DA:90,4
DA:91,4
DA:92,4
DA:94,3
DA:95,3
DA:97,50
DA:98,50
DA:100,1
DA:101,152
DA:102,152
DA:104,152
DA:105,152
DA:106,7
DA:107,7
DA:109,1
DA:110,144
DA:112,144
DA:113,3
DA:115,144
DA:116,27
DA:117,18
DA:120,126
DA:121,4
DA:123,122
DA:124,122
DA:125,122
DA:127,4
DA:128,4
DA:129,4
DA:130,4
DA:131,2
DA:132,2
DA:133,122
DA:134,122
DA:136,49
DA:137,49
DA:138,49
DA:139,49
DA:140,2
DA:141,2
DA:142,122
DA:143,122
DA:145,122
DA:146,587
DA:148,580
DA:149,486
DA:150,94
DA:151,14
DA:152,14
DA:153,2
DA:154,2
DA:156,12
DA:159,80
DA:160,80
DA:161,80
DA:162,80
DA:163,80
DA:166,3
DA:168,5
DA:170,72
DA:172,580
DA:173,577
DA:174,570
DA:175,314
DA:177,256
DA:178,570
DA:180,121
DA:182,114
DA:183,14
DA:184,2
DA:185,2
DA:186,6
DA:187,1
DA:188,1
DA:189,2
DA:190,1
DA:192,12
DA:193,2
DA:195,111
DA:196,55
DA:197,217
DA:198,217
DA:199,1215
DA:200,211
DA:201,211
DA:202,217
DA:203,6
DA:204,3
DA:205,2
DA:206,2
DA:207,217
DA:208,4
DA:209,51
DA:211,107
DA:212,107
DA:214,1
DA:215,3
DA:271,1
DA:272,4
DA:273,4
DA:274,4
DA:275,3
DA:276,3
DA:277,1
DA:278,1
DA:279,1
LF:160
LH:160
BRDA:33,1,0,1
BRDA:33,1,1,49
BRDA:36,2,0,35
BRDA:36,2,1,15
BRDA:41,3,0,2
BRDA:41,3,1,48
BRDA:44,4,0,2
BRDA:44,4,1,0
BRDA:46,5,0,2
BRDA:46,5,1,0
BRDA:48,6,0,2
BRDA:48,6,1,1
BRDA:49,7,0,5
BRDA:49,7,1,45
BRDA:53,8,0,2
BRDA:53,8,1,48
BRDA:56,9,0,2
BRDA:56,9,1,0
BRDA:58,10,0,2
BRDA:58,10,1,0
BRDA:60,11,0,2
BRDA:60,11,1,1
BRDA:61,12,0,6
BRDA:61,12,1,44
BRDA:64,13,0,5
BRDA:64,13,1,1
BRDA:69,14,0,46
BRDA:69,14,1,4
BRDA:74,15,0,0
BRDA:74,15,1,12
BRDA:77,16,0,0
BRDA:77,16,1,4
BRDA:80,17,0,47
BRDA:80,17,1,3
BRDA:85,18,0,3
BRDA:85,18,1,1
BRDA:91,19,0,0
BRDA:91,19,1,4
BRDA:94,20,0,0
BRDA:94,20,1,3
BRDA:97,21,0,0
BRDA:97,21,1,50
BRDA:105,22,0,7
BRDA:105,22,1,144
BRDA:112,23,0,3
BRDA:112,23,1,141
BRDA:115,24,0,27
BRDA:115,24,1,117
BRDA:116,25,0,18
BRDA:116,25,1,9
BRDA:120,26,0,4
BRDA:120,26,1,122
BRDA:125,27,0,4
BRDA:125,27,1,118
BRDA:128,28,0,4
BRDA:128,28,1,0
BRDA:130,29,0,2
BRDA:130,29,1,2
BRDA:132,30,0,2
BRDA:132,30,1,0
BRDA:134,31,0,49
BRDA:134,31,1,73
BRDA:137,32,0,49
BRDA:137,32,1,0
BRDA:139,33,0,2
BRDA:139,33,1,47
BRDA:141,34,0,2
BRDA:141,34,1,0
BRDA:146,35,0,7
BRDA:146,35,1,580
BRDA:148,36,0,486
BRDA:148,36,1,94
BRDA:150,37,0,14
BRDA:150,37,1,80
BRDA:152,38,0,2
BRDA:152,38,1,12
BRDA:164,39,0,3
BRDA:164,39,1,5
BRDA:164,39,2,72
BRDA:173,40,0,7
BRDA:173,40,1,570
BRDA:174,41,0,314
BRDA:174,41,1,256
BRDA:180,42,0,7
BRDA:180,42,1,114
BRDA:183,43,0,2
BRDA:183,43,1,12
BRDA:186,44,0,1
BRDA:186,44,1,5
BRDA:189,45,0,1
BRDA:189,45,1,1
BRDA:192,46,0,2
BRDA:192,46,1,10
BRDA:195,47,0,55
BRDA:195,47,1,56
BRDA:199,48,0,211
BRDA:199,48,1,1004
BRDA:202,49,0,6
BRDA:202,49,1,211
BRDA:204,50,0,2
BRDA:204,50,1,1
BRDA:207,51,0,4
BRDA:207,51,1,213
BRDA:209,52,0,0
BRDA:209,52,1,51
BRDA:274,53,0,1
BRDA:274,53,1,3
BRDA:276,54,0,2
BRDA:276,54,1,1
BRF:109
BRH:95
end_of_record
TN:
SF:/home/alex/github/node-validator/src/type/or.coffee
FN:17,exports
FN:20,(anonymous_1)
FN:22,(anonymous_2)
FN:25,(anonymous_3)
FN:31,exports
FN:44,(anonymous_4)
FN:46,(anonymous_5)
FN:53,(anonymous_6)
FN:58,(anonymous_7)
FN:60,exports
FNF:10
FNH:10
FNDA:40,exports
FNDA:84,(anonymous_1)
FNDA:84,(anonymous_2)
FNDA:40,(anonymous_3)
FNDA:185,exports
FNDA:371,(anonymous_4)
FNDA:371,(anonymous_5)
FNDA:161,(anonymous_6)
FNDA:66,(anonymous_7)
FNDA:2,exports
DA:6,1
DA:7,1
DA:8,1
DA:10,1
DA:11,1
DA:13,1
DA:17,1
DA:18,40
DA:19,40
DA:20,40
DA:22,84
DA:23,84
DA:24,84
DA:26,40
DA:27,40
DA:28,40
DA:29,40
DA:31,1
DA:32,185
DA:33,185
DA:35,185
DA:36,185
DA:37,23
DA:38,23
DA:40,1
DA:42,161
DA:43,161
DA:44,161
DA:45,371
DA:46,371
DA:47,371
DA:48,371
DA:49,234
DA:50,234
DA:51,137
DA:52,137
DA:54,161
DA:55,247
DA:57,31
DA:58,66
DA:60,1
DA:61,2
LF:42
LH:42
BRDA:23,1,0,0
BRDA:23,1,1,84
BRDA:26,2,0,0
BRDA:26,2,1,40
BRDA:36,3,0,23
BRDA:36,3,1,161
BRDA:47,4,0,234
BRDA:47,4,1,137
BRDA:48,5,0,234
BRDA:48,5,1,137
BRDA:55,6,0,130
BRDA:55,6,1,117
BRF:12
BRH:10
end_of_record
TN:
SF:/home/alex/github/node-validator/src/type/percent.coffee
FN:28,optimize
FN:52,exports
FN:71,(anonymous_1)
FN:75,exports
FN:94,(anonymous_2)
FN:111,(anonymous_3)
FN:116,exports
FNF:7
FNH:7
FNDA:44,optimize
FNDA:4,exports
FNDA:4,(anonymous_1)
FNDA:40,exports
FNDA:37,(anonymous_2)
FNDA:32,(anonymous_3)
FNDA:2,exports
DA:18,1
DA:19,1
DA:20,1
DA:22,1
DA:24,1
DA:28,1
DA:29,44
DA:30,3
DA:31,44
DA:32,3
DA:33,44
DA:35,1
DA:52,1
DA:53,4
DA:55,4
DA:57,4
DA:58,4
DA:60,4
DA:61,4
DA:62,1
DA:63,4
DA:73,4
DA:75,1
DA:76,40
DA:77,40
DA:78,40
DA:80,40
DA:81,40
DA:82,2
DA:83,2
DA:85,1
DA:87,37
DA:88,37
DA:89,1
DA:90,37
DA:95,37
DA:97,32
DA:98,5
DA:100,27
DA:102,32
DA:112,32
DA:113,29
DA:114,29
DA:116,1
DA:117,2
LF:45
LH:45
BRDA:29,1,0,3
BRDA:29,1,1,41
BRDA:31,2,0,3
BRDA:31,2,1,41
BRDA:61,3,0,1
BRDA:61,3,1,3
BRDA:81,4,0,2
BRDA:81,4,1,37
BRDA:88,5,0,1
BRDA:88,5,1,36
BRDA:95,6,0,5
BRDA:95,6,1,32
BRDA:97,7,0,5
BRDA:97,7,1,27
BRDA:112,8,0,3
BRDA:112,8,1,29
BRF:16
BRH:16
end_of_record
TN:
SF:/home/alex/github/node-validator/src/type/port.coffee
FN:377,exports
FN:401,exports
FN:419,(anonymous_1)
FN:425,(anonymous_2)
FN:440,(anonymous_3)
FN:454,exports
FNF:6
FNH:6
FNDA:9,exports
FNDA:28,exports
FNDA:25,(anonymous_1)
FNDA:12,(anonymous_2)
FNDA:11,(anonymous_3)
FNDA:2,exports
DA:11,1
DA:12,1
DA:13,1
DA:15,1
DA:17,1
DA:24,1
DA:377,1
DA:379,9
DA:380,9
DA:381,9
DA:382,9
DA:383,5
DA:384,5
DA:385,3
DA:386,4
DA:387,2
DA:388,9
DA:390,1
DA:401,1
DA:402,28
DA:403,28
DA:405,28
DA:406,28
DA:407,2
DA:408,2
DA:410,1
DA:412,25
DA:413,25
DA:414,0
DA:415,25
DA:420,25
DA:422,19
DA:424,19
DA:425,12
DA:426,11
DA:427,3
DA:428,2
DA:429,2
DA:430,1
DA:431,1
DA:432,8
DA:433,2
DA:434,2
DA:436,5
DA:437,2
DA:439,14
DA:440,11
DA:441,10
DA:442,6
DA:443,3
DA:444,3
DA:445,3
DA:446,3
DA:447,4
DA:448,1
DA:451,10
DA:452,10
DA:454,1
DA:455,2
LF:59
LH:58
BRDA:382,1,0,5
BRDA:382,1,1,4
BRDA:384,2,0,3
BRDA:384,2,1,2
BRDA:386,3,0,2
BRDA:386,3,1,2
BRDA:406,4,0,2
BRDA:406,4,1,25
BRDA:413,5,0,0
BRDA:413,5,1,25
BRDA:420,6,0,6
BRDA:420,6,1,19
BRDA:422,7,0,2
BRDA:422,7,1,17
BRDA:424,8,0,8
BRDA:424,8,1,11
BRDA:426,9,0,3
BRDA:426,9,1,8
BRDA:427,10,0,1
BRDA:427,10,1,2
BRDA:432,11,0,2
BRDA:432,11,1,6
BRDA:436,12,0,2
BRDA:436,12,1,3
BRDA:439,13,0,7
BRDA:439,13,1,7
BRDA:441,14,0,6
BRDA:441,14,1,4
BRDA:442,15,0,3
BRDA:442,15,1,3
BRDA:447,16,0,1
BRDA:447,16,1,3
BRF:32
BRH:31
end_of_record
TN:
SF:/home/alex/github/node-validator/src/type/regexp.coffee
FN:31,exports
FN:42,(anonymous_1)
FN:46,exports
FN:65,(anonymous_2)
FN:81,exports
FNF:5
FNH:5
FNDA:6,exports
FNDA:6,(anonymous_1)
FNDA:67,exports
FNDA:19,(anonymous_2)
FNDA:1,exports
DA:11,1
DA:12,1
DA:13,1
DA:15,1
DA:17,1
DA:19,1
DA:31,1
DA:32,6
DA:33,6
DA:34,6
DA:36,6
DA:37,6
DA:38,3
DA:39,6
DA:44,6
DA:46,1
DA:47,67
DA:48,67
DA:50,67
DA:51,67
DA:52,47
DA:53,47
DA:55,1
DA:56,19
DA:58,19
DA:59,19
DA:60,5
DA:61,19
DA:66,19
DA:68,10
DA:69,5
DA:70,5
DA:72,5
DA:73,5
DA:74,5
DA:76,1
DA:78,4
DA:79,4
DA:81,1
DA:82,1
LF:40
LH:40
BRDA:37,1,0,3
BRDA:37,1,1,3
BRDA:51,2,0,47
BRDA:51,2,1,19
BRDA:59,3,0,5
BRDA:59,3,1,14
BRDA:66,4,0,9
BRDA:66,4,1,10
BRDA:68,5,0,5
BRDA:68,5,1,5
BRF:10
BRH:10
end_of_record
TN:
SF:/home/alex/github/node-validator/src/type/string.coffee
FN:42,exports
FN:115,exports
FN:217,exports
FNF:3
FNH:3
FNDA:235,exports
FNDA:534,exports
FNDA:2,exports
DA:32,1
DA:33,1
DA:34,1
DA:36,1
DA:38,1
DA:42,1
DA:43,235
DA:44,235
DA:45,235
DA:46,235
DA:47,2
DA:49,235
DA:50,235
DA:51,235
DA:52,235
DA:54,235
DA:55,10
DA:56,235
DA:57,1
DA:58,235
DA:59,1
DA:60,235
DA:61,1
DA:63,235
DA:64,2
DA:65,2
DA:66,1
DA:67,2
DA:68,1
DA:70,1
DA:71,1
DA:73,235
DA:74,1
DA:75,235
DA:76,1
DA:78,235
DA:79,1
DA:81,234
DA:82,6
DA:83,228
DA:84,1
DA:86,235
DA:87,38
DA:88,0
DA:89,38
DA:90,0
DA:91,38
DA:93,235
DA:94,3
DA:95,235
DA:96,3
DA:97,235
DA:98,160
DA:99,160
DA:100,3
DA:101,6
DA:102,3
DA:104,157
DA:105,235
DA:106,4
DA:107,4
DA:108,1
DA:109,2
DA:110,1
DA:112,3
DA:113,235
DA:115,1
DA:116,534
DA:117,534
DA:119,534
DA:120,534
DA:121,63
DA:122,63
DA:124,3
DA:125,468
DA:127,468
DA:128,17
DA:129,468
DA:130,135
DA:132,333
DA:133,332
DA:134,333
DA:135,1
DA:137,333
DA:138,26
DA:139,333
DA:140,1
DA:141,333
DA:142,1
DA:143,333
DA:144,1
DA:146,333
DA:147,22
DA:148,5
DA:149,10
DA:151,17
DA:152,17
DA:154,333
DA:155,4
DA:156,333
DA:157,2
DA:159,333
DA:160,2
DA:161,2
DA:162,331
DA:163,1
DA:164,1
DA:166,330
DA:167,24
DA:168,0
DA:169,24
DA:170,3
DA:171,24
DA:172,3
DA:173,3
DA:174,327
DA:175,2
DA:176,2
DA:177,325
DA:178,2
DA:179,2
DA:181,323
DA:182,89
DA:183,4
DA:184,4
DA:185,8
DA:186,8
DA:187,4
DA:188,3
DA:189,3
DA:190,85
DA:191,83
DA:192,31
DA:193,31
DA:194,2
DA:195,1
DA:196,1
DA:197,288
DA:198,6
DA:199,2
DA:200,2
DA:201,4
DA:202,4
DA:203,2
DA:204,1
DA:205,1
DA:206,4
DA:207,2
DA:208,1
DA:209,1
DA:210,2
DA:211,1
DA:212,1
DA:214,285
DA:215,285
DA:217,1
DA:218,2
LF:157
LH:154
BRDA:46,1,0,2
BRDA:46,1,1,233
BRDA:50,2,0,234
BRDA:50,2,1,1
BRDA:51,3,0,1
BRDA:51,3,1,234
BRDA:52,4,0,235
BRDA:52,4,1,0
BRDA:54,5,0,10
BRDA:54,5,1,225
BRDA:56,6,0,1
BRDA:56,6,1,234
BRDA:58,7,0,1
BRDA:58,7,1,234
BRDA:60,8,0,1
BRDA:60,8,1,234
BRDA:63,9,0,2
BRDA:63,9,1,233
BRDA:65,10,0,1
BRDA:65,10,1,1
BRDA:73,11,0,1
BRDA:73,11,1,234
BRDA:75,12,0,1
BRDA:75,12,1,234
BRDA:78,13,0,1
BRDA:78,13,1,234
BRDA:81,14,0,6
BRDA:81,14,1,228
BRDA:83,15,0,1
BRDA:83,15,1,227
BRDA:86,16,0,38
BRDA:86,16,1,197
BRDA:87,17,0,0
BRDA:87,17,1,38
BRDA:89,18,0,0
BRDA:89,18,1,38
BRDA:93,19,0,3
BRDA:93,19,1,232
BRDA:95,20,0,3
BRDA:95,20,1,232
BRDA:97,21,0,160
BRDA:97,21,1,75
BRDA:99,22,0,3
BRDA:99,22,1,157
BRDA:105,23,0,4
BRDA:105,23,1,231
BRDA:107,24,0,1
BRDA:107,24,1,3
BRDA:120,25,0,63
BRDA:120,25,1,468
BRDA:127,26,0,17
BRDA:127,26,1,451
BRDA:129,27,0,135
BRDA:129,27,1,333
BRDA:132,28,0,332
BRDA:132,28,1,1
BRDA:134,29,0,1
BRDA:134,29,1,332
BRDA:137,30,0,26
BRDA:137,30,1,307
BRDA:139,31,0,1
BRDA:139,31,1,332
BRDA:141,32,0,1
BRDA:141,32,1,332
BRDA:143,33,0,1
BRDA:143,33,1,332
BRDA:146,34,0,22
BRDA:146,34,1,311
BRDA:147,35,0,5
BRDA:147,35,1,17
BRDA:154,36,0,4
BRDA:154,36,1,329
BRDA:156,37,0,2
BRDA:156,37,1,331
BRDA:159,38,0,2
BRDA:159,38,1,331
BRDA:162,39,0,1
BRDA:162,39,1,330
BRDA:166,40,0,24
BRDA:166,40,1,306
BRDA:167,41,0,0
BRDA:167,41,1,24
BRDA:169,42,0,3
BRDA:169,42,1,21
BRDA:171,43,0,3
BRDA:171,43,1,21
BRDA:174,44,0,2
BRDA:174,44,1,325
BRDA:177,45,0,2
BRDA:177,45,1,323
BRDA:181,46,0,89
BRDA:181,46,1,234
BRDA:182,47,0,4
BRDA:182,47,1,85
BRDA:185,48,0,4
BRDA:185,48,1,4
BRDA:187,49,0,3
BRDA:187,49,1,1
BRDA:190,50,0,83
BRDA:190,50,1,2
BRDA:191,51,0,31
BRDA:191,51,1,52
BRDA:194,52,0,1
BRDA:194,52,1,1
BRDA:197,53,0,6
BRDA:197,53,1,282
BRDA:198,54,0,2
BRDA:198,54,1,4
BRDA:201,55,0,2
BRDA:201,55,1,2
BRDA:203,56,0,1
BRDA:203,56,1,1
BRDA:206,57,0,2
BRDA:206,57,1,2
BRDA:207,58,0,1
BRDA:207,58,1,1
BRDA:210,59,0,1
BRDA:210,59,1,1
BRF:118
BRH:114
end_of_record
TN:
SF:/home/alex/github/node-validator/src/type/url.coffee
FN:28,exports
FN:46,exports
FN:102,exports
FNF:3
FNH:3
FNDA:11,exports
FNDA:24,exports
FNDA:2,exports
DA:16,1
DA:17,1
DA:18,1
DA:19,1
DA:21,1
DA:23,1
DA:28,1
DA:29,11
DA:30,11
DA:31,11
DA:32,11
DA:33,1
DA:34,11
DA:35,1
DA:36,11
DA:37,2
DA:38,11
DA:39,2
DA:40,11
DA:41,2
DA:42,11
DA:43,10
DA:44,11
DA:46,1
DA:47,24
DA:48,24
DA:50,24
DA:51,24
DA:52,4
DA:53,4
DA:55,1
DA:57,19
DA:58,19
DA:59,3
DA:60,16
DA:61,1
DA:62,16
DA:63,16
DA:64,1
DA:65,1
DA:67,16
DA:68,13
DA:69,13
DA:70,2
DA:71,2
DA:72,2
DA:73,2
DA:74,2
DA:76,0
DA:77,2
DA:78,1
DA:79,1
DA:80,12
DA:81,2
DA:82,2
DA:83,2
DA:84,2
DA:85,2
DA:87,0
DA:88,2
DA:89,1
DA:90,1
DA:92,14
DA:93,2
DA:94,0
DA:95,2
DA:96,1
DA:97,13
DA:98,2
DA:99,11
DA:100,11
DA:102,1
DA:103,2
LF:73
LH:70
BRDA:32,1,0,1
BRDA:32,1,1,10
BRDA:34,2,0,1
BRDA:34,2,1,10
BRDA:36,3,0,2
BRDA:36,3,1,9
BRDA:38,4,0,2
BRDA:38,4,1,9
BRDA:40,5,0,2
BRDA:40,5,1,9
BRDA:42,6,0,10
BRDA:42,6,1,1
BRDA:51,7,0,4
BRDA:51,7,1,19
BRDA:58,8,0,3
BRDA:58,8,1,16
BRDA:60,9,0,1
BRDA:60,9,1,15
BRDA:63,10,0,1
BRDA:63,10,1,15
BRDA:67,11,0,13
BRDA:67,11,1,3
BRDA:69,12,0,2
BRDA:69,12,1,11
BRDA:71,13,0,2
BRDA:71,13,1,0
BRDA:73,14,0,2
BRDA:73,14,1,0
BRDA:77,15,0,1
BRDA:77,15,1,1
BRDA:80,16,0,2
BRDA:80,16,1,10
BRDA:82,17,0,2
BRDA:82,17,1,0
BRDA:84,18,0,2
BRDA:84,18,1,0
BRDA:88,19,0,1
BRDA:88,19,1,1
BRDA:92,20,0,2
BRDA:92,20,1,12
BRDA:93,21,0,0
BRDA:93,21,1,2
BRDA:95,22,0,1
BRDA:95,22,1,1
BRDA:97,23,0,2
BRDA:97,23,1,11
BRF:46
BRH:41
end_of_record
